[0.062s] DEBUG:colcon:Command line arguments: ['/usr/bin/colcon', 'build']
[0.062s] DEBUG:colcon:Parsed command line arguments: Namespace(log_base=None, log_level=None, verb_name='build', build_base='build', install_base='install', merge_install=False, symlink_install=False, test_result_base=None, continue_on_error=False, executor='parallel', parallel_workers=8, event_handlers=None, ignore_user_meta=False, metas=['./colcon.meta'], base_paths=['.'], packages_ignore=None, packages_ignore_regex=None, paths=None, packages_up_to=None, packages_up_to_regex=None, packages_above=None, packages_above_and_dependencies=None, packages_above_depth=None, packages_select_by_dep=None, packages_skip_by_dep=None, packages_skip_up_to=None, packages_select_build_failed=False, packages_skip_build_finished=False, packages_select_test_failures=False, packages_skip_test_passed=False, packages_select=None, packages_skip=None, packages_select_regex=None, packages_skip_regex=None, packages_start=None, packages_end=None, allow_overriding=[], cmake_args=None, cmake_target=None, cmake_target_skip_unavailable=False, cmake_clean_cache=False, cmake_clean_first=False, cmake_force_configure=False, ament_cmake_args=None, catkin_cmake_args=None, catkin_skip_building_tests=False, mixin_files=None, mixin=None, verb_parser=<colcon_mixin.mixin.mixin_argument.MixinArgumentDecorator object at 0x742dbdfeedd0>, verb_extension=<colcon_core.verb.build.BuildVerb object at 0x742dbe13fb20>, main=<bound method BuildVerb.main of <colcon_core.verb.build.BuildVerb object at 0x742dbe13fb20>>, mixin_verb=('build',))
[0.170s] Level 1:colcon.colcon_core.package_discovery:discover_packages(colcon_meta) check parameters
[0.170s] Level 1:colcon.colcon_core.package_discovery:discover_packages(recursive) check parameters
[0.170s] Level 1:colcon.colcon_core.package_discovery:discover_packages(ignore) check parameters
[0.170s] Level 1:colcon.colcon_core.package_discovery:discover_packages(path) check parameters
[0.170s] Level 1:colcon.colcon_core.package_discovery:discover_packages(colcon_meta) discover
[0.170s] Level 1:colcon.colcon_core.package_discovery:discover_packages(recursive) discover
[0.170s] INFO:colcon.colcon_core.package_discovery:Crawling recursively for packages in '/home/sami/Documents/ros2_assignment6'
[0.170s] Level 1:colcon.colcon_core.package_identification:_identify(.) by extensions ['ignore', 'ignore_ament_install']
[0.170s] Level 1:colcon.colcon_core.package_identification:_identify(.) by extension 'ignore'
[0.170s] Level 1:colcon.colcon_core.package_identification:_identify(.) by extension 'ignore_ament_install'
[0.170s] Level 1:colcon.colcon_core.package_identification:_identify(.) by extensions ['colcon_pkg']
[0.170s] Level 1:colcon.colcon_core.package_identification:_identify(.) by extension 'colcon_pkg'
[0.170s] Level 1:colcon.colcon_core.package_identification:_identify(.) by extensions ['colcon_meta']
[0.170s] Level 1:colcon.colcon_core.package_identification:_identify(.) by extension 'colcon_meta'
[0.170s] Level 1:colcon.colcon_core.package_identification:_identify(.) by extensions ['ros']
[0.170s] Level 1:colcon.colcon_core.package_identification:_identify(.) by extension 'ros'
[0.181s] Level 1:colcon.colcon_core.package_identification:_identify(.) by extensions ['cmake', 'python']
[0.181s] Level 1:colcon.colcon_core.package_identification:_identify(.) by extension 'cmake'
[0.181s] Level 1:colcon.colcon_core.package_identification:_identify(.) by extension 'python'
[0.181s] Level 1:colcon.colcon_core.package_identification:_identify(.) by extensions ['python_setup_py']
[0.181s] Level 1:colcon.colcon_core.package_identification:_identify(.) by extension 'python_setup_py'
[0.181s] Level 1:colcon.colcon_core.package_identification:_identify(build) by extensions ['ignore', 'ignore_ament_install']
[0.181s] Level 1:colcon.colcon_core.package_identification:_identify(build) by extension 'ignore'
[0.181s] Level 1:colcon.colcon_core.package_identification:_identify(build) ignored
[0.181s] Level 1:colcon.colcon_core.package_identification:_identify(install) by extensions ['ignore', 'ignore_ament_install']
[0.181s] Level 1:colcon.colcon_core.package_identification:_identify(install) by extension 'ignore'
[0.181s] Level 1:colcon.colcon_core.package_identification:_identify(install) ignored
[0.182s] Level 1:colcon.colcon_core.package_identification:_identify(log) by extensions ['ignore', 'ignore_ament_install']
[0.182s] Level 1:colcon.colcon_core.package_identification:_identify(log) by extension 'ignore'
[0.182s] Level 1:colcon.colcon_core.package_identification:_identify(log) ignored
[0.182s] Level 1:colcon.colcon_core.package_identification:_identify(src) by extensions ['ignore', 'ignore_ament_install']
[0.182s] Level 1:colcon.colcon_core.package_identification:_identify(src) by extension 'ignore'
[0.182s] Level 1:colcon.colcon_core.package_identification:_identify(src) by extension 'ignore_ament_install'
[0.182s] Level 1:colcon.colcon_core.package_identification:_identify(src) by extensions ['colcon_pkg']
[0.182s] Level 1:colcon.colcon_core.package_identification:_identify(src) by extension 'colcon_pkg'
[0.182s] Level 1:colcon.colcon_core.package_identification:_identify(src) by extensions ['colcon_meta']
[0.182s] Level 1:colcon.colcon_core.package_identification:_identify(src) by extension 'colcon_meta'
[0.182s] Level 1:colcon.colcon_core.package_identification:_identify(src) by extensions ['ros']
[0.182s] Level 1:colcon.colcon_core.package_identification:_identify(src) by extension 'ros'
[0.184s] DEBUG:colcon.colcon_core.package_identification:Package 'src' with type 'ros.ament_cmake' and name 'custom_interfaces'
[0.184s] Level 1:colcon.colcon_core.package_discovery:discover_packages(recursive) using defaults
[0.184s] Level 1:colcon.colcon_core.package_discovery:discover_packages(ignore) discover
[0.184s] Level 1:colcon.colcon_core.package_discovery:discover_packages(ignore) using defaults
[0.184s] Level 1:colcon.colcon_core.package_discovery:discover_packages(path) discover
[0.184s] Level 1:colcon.colcon_core.package_discovery:discover_packages(path) using defaults
[0.196s] Level 1:colcon.colcon_core.package_discovery:discover_packages(prefix_path) check parameters
[0.196s] Level 1:colcon.colcon_core.package_discovery:discover_packages(prefix_path) discover
[0.197s] WARNING:colcon.colcon_ros.prefix_path.ament:The path '/home/sami/Documents/ros2_assignment6/install/custom_interfaces' in the environment variable AMENT_PREFIX_PATH doesn't exist
[0.197s] WARNING:colcon.colcon_ros.prefix_path.ament:The path '/home/sami/Documents/ros2_assignment6/install/action_service' in the environment variable AMENT_PREFIX_PATH doesn't exist
[0.197s] WARNING:colcon.colcon_ros.prefix_path.catkin:The path '/home/sami/Documents/ros2_assignment6/install/custom_interfaces' in the environment variable CMAKE_PREFIX_PATH doesn't exist
[0.197s] DEBUG:colcon.colcon_installed_package_information.package_discovery:Found 0 installed packages in /home/sami/Documents/ros2_assignment6/install
[0.197s] DEBUG:colcon.colcon_installed_package_information.package_discovery:Found 1 installed packages in /home/sami/ros2_ws/install
[0.198s] DEBUG:colcon.colcon_installed_package_information.package_discovery:Found 270 installed packages in /opt/ros/humble
[0.199s] Level 1:colcon.colcon_core.package_discovery:discover_packages(prefix_path) using defaults
[0.228s] Level 5:colcon.colcon_core.verb:set package 'custom_interfaces' build argument 'cmake_args' from command line to 'None'
[0.228s] Level 5:colcon.colcon_core.verb:set package 'custom_interfaces' build argument 'cmake_target' from command line to 'None'
[0.228s] Level 5:colcon.colcon_core.verb:set package 'custom_interfaces' build argument 'cmake_target_skip_unavailable' from command line to 'False'
[0.228s] Level 5:colcon.colcon_core.verb:set package 'custom_interfaces' build argument 'cmake_clean_cache' from command line to 'False'
[0.228s] Level 5:colcon.colcon_core.verb:set package 'custom_interfaces' build argument 'cmake_clean_first' from command line to 'False'
[0.228s] Level 5:colcon.colcon_core.verb:set package 'custom_interfaces' build argument 'cmake_force_configure' from command line to 'False'
[0.228s] Level 5:colcon.colcon_core.verb:set package 'custom_interfaces' build argument 'ament_cmake_args' from command line to 'None'
[0.228s] Level 5:colcon.colcon_core.verb:set package 'custom_interfaces' build argument 'catkin_cmake_args' from command line to 'None'
[0.228s] Level 5:colcon.colcon_core.verb:set package 'custom_interfaces' build argument 'catkin_skip_building_tests' from command line to 'False'
[0.228s] DEBUG:colcon.colcon_core.verb:Building package 'custom_interfaces' with the following arguments: {'ament_cmake_args': None, 'build_base': '/home/sami/Documents/ros2_assignment6/build/custom_interfaces', 'catkin_cmake_args': None, 'catkin_skip_building_tests': False, 'cmake_args': None, 'cmake_clean_cache': False, 'cmake_clean_first': False, 'cmake_force_configure': False, 'cmake_target': None, 'cmake_target_skip_unavailable': False, 'install_base': '/home/sami/Documents/ros2_assignment6/install/custom_interfaces', 'merge_install': False, 'path': '/home/sami/Documents/ros2_assignment6/src', 'symlink_install': False, 'test_result_base': None}
[0.229s] INFO:colcon.colcon_core.executor:Executing jobs using 'parallel' executor
[0.229s] DEBUG:colcon.colcon_parallel_executor.executor.parallel:run_until_complete
[0.229s] INFO:colcon.colcon_ros.task.ament_cmake.build:Building ROS package in '/home/sami/Documents/ros2_assignment6/src' with build type 'ament_cmake'
[0.229s] INFO:colcon.colcon_cmake.task.cmake.build:Building CMake package in '/home/sami/Documents/ros2_assignment6/src'
[0.231s] INFO:colcon.colcon_core.plugin_system:Skipping extension 'colcon_core.shell.bat': Not used on non-Windows systems
[0.231s] INFO:colcon.colcon_core.shell:Skip shell extension 'powershell' for command environment: Not usable outside of PowerShell
[0.231s] DEBUG:colcon.colcon_core.shell:Skip shell extension 'dsv' for command environment
[0.236s] DEBUG:colcon.colcon_core.event_handler.log_command:Invoking command in '/home/sami/Documents/ros2_assignment6/build/custom_interfaces': CMAKE_PREFIX_PATH=${CMAKE_PREFIX_PATH}:/home/sami/Documents/ros2_assignment6/install/action_service:/home/sami/ros2_ws/install/my_robot_controller:/opt/ros/humble /usr/bin/cmake /home/sami/Documents/ros2_assignment6/src -DCMAKE_INSTALL_PREFIX=/home/sami/Documents/ros2_assignment6/install/custom_interfaces
[1.258s] DEBUG:colcon.colcon_core.event_handler.log_command:Invoked command in '/home/sami/Documents/ros2_assignment6/build/custom_interfaces' returned '0': CMAKE_PREFIX_PATH=${CMAKE_PREFIX_PATH}:/home/sami/Documents/ros2_assignment6/install/action_service:/home/sami/ros2_ws/install/my_robot_controller:/opt/ros/humble /usr/bin/cmake /home/sami/Documents/ros2_assignment6/src -DCMAKE_INSTALL_PREFIX=/home/sami/Documents/ros2_assignment6/install/custom_interfaces
[1.260s] DEBUG:colcon.colcon_core.event_handler.log_command:Invoking command in '/home/sami/Documents/ros2_assignment6/build/custom_interfaces': CMAKE_PREFIX_PATH=${CMAKE_PREFIX_PATH}:/home/sami/Documents/ros2_assignment6/install/action_service:/home/sami/ros2_ws/install/my_robot_controller:/opt/ros/humble /usr/bin/cmake --build /home/sami/Documents/ros2_assignment6/build/custom_interfaces -- -j8 -l8
[3.779s] DEBUG:colcon.colcon_core.event_handler.log_command:Invoked command in '/home/sami/Documents/ros2_assignment6/build/custom_interfaces' returned '0': CMAKE_PREFIX_PATH=${CMAKE_PREFIX_PATH}:/home/sami/Documents/ros2_assignment6/install/action_service:/home/sami/ros2_ws/install/my_robot_controller:/opt/ros/humble /usr/bin/cmake --build /home/sami/Documents/ros2_assignment6/build/custom_interfaces -- -j8 -l8
[3.834s] DEBUG:colcon.colcon_core.event_handler.log_command:Invoking command in '/home/sami/Documents/ros2_assignment6/build/custom_interfaces': CMAKE_PREFIX_PATH=${CMAKE_PREFIX_PATH}:/home/sami/Documents/ros2_assignment6/install/action_service:/home/sami/ros2_ws/install/my_robot_controller:/opt/ros/humble /usr/bin/cmake --install /home/sami/Documents/ros2_assignment6/build/custom_interfaces
[3.884s] Level 1:colcon.colcon_core.environment:create_environment_scripts_only(custom_interfaces)
[3.884s] DEBUG:colcon.colcon_core.event_handler.log_command:Invoked command in '/home/sami/Documents/ros2_assignment6/build/custom_interfaces' returned '0': CMAKE_PREFIX_PATH=${CMAKE_PREFIX_PATH}:/home/sami/Documents/ros2_assignment6/install/action_service:/home/sami/ros2_ws/install/my_robot_controller:/opt/ros/humble /usr/bin/cmake --install /home/sami/Documents/ros2_assignment6/build/custom_interfaces
[3.886s] Level 1:colcon.colcon_core.environment:checking '/home/sami/Documents/ros2_assignment6/install/custom_interfaces' for CMake module files
[3.887s] Level 1:colcon.colcon_core.environment:checking '/home/sami/Documents/ros2_assignment6/install/custom_interfaces' for CMake config files
[3.887s] Level 1:colcon.colcon_core.shell:create_environment_hook('custom_interfaces', 'cmake_prefix_path')
[3.888s] INFO:colcon.colcon_core.shell:Creating environment hook '/home/sami/Documents/ros2_assignment6/install/custom_interfaces/share/custom_interfaces/hook/cmake_prefix_path.ps1'
[3.888s] INFO:colcon.colcon_core.shell:Creating environment descriptor '/home/sami/Documents/ros2_assignment6/install/custom_interfaces/share/custom_interfaces/hook/cmake_prefix_path.dsv'
[3.889s] INFO:colcon.colcon_core.shell:Creating environment hook '/home/sami/Documents/ros2_assignment6/install/custom_interfaces/share/custom_interfaces/hook/cmake_prefix_path.sh'
[3.890s] Level 1:colcon.colcon_core.environment:checking '/home/sami/Documents/ros2_assignment6/install/custom_interfaces/lib'
[3.890s] Level 1:colcon.colcon_core.shell:create_environment_hook('custom_interfaces', 'ld_library_path_lib')
[3.890s] INFO:colcon.colcon_core.shell:Creating environment hook '/home/sami/Documents/ros2_assignment6/install/custom_interfaces/share/custom_interfaces/hook/ld_library_path_lib.ps1'
[3.890s] INFO:colcon.colcon_core.shell:Creating environment descriptor '/home/sami/Documents/ros2_assignment6/install/custom_interfaces/share/custom_interfaces/hook/ld_library_path_lib.dsv'
[3.891s] INFO:colcon.colcon_core.shell:Creating environment hook '/home/sami/Documents/ros2_assignment6/install/custom_interfaces/share/custom_interfaces/hook/ld_library_path_lib.sh'
[3.891s] Level 1:colcon.colcon_core.environment:checking '/home/sami/Documents/ros2_assignment6/install/custom_interfaces/bin'
[3.891s] Level 1:colcon.colcon_core.environment:checking '/home/sami/Documents/ros2_assignment6/install/custom_interfaces/lib/pkgconfig/custom_interfaces.pc'
[3.891s] Level 1:colcon.colcon_core.environment:checking '/home/sami/Documents/ros2_assignment6/install/custom_interfaces/lib/python3.10/site-packages'
[3.891s] Level 1:colcon.colcon_core.environment:checking '/home/sami/Documents/ros2_assignment6/install/custom_interfaces/bin'
[3.892s] INFO:colcon.colcon_core.shell:Creating package script '/home/sami/Documents/ros2_assignment6/install/custom_interfaces/share/custom_interfaces/package.ps1'
[3.893s] INFO:colcon.colcon_core.shell:Creating package descriptor '/home/sami/Documents/ros2_assignment6/install/custom_interfaces/share/custom_interfaces/package.dsv'
[3.893s] INFO:colcon.colcon_core.shell:Creating package script '/home/sami/Documents/ros2_assignment6/install/custom_interfaces/share/custom_interfaces/package.sh'
[3.894s] INFO:colcon.colcon_core.shell:Creating package script '/home/sami/Documents/ros2_assignment6/install/custom_interfaces/share/custom_interfaces/package.bash'
[3.895s] INFO:colcon.colcon_core.shell:Creating package script '/home/sami/Documents/ros2_assignment6/install/custom_interfaces/share/custom_interfaces/package.zsh'
[3.895s] Level 1:colcon.colcon_core.environment:create_file_with_runtime_dependencies(/home/sami/Documents/ros2_assignment6/install/custom_interfaces/share/colcon-core/packages/custom_interfaces)
[3.940s] Level 1:colcon.colcon_core.environment:create_environment_scripts_only(custom_interfaces)
[3.941s] Level 1:colcon.colcon_core.environment:checking '/home/sami/Documents/ros2_assignment6/install/custom_interfaces' for CMake module files
[3.941s] Level 1:colcon.colcon_core.environment:checking '/home/sami/Documents/ros2_assignment6/install/custom_interfaces' for CMake config files
[3.941s] Level 1:colcon.colcon_core.shell:create_environment_hook('custom_interfaces', 'cmake_prefix_path')
[3.942s] INFO:colcon.colcon_core.shell:Creating environment hook '/home/sami/Documents/ros2_assignment6/install/custom_interfaces/share/custom_interfaces/hook/cmake_prefix_path.ps1'
[3.942s] INFO:colcon.colcon_core.shell:Creating environment descriptor '/home/sami/Documents/ros2_assignment6/install/custom_interfaces/share/custom_interfaces/hook/cmake_prefix_path.dsv'
[3.942s] INFO:colcon.colcon_core.shell:Creating environment hook '/home/sami/Documents/ros2_assignment6/install/custom_interfaces/share/custom_interfaces/hook/cmake_prefix_path.sh'
[3.942s] Level 1:colcon.colcon_core.environment:checking '/home/sami/Documents/ros2_assignment6/install/custom_interfaces/lib'
[3.942s] Level 1:colcon.colcon_core.shell:create_environment_hook('custom_interfaces', 'ld_library_path_lib')
[3.943s] INFO:colcon.colcon_core.shell:Creating environment hook '/home/sami/Documents/ros2_assignment6/install/custom_interfaces/share/custom_interfaces/hook/ld_library_path_lib.ps1'
[3.943s] INFO:colcon.colcon_core.shell:Creating environment descriptor '/home/sami/Documents/ros2_assignment6/install/custom_interfaces/share/custom_interfaces/hook/ld_library_path_lib.dsv'
[3.943s] INFO:colcon.colcon_core.shell:Creating environment hook '/home/sami/Documents/ros2_assignment6/install/custom_interfaces/share/custom_interfaces/hook/ld_library_path_lib.sh'
[3.943s] Level 1:colcon.colcon_core.environment:checking '/home/sami/Documents/ros2_assignment6/install/custom_interfaces/bin'
[3.943s] Level 1:colcon.colcon_core.environment:checking '/home/sami/Documents/ros2_assignment6/install/custom_interfaces/lib/pkgconfig/custom_interfaces.pc'
[3.943s] Level 1:colcon.colcon_core.environment:checking '/home/sami/Documents/ros2_assignment6/install/custom_interfaces/lib/python3.10/site-packages'
[3.944s] Level 1:colcon.colcon_core.environment:checking '/home/sami/Documents/ros2_assignment6/install/custom_interfaces/bin'
[3.944s] INFO:colcon.colcon_core.shell:Creating package script '/home/sami/Documents/ros2_assignment6/install/custom_interfaces/share/custom_interfaces/package.ps1'
[3.944s] INFO:colcon.colcon_core.shell:Creating package descriptor '/home/sami/Documents/ros2_assignment6/install/custom_interfaces/share/custom_interfaces/package.dsv'
[3.944s] INFO:colcon.colcon_core.shell:Creating package script '/home/sami/Documents/ros2_assignment6/install/custom_interfaces/share/custom_interfaces/package.sh'
[3.945s] INFO:colcon.colcon_core.shell:Creating package script '/home/sami/Documents/ros2_assignment6/install/custom_interfaces/share/custom_interfaces/package.bash'
[3.945s] INFO:colcon.colcon_core.shell:Creating package script '/home/sami/Documents/ros2_assignment6/install/custom_interfaces/share/custom_interfaces/package.zsh'
[3.945s] Level 1:colcon.colcon_core.environment:create_file_with_runtime_dependencies(/home/sami/Documents/ros2_assignment6/install/custom_interfaces/share/colcon-core/packages/custom_interfaces)
[3.945s] DEBUG:colcon.colcon_parallel_executor.executor.parallel:closing loop
[3.945s] DEBUG:colcon.colcon_parallel_executor.executor.parallel:loop closed
[3.946s] DEBUG:colcon.colcon_parallel_executor.executor.parallel:run_until_complete finished with '0'
[3.946s] DEBUG:colcon.colcon_core.event_reactor:joining thread
[3.949s] INFO:colcon.colcon_core.plugin_system:Skipping extension 'colcon_notification.desktop_notification.terminal_notifier': Not used on non-Darwin systems
[3.949s] INFO:colcon.colcon_core.plugin_system:Skipping extension 'colcon_notification.desktop_notification.win32': Not used on non-Windows systems
[3.949s] INFO:colcon.colcon_notification.desktop_notification:Sending desktop notification using 'notify2'
[3.958s] DEBUG:colcon.colcon_core.event_reactor:joined thread
[3.958s] INFO:colcon.colcon_core.shell:Creating prefix script '/home/sami/Documents/ros2_assignment6/install/local_setup.ps1'
[3.959s] INFO:colcon.colcon_core.shell:Creating prefix util module '/home/sami/Documents/ros2_assignment6/install/_local_setup_util_ps1.py'
[3.959s] INFO:colcon.colcon_core.shell:Creating prefix chain script '/home/sami/Documents/ros2_assignment6/install/setup.ps1'
[3.960s] INFO:colcon.colcon_core.shell:Creating prefix script '/home/sami/Documents/ros2_assignment6/install/local_setup.sh'
[3.960s] INFO:colcon.colcon_core.shell:Creating prefix util module '/home/sami/Documents/ros2_assignment6/install/_local_setup_util_sh.py'
[3.961s] INFO:colcon.colcon_core.shell:Creating prefix chain script '/home/sami/Documents/ros2_assignment6/install/setup.sh'
[3.962s] INFO:colcon.colcon_core.shell:Creating prefix script '/home/sami/Documents/ros2_assignment6/install/local_setup.bash'
[3.962s] INFO:colcon.colcon_core.shell:Creating prefix chain script '/home/sami/Documents/ros2_assignment6/install/setup.bash'
[3.963s] INFO:colcon.colcon_core.shell:Creating prefix script '/home/sami/Documents/ros2_assignment6/install/local_setup.zsh'
[3.963s] INFO:colcon.colcon_core.shell:Creating prefix chain script '/home/sami/Documents/ros2_assignment6/install/setup.zsh'
