[0.415s] Invoking command in '/home/sami/assignment2-ros2/ros2-assignment2/src/action_service': PYTHONPATH=/home/sami/assignment2-ros2/ros2-assignment2/build/action_service/prefix_override:/usr/lib/python3/dist-packages/colcon_core/task/python/colcon_distutils_commands:/home/sami/assignment2-ros2/ros2-assignment2/install/action_service/lib/python3.10/site-packages:${PYTHONPATH} /usr/bin/python3 -W ignore:setup.py install is deprecated setup.py egg_info --egg-base ../../build/action_service build --build-base /home/sami/assignment2-ros2/ros2-assignment2/build/action_service/build install --record /home/sami/assignment2-ros2/ros2-assignment2/build/action_service/install.log --single-version-externally-managed install_data
[0.626s] running egg_info
[0.626s] writing ../../build/action_service/action_service.egg-info/PKG-INFO
[0.626s] writing dependency_links to ../../build/action_service/action_service.egg-info/dependency_links.txt
[0.626s] writing entry points to ../../build/action_service/action_service.egg-info/entry_points.txt
[0.626s] writing requirements to ../../build/action_service/action_service.egg-info/requires.txt
[0.627s] writing top-level names to ../../build/action_service/action_service.egg-info/top_level.txt
[0.628s] reading manifest file '../../build/action_service/action_service.egg-info/SOURCES.txt'
[0.629s] writing manifest file '../../build/action_service/action_service.egg-info/SOURCES.txt'
[0.629s] running build
[0.629s] running build_py
[0.629s] running install
[0.630s] running install_lib
[0.631s] running install_data
[0.631s] running install_egg_info
[0.632s] removing '/home/sami/assignment2-ros2/ros2-assignment2/install/action_service/lib/python3.10/site-packages/action_service-0.0.0-py3.10.egg-info' (and everything under it)
[0.632s] Copying ../../build/action_service/action_service.egg-info to /home/sami/assignment2-ros2/ros2-assignment2/install/action_service/lib/python3.10/site-packages/action_service-0.0.0-py3.10.egg-info
[0.633s] running install_scripts
[0.646s] Installing handle_items script to /home/sami/assignment2-ros2/ros2-assignment2/install/action_service/lib/action_service
[0.646s] Installing item_delivery_action_client script to /home/sami/assignment2-ros2/ros2-assignment2/install/action_service/lib/action_service
[0.646s] Installing stock_checker_service_client script to /home/sami/assignment2-ros2/ros2-assignment2/install/action_service/lib/action_service
[0.646s] Installing stock_checker_service_server script to /home/sami/assignment2-ros2/ros2-assignment2/install/action_service/lib/action_service
[0.647s] writing list of installed files to '/home/sami/assignment2-ros2/ros2-assignment2/build/action_service/install.log'
[0.662s] Invoked command in '/home/sami/assignment2-ros2/ros2-assignment2/src/action_service' returned '0': PYTHONPATH=/home/sami/assignment2-ros2/ros2-assignment2/build/action_service/prefix_override:/usr/lib/python3/dist-packages/colcon_core/task/python/colcon_distutils_commands:/home/sami/assignment2-ros2/ros2-assignment2/install/action_service/lib/python3.10/site-packages:${PYTHONPATH} /usr/bin/python3 -W ignore:setup.py install is deprecated setup.py egg_info --egg-base ../../build/action_service build --build-base /home/sami/assignment2-ros2/ros2-assignment2/build/action_service/build install --record /home/sami/assignment2-ros2/ros2-assignment2/build/action_service/install.log --single-version-externally-managed install_data
