[0.006s] Invoking command in '/home/sami/Documents/ros2_assignment6/build/custom_interfaces': CMAKE_PREFIX_PATH=${CMAKE_PREFIX_PATH}:/home/sami/Documents/ros2_assignment6/install/action_service:/home/sami/ros2_ws/install/my_robot_controller:/opt/ros/humble /usr/bin/cmake /home/sami/Documents/ros2_assignment6/src -DCMAKE_INSTALL_PREFIX=/home/sami/Documents/ros2_assignment6/install/custom_interfaces
[0.042s] -- The C compiler identification is GNU 11.4.0
[0.078s] -- The CXX compiler identification is GNU 11.4.0
[0.083s] -- Detecting C compiler ABI info
[0.128s] -- Detecting C compiler ABI info - done
[0.134s] -- Check for working C compiler: /usr/bin/cc - skipped
[0.134s] -- Detecting C compile features
[0.134s] -- Detecting C compile features - done
[0.136s] -- Detecting CXX compiler ABI info
[0.192s] -- Detecting CXX compiler ABI info - done
[0.197s] -- Check for working CXX compiler: /usr/bin/c++ - skipped
[0.197s] -- Detecting CXX compile features
[0.197s] -- Detecting CXX compile features - done
[0.199s] -- Found ament_cmake: 1.3.9 (/opt/ros/humble/share/ament_cmake/cmake)
[0.292s] -- Found Python3: /usr/bin/python3 (found version "3.10.12") found components: Interpreter 
[0.349s] -- Found rosidl_default_generators: 1.2.0 (/opt/ros/humble/share/rosidl_default_generators/cmake)
[0.351s] -- Using all available rosidl_typesupport_c: rosidl_typesupport_fastrtps_c;rosidl_typesupport_introspection_c
[0.354s] -- Found rosidl_adapter: 3.1.5 (/opt/ros/humble/share/rosidl_adapter/cmake)
[0.377s] -- Using all available rosidl_typesupport_cpp: rosidl_typesupport_fastrtps_cpp;rosidl_typesupport_introspection_cpp
[0.397s] -- Found action_msgs: 1.2.1 (/opt/ros/humble/share/action_msgs/cmake)
[0.452s] -- Found ament_lint_auto: 0.12.11 (/opt/ros/humble/share/ament_lint_auto/cmake)
[0.622s] -- Found ament_cmake_ros: 0.10.0 (/opt/ros/humble/share/ament_cmake_ros/cmake)
[0.746s] -- Using all available rosidl_typesupport_c: rosidl_typesupport_fastrtps_c;rosidl_typesupport_introspection_c
[0.906s] -- Using all available rosidl_typesupport_cpp: rosidl_typesupport_fastrtps_cpp;rosidl_typesupport_introspection_cpp
[0.921s] -- Found PythonInterp: /usr/bin/python3 (found suitable version "3.10.12", minimum required is "3.6") 
[0.922s] -- Found python_cmake_module: 0.10.0 (/opt/ros/humble/share/python_cmake_module/cmake)
[0.940s] -- Found PythonLibs: /usr/lib/x86_64-linux-gnu/libpython3.10.so (found suitable version "3.10.12", minimum required is "3.5") 
[0.940s] -- Using PYTHON_EXECUTABLE: /usr/bin/python3
[0.940s] -- Using PYTHON_INCLUDE_DIRS: /usr/include/python3.10
[0.940s] -- Using PYTHON_LIBRARIES: /usr/lib/x86_64-linux-gnu/libpython3.10.so
[0.953s] -- Found PythonExtra: .so  
[0.983s] -- Added test 'flake8' to check Python code syntax and style conventions
[0.984s] -- Added test 'lint_cmake' to check CMake code style
[0.984s] -- Added test 'pep257' to check Python code against some of the docstring style conventions in PEP 257
[0.985s] -- Added test 'xmllint' to check XML markup files
[0.989s] -- Configuring done
[1.018s] -- Generating done
[1.020s] -- Build files have been written to: /home/sami/Documents/ros2_assignment6/build/custom_interfaces
[1.028s] Invoked command in '/home/sami/Documents/ros2_assignment6/build/custom_interfaces' returned '0': CMAKE_PREFIX_PATH=${CMAKE_PREFIX_PATH}:/home/sami/Documents/ros2_assignment6/install/action_service:/home/sami/ros2_ws/install/my_robot_controller:/opt/ros/humble /usr/bin/cmake /home/sami/Documents/ros2_assignment6/src -DCMAKE_INSTALL_PREFIX=/home/sami/Documents/ros2_assignment6/install/custom_interfaces
[1.030s] Invoking command in '/home/sami/Documents/ros2_assignment6/build/custom_interfaces': CMAKE_PREFIX_PATH=${CMAKE_PREFIX_PATH}:/home/sami/Documents/ros2_assignment6/install/action_service:/home/sami/ros2_ws/install/my_robot_controller:/opt/ros/humble /usr/bin/cmake --build /home/sami/Documents/ros2_assignment6/build/custom_interfaces -- -j8 -l8
[1.056s] [  2%] [34m[1mGenerating C code for ROS interfaces[0m
[1.063s] [  5%] [34m[1mGenerating C++ code for ROS interfaces[0m
[1.069s] [  5%] Built target ament_cmake_python_copy_custom_interfaces
[1.237s] running egg_info
[1.238s] creating custom_interfaces.egg-info
[1.238s] writing custom_interfaces.egg-info/PKG-INFO
[1.238s] writing dependency_links to custom_interfaces.egg-info/dependency_links.txt
[1.238s] writing top-level names to custom_interfaces.egg-info/top_level.txt
[1.238s] writing manifest file 'custom_interfaces.egg-info/SOURCES.txt'
[1.239s] reading manifest file 'custom_interfaces.egg-info/SOURCES.txt'
[1.240s] writing manifest file 'custom_interfaces.egg-info/SOURCES.txt'
[1.260s] [  5%] Built target ament_cmake_python_build_custom_interfaces_egg
[1.410s] [  5%] Built target custom_interfaces__cpp
[1.417s] [ 12%] [34m[1mGenerating C++ type support for eProsima Fast-RTPS[0m
[1.418s] [ 12%] [34m[1mGenerating C++ type support dispatch for ROS interfaces[0m
[1.418s] [ 12%] [34m[1mGenerating C++ introspection for ROS interfaces[0m
[1.459s] [ 15%] [32mBuilding C object CMakeFiles/custom_interfaces__rosidl_generator_c.dir/rosidl_generator_c/custom_interfaces/srv/detail/check_stock__functions.c.o[0m
[1.461s] [ 17%] [32mBuilding C object CMakeFiles/custom_interfaces__rosidl_generator_c.dir/rosidl_generator_c/custom_interfaces/action/detail/deliver_item__functions.c.o[0m
[1.595s] [ 20%] [32m[1mLinking C shared library libcustom_interfaces__rosidl_generator_c.so[0m
[1.619s] [ 20%] Built target custom_interfaces__rosidl_generator_c
[1.626s] [ 23%] [34m[1mGenerating C type support for eProsima Fast-RTPS[0m
[1.630s] [ 28%] [34m[1mGenerating C introspection for ROS interfaces[0m
[1.630s] [ 28%] [34m[1mGenerating C type support dispatch for ROS interfaces[0m
[1.663s] [ 30%] [32mBuilding CXX object CMakeFiles/custom_interfaces__rosidl_typesupport_cpp.dir/rosidl_typesupport_cpp/custom_interfaces/srv/check_stock__type_support.cpp.o[0m
[1.663s] [ 33%] [32mBuilding CXX object CMakeFiles/custom_interfaces__rosidl_typesupport_cpp.dir/rosidl_typesupport_cpp/custom_interfaces/action/deliver_item__type_support.cpp.o[0m
[1.768s] [ 35%] [32mBuilding CXX object CMakeFiles/custom_interfaces__rosidl_typesupport_introspection_cpp.dir/rosidl_typesupport_introspection_cpp/custom_interfaces/srv/detail/check_stock__type_support.cpp.o[0m
[1.777s] [ 38%] [32mBuilding CXX object CMakeFiles/custom_interfaces__rosidl_typesupport_introspection_cpp.dir/rosidl_typesupport_introspection_cpp/custom_interfaces/action/detail/deliver_item__type_support.cpp.o[0m
[1.906s] [ 41%] [32mBuilding CXX object CMakeFiles/custom_interfaces__rosidl_typesupport_fastrtps_cpp.dir/rosidl_typesupport_fastrtps_cpp/custom_interfaces/srv/detail/dds_fastrtps/check_stock__type_support.cpp.o[0m
[1.959s] [ 43%] [32mBuilding CXX object CMakeFiles/custom_interfaces__rosidl_typesupport_fastrtps_cpp.dir/rosidl_typesupport_fastrtps_cpp/custom_interfaces/action/detail/dds_fastrtps/deliver_item__type_support.cpp.o[0m
[2.050s] [ 46%] [32mBuilding CXX object CMakeFiles/custom_interfaces__rosidl_typesupport_c.dir/rosidl_typesupport_c/custom_interfaces/srv/check_stock__type_support.cpp.o[0m
[2.089s] [ 48%] [32mBuilding CXX object CMakeFiles/custom_interfaces__rosidl_typesupport_c.dir/rosidl_typesupport_c/custom_interfaces/action/deliver_item__type_support.cpp.o[0m
[2.167s] [ 51%] [32m[1mLinking CXX shared library libcustom_interfaces__rosidl_typesupport_c.so[0m
[2.198s] [ 53%] [32m[1mLinking CXX shared library libcustom_interfaces__rosidl_typesupport_cpp.so[0m
[2.227s] [ 56%] [32mBuilding C object CMakeFiles/custom_interfaces__rosidl_typesupport_introspection_c.dir/rosidl_typesupport_introspection_c/custom_interfaces/srv/detail/check_stock__type_support.c.o[0m
[2.228s] [ 56%] Built target custom_interfaces__rosidl_typesupport_c
[2.235s] [ 58%] [32mBuilding C object CMakeFiles/custom_interfaces__rosidl_typesupport_introspection_c.dir/rosidl_typesupport_introspection_c/custom_interfaces/action/detail/deliver_item__type_support.c.o[0m
[2.266s] [ 61%] [32mBuilding CXX object CMakeFiles/custom_interfaces__rosidl_typesupport_fastrtps_c.dir/rosidl_typesupport_fastrtps_c/custom_interfaces/srv/detail/check_stock__type_support_c.cpp.o[0m
[2.267s] [ 64%] [32mBuilding CXX object CMakeFiles/custom_interfaces__rosidl_typesupport_fastrtps_c.dir/rosidl_typesupport_fastrtps_c/custom_interfaces/action/detail/deliver_item__type_support_c.cpp.o[0m
[2.269s] [ 64%] Built target custom_interfaces__rosidl_typesupport_cpp
[2.292s] [ 66%] [32m[1mLinking C shared library libcustom_interfaces__rosidl_typesupport_introspection_c.so[0m
[2.350s] [ 66%] Built target custom_interfaces__rosidl_typesupport_introspection_c
[2.439s] [ 69%] [32m[1mLinking CXX shared library libcustom_interfaces__rosidl_typesupport_introspection_cpp.so[0m
[2.505s] [ 69%] Built target custom_interfaces__rosidl_typesupport_introspection_cpp
[2.578s] [ 71%] [32m[1mLinking CXX shared library libcustom_interfaces__rosidl_typesupport_fastrtps_cpp.so[0m
[2.635s] [ 71%] Built target custom_interfaces__rosidl_typesupport_fastrtps_cpp
[2.658s] [ 74%] [32m[1mLinking CXX shared library libcustom_interfaces__rosidl_typesupport_fastrtps_c.so[0m
[2.707s] [ 74%] Built target custom_interfaces__rosidl_typesupport_fastrtps_c
[2.722s] [ 74%] Built target custom_interfaces
[2.735s] [ 76%] [34m[1mGenerating Python code for ROS interfaces[0m
[3.276s] [ 76%] Built target custom_interfaces__py
[3.291s] [ 82%] [32mBuilding C object CMakeFiles/custom_interfaces__rosidl_generator_py.dir/rosidl_generator_py/custom_interfaces/action/_deliver_item_s.c.o[0m
[3.291s] [ 82%] [32mBuilding C object CMakeFiles/custom_interfaces__rosidl_generator_py.dir/rosidl_generator_py/custom_interfaces/srv/_check_stock_s.c.o[0m
[3.384s] [ 84%] [32m[1mLinking C shared library rosidl_generator_py/custom_interfaces/libcustom_interfaces__rosidl_generator_py.so[0m
[3.411s] [ 84%] Built target custom_interfaces__rosidl_generator_py
[3.425s] [ 92%] [32mBuilding C object CMakeFiles/custom_interfaces__rosidl_typesupport_introspection_c__pyext.dir/rosidl_generator_py/custom_interfaces/_custom_interfaces_s.ep.rosidl_typesupport_introspection_c.c.o[0m
[3.425s] [ 92%] [32mBuilding C object CMakeFiles/custom_interfaces__rosidl_typesupport_fastrtps_c__pyext.dir/rosidl_generator_py/custom_interfaces/_custom_interfaces_s.ep.rosidl_typesupport_fastrtps_c.c.o[0m
[3.425s] [ 92%] [32mBuilding C object CMakeFiles/custom_interfaces__rosidl_typesupport_c__pyext.dir/rosidl_generator_py/custom_interfaces/_custom_interfaces_s.ep.rosidl_typesupport_c.c.o[0m
[3.511s] [ 94%] [32m[1mLinking C shared library rosidl_generator_py/custom_interfaces/custom_interfaces_s__rosidl_typesupport_fastrtps_c.cpython-310-x86_64-linux-gnu.so[0m
[3.513s] [100%] [32m[1mLinking C shared library rosidl_generator_py/custom_interfaces/custom_interfaces_s__rosidl_typesupport_c.cpython-310-x86_64-linux-gnu.so[0m
[3.513s] [100%] [32m[1mLinking C shared library rosidl_generator_py/custom_interfaces/custom_interfaces_s__rosidl_typesupport_introspection_c.cpython-310-x86_64-linux-gnu.so[0m
[3.540s] [100%] Built target custom_interfaces__rosidl_typesupport_c__pyext
[3.540s] [100%] Built target custom_interfaces__rosidl_typesupport_fastrtps_c__pyext
[3.540s] [100%] Built target custom_interfaces__rosidl_typesupport_introspection_c__pyext
[3.549s] Invoked command in '/home/sami/Documents/ros2_assignment6/build/custom_interfaces' returned '0': CMAKE_PREFIX_PATH=${CMAKE_PREFIX_PATH}:/home/sami/Documents/ros2_assignment6/install/action_service:/home/sami/ros2_ws/install/my_robot_controller:/opt/ros/humble /usr/bin/cmake --build /home/sami/Documents/ros2_assignment6/build/custom_interfaces -- -j8 -l8
[3.604s] Invoking command in '/home/sami/Documents/ros2_assignment6/build/custom_interfaces': CMAKE_PREFIX_PATH=${CMAKE_PREFIX_PATH}:/home/sami/Documents/ros2_assignment6/install/action_service:/home/sami/ros2_ws/install/my_robot_controller:/opt/ros/humble /usr/bin/cmake --install /home/sami/Documents/ros2_assignment6/build/custom_interfaces
[3.609s] -- Install configuration: ""
[3.609s] -- Installing: /home/sami/Documents/ros2_assignment6/install/custom_interfaces/share/ament_index/resource_index/rosidl_interfaces/custom_interfaces
[3.609s] -- Installing: /home/sami/Documents/ros2_assignment6/install/custom_interfaces/include/custom_interfaces/custom_interfaces
[3.609s] -- Installing: /home/sami/Documents/ros2_assignment6/install/custom_interfaces/include/custom_interfaces/custom_interfaces/srv
[3.609s] -- Installing: /home/sami/Documents/ros2_assignment6/install/custom_interfaces/include/custom_interfaces/custom_interfaces/srv/check_stock.h
[3.609s] -- Installing: /home/sami/Documents/ros2_assignment6/install/custom_interfaces/include/custom_interfaces/custom_interfaces/srv/detail
[3.609s] -- Installing: /home/sami/Documents/ros2_assignment6/install/custom_interfaces/include/custom_interfaces/custom_interfaces/srv/detail/check_stock__functions.c
[3.609s] -- Installing: /home/sami/Documents/ros2_assignment6/install/custom_interfaces/include/custom_interfaces/custom_interfaces/srv/detail/check_stock__type_support.h
[3.609s] -- Installing: /home/sami/Documents/ros2_assignment6/install/custom_interfaces/include/custom_interfaces/custom_interfaces/srv/detail/check_stock__functions.h
[3.609s] -- Installing: /home/sami/Documents/ros2_assignment6/install/custom_interfaces/include/custom_interfaces/custom_interfaces/srv/detail/check_stock__struct.h
[3.609s] -- Installing: /home/sami/Documents/ros2_assignment6/install/custom_interfaces/include/custom_interfaces/custom_interfaces/action
[3.609s] -- Installing: /home/sami/Documents/ros2_assignment6/install/custom_interfaces/include/custom_interfaces/custom_interfaces/action/deliver_item.h
[3.610s] -- Installing: /home/sami/Documents/ros2_assignment6/install/custom_interfaces/include/custom_interfaces/custom_interfaces/action/detail
[3.610s] -- Installing: /home/sami/Documents/ros2_assignment6/install/custom_interfaces/include/custom_interfaces/custom_interfaces/action/detail/deliver_item__functions.h
[3.610s] -- Installing: /home/sami/Documents/ros2_assignment6/install/custom_interfaces/include/custom_interfaces/custom_interfaces/action/detail/deliver_item__type_support.h
[3.610s] -- Installing: /home/sami/Documents/ros2_assignment6/install/custom_interfaces/include/custom_interfaces/custom_interfaces/action/detail/deliver_item__functions.c
[3.610s] -- Installing: /home/sami/Documents/ros2_assignment6/install/custom_interfaces/include/custom_interfaces/custom_interfaces/action/detail/deliver_item__struct.h
[3.610s] -- Installing: /home/sami/Documents/ros2_assignment6/install/custom_interfaces/include/custom_interfaces/custom_interfaces/msg
[3.610s] -- Installing: /home/sami/Documents/ros2_assignment6/install/custom_interfaces/include/custom_interfaces/custom_interfaces/msg/rosidl_generator_c__visibility_control.h
[3.610s] -- Installing: /home/sami/Documents/ros2_assignment6/install/custom_interfaces/share/custom_interfaces/environment/library_path.sh
[3.610s] -- Installing: /home/sami/Documents/ros2_assignment6/install/custom_interfaces/share/custom_interfaces/environment/library_path.dsv
[3.610s] -- Installing: /home/sami/Documents/ros2_assignment6/install/custom_interfaces/lib/libcustom_interfaces__rosidl_generator_c.so
[3.610s] -- Set runtime path of "/home/sami/Documents/ros2_assignment6/install/custom_interfaces/lib/libcustom_interfaces__rosidl_generator_c.so" to ""
[3.610s] -- Up-to-date: /home/sami/Documents/ros2_assignment6/install/custom_interfaces/include/custom_interfaces/custom_interfaces
[3.610s] -- Up-to-date: /home/sami/Documents/ros2_assignment6/install/custom_interfaces/include/custom_interfaces/custom_interfaces/srv
[3.610s] -- Up-to-date: /home/sami/Documents/ros2_assignment6/install/custom_interfaces/include/custom_interfaces/custom_interfaces/srv/detail
[3.610s] -- Installing: /home/sami/Documents/ros2_assignment6/install/custom_interfaces/include/custom_interfaces/custom_interfaces/srv/detail/check_stock__rosidl_typesupport_fastrtps_c.h
[3.611s] -- Up-to-date: /home/sami/Documents/ros2_assignment6/install/custom_interfaces/include/custom_interfaces/custom_interfaces/action
[3.611s] -- Up-to-date: /home/sami/Documents/ros2_assignment6/install/custom_interfaces/include/custom_interfaces/custom_interfaces/action/detail
[3.611s] -- Installing: /home/sami/Documents/ros2_assignment6/install/custom_interfaces/include/custom_interfaces/custom_interfaces/action/detail/deliver_item__rosidl_typesupport_fastrtps_c.h
[3.611s] -- Up-to-date: /home/sami/Documents/ros2_assignment6/install/custom_interfaces/include/custom_interfaces/custom_interfaces/msg
[3.611s] -- Installing: /home/sami/Documents/ros2_assignment6/install/custom_interfaces/include/custom_interfaces/custom_interfaces/msg/rosidl_typesupport_fastrtps_c__visibility_control.h
[3.611s] -- Installing: /home/sami/Documents/ros2_assignment6/install/custom_interfaces/lib/libcustom_interfaces__rosidl_typesupport_fastrtps_c.so
[3.611s] -- Set runtime path of "/home/sami/Documents/ros2_assignment6/install/custom_interfaces/lib/libcustom_interfaces__rosidl_typesupport_fastrtps_c.so" to ""
[3.611s] -- Up-to-date: /home/sami/Documents/ros2_assignment6/install/custom_interfaces/include/custom_interfaces/custom_interfaces
[3.611s] -- Up-to-date: /home/sami/Documents/ros2_assignment6/install/custom_interfaces/include/custom_interfaces/custom_interfaces/srv
[3.611s] -- Up-to-date: /home/sami/Documents/ros2_assignment6/install/custom_interfaces/include/custom_interfaces/custom_interfaces/srv/detail
[3.611s] -- Installing: /home/sami/Documents/ros2_assignment6/install/custom_interfaces/include/custom_interfaces/custom_interfaces/srv/detail/check_stock__rosidl_typesupport_introspection_c.h
[3.611s] -- Installing: /home/sami/Documents/ros2_assignment6/install/custom_interfaces/include/custom_interfaces/custom_interfaces/srv/detail/check_stock__type_support.c
[3.611s] -- Up-to-date: /home/sami/Documents/ros2_assignment6/install/custom_interfaces/include/custom_interfaces/custom_interfaces/action
[3.611s] -- Up-to-date: /home/sami/Documents/ros2_assignment6/install/custom_interfaces/include/custom_interfaces/custom_interfaces/action/detail
[3.611s] -- Installing: /home/sami/Documents/ros2_assignment6/install/custom_interfaces/include/custom_interfaces/custom_interfaces/action/detail/deliver_item__type_support.c
[3.611s] -- Installing: /home/sami/Documents/ros2_assignment6/install/custom_interfaces/include/custom_interfaces/custom_interfaces/action/detail/deliver_item__rosidl_typesupport_introspection_c.h
[3.611s] -- Up-to-date: /home/sami/Documents/ros2_assignment6/install/custom_interfaces/include/custom_interfaces/custom_interfaces/msg
[3.611s] -- Installing: /home/sami/Documents/ros2_assignment6/install/custom_interfaces/include/custom_interfaces/custom_interfaces/msg/rosidl_typesupport_introspection_c__visibility_control.h
[3.611s] -- Installing: /home/sami/Documents/ros2_assignment6/install/custom_interfaces/lib/libcustom_interfaces__rosidl_typesupport_introspection_c.so
[3.611s] -- Set runtime path of "/home/sami/Documents/ros2_assignment6/install/custom_interfaces/lib/libcustom_interfaces__rosidl_typesupport_introspection_c.so" to ""
[3.612s] -- Installing: /home/sami/Documents/ros2_assignment6/install/custom_interfaces/lib/libcustom_interfaces__rosidl_typesupport_c.so
[3.612s] -- Set runtime path of "/home/sami/Documents/ros2_assignment6/install/custom_interfaces/lib/libcustom_interfaces__rosidl_typesupport_c.so" to ""
[3.612s] -- Up-to-date: /home/sami/Documents/ros2_assignment6/install/custom_interfaces/include/custom_interfaces/custom_interfaces
[3.612s] -- Up-to-date: /home/sami/Documents/ros2_assignment6/install/custom_interfaces/include/custom_interfaces/custom_interfaces/srv
[3.612s] -- Up-to-date: /home/sami/Documents/ros2_assignment6/install/custom_interfaces/include/custom_interfaces/custom_interfaces/srv/detail
[3.612s] -- Installing: /home/sami/Documents/ros2_assignment6/install/custom_interfaces/include/custom_interfaces/custom_interfaces/srv/detail/check_stock__struct.hpp
[3.612s] -- Installing: /home/sami/Documents/ros2_assignment6/install/custom_interfaces/include/custom_interfaces/custom_interfaces/srv/detail/check_stock__traits.hpp
[3.612s] -- Installing: /home/sami/Documents/ros2_assignment6/install/custom_interfaces/include/custom_interfaces/custom_interfaces/srv/detail/check_stock__builder.hpp
[3.612s] -- Installing: /home/sami/Documents/ros2_assignment6/install/custom_interfaces/include/custom_interfaces/custom_interfaces/srv/check_stock.hpp
[3.612s] -- Up-to-date: /home/sami/Documents/ros2_assignment6/install/custom_interfaces/include/custom_interfaces/custom_interfaces/action
[3.612s] -- Up-to-date: /home/sami/Documents/ros2_assignment6/install/custom_interfaces/include/custom_interfaces/custom_interfaces/action/detail
[3.612s] -- Installing: /home/sami/Documents/ros2_assignment6/install/custom_interfaces/include/custom_interfaces/custom_interfaces/action/detail/deliver_item__builder.hpp
[3.612s] -- Installing: /home/sami/Documents/ros2_assignment6/install/custom_interfaces/include/custom_interfaces/custom_interfaces/action/detail/deliver_item__traits.hpp
[3.612s] -- Installing: /home/sami/Documents/ros2_assignment6/install/custom_interfaces/include/custom_interfaces/custom_interfaces/action/detail/deliver_item__struct.hpp
[3.612s] -- Installing: /home/sami/Documents/ros2_assignment6/install/custom_interfaces/include/custom_interfaces/custom_interfaces/action/deliver_item.hpp
[3.612s] -- Up-to-date: /home/sami/Documents/ros2_assignment6/install/custom_interfaces/include/custom_interfaces/custom_interfaces
[3.612s] -- Up-to-date: /home/sami/Documents/ros2_assignment6/install/custom_interfaces/include/custom_interfaces/custom_interfaces/srv
[3.613s] -- Up-to-date: /home/sami/Documents/ros2_assignment6/install/custom_interfaces/include/custom_interfaces/custom_interfaces/srv/detail
[3.613s] -- Installing: /home/sami/Documents/ros2_assignment6/install/custom_interfaces/include/custom_interfaces/custom_interfaces/srv/detail/dds_fastrtps
[3.613s] -- Installing: /home/sami/Documents/ros2_assignment6/install/custom_interfaces/include/custom_interfaces/custom_interfaces/srv/detail/check_stock__rosidl_typesupport_fastrtps_cpp.hpp
[3.613s] -- Up-to-date: /home/sami/Documents/ros2_assignment6/install/custom_interfaces/include/custom_interfaces/custom_interfaces/action
[3.613s] -- Up-to-date: /home/sami/Documents/ros2_assignment6/install/custom_interfaces/include/custom_interfaces/custom_interfaces/action/detail
[3.613s] -- Installing: /home/sami/Documents/ros2_assignment6/install/custom_interfaces/include/custom_interfaces/custom_interfaces/action/detail/deliver_item__rosidl_typesupport_fastrtps_cpp.hpp
[3.613s] -- Installing: /home/sami/Documents/ros2_assignment6/install/custom_interfaces/include/custom_interfaces/custom_interfaces/action/detail/dds_fastrtps
[3.613s] -- Up-to-date: /home/sami/Documents/ros2_assignment6/install/custom_interfaces/include/custom_interfaces/custom_interfaces/msg
[3.613s] -- Installing: /home/sami/Documents/ros2_assignment6/install/custom_interfaces/include/custom_interfaces/custom_interfaces/msg/rosidl_typesupport_fastrtps_cpp__visibility_control.h
[3.613s] -- Installing: /home/sami/Documents/ros2_assignment6/install/custom_interfaces/lib/libcustom_interfaces__rosidl_typesupport_fastrtps_cpp.so
[3.613s] -- Set runtime path of "/home/sami/Documents/ros2_assignment6/install/custom_interfaces/lib/libcustom_interfaces__rosidl_typesupport_fastrtps_cpp.so" to ""
[3.613s] -- Up-to-date: /home/sami/Documents/ros2_assignment6/install/custom_interfaces/include/custom_interfaces/custom_interfaces
[3.613s] -- Up-to-date: /home/sami/Documents/ros2_assignment6/install/custom_interfaces/include/custom_interfaces/custom_interfaces/srv
[3.613s] -- Up-to-date: /home/sami/Documents/ros2_assignment6/install/custom_interfaces/include/custom_interfaces/custom_interfaces/srv/detail
[3.613s] -- Installing: /home/sami/Documents/ros2_assignment6/install/custom_interfaces/include/custom_interfaces/custom_interfaces/srv/detail/check_stock__rosidl_typesupport_introspection_cpp.hpp
[3.613s] -- Installing: /home/sami/Documents/ros2_assignment6/install/custom_interfaces/include/custom_interfaces/custom_interfaces/srv/detail/check_stock__type_support.cpp
[3.614s] -- Up-to-date: /home/sami/Documents/ros2_assignment6/install/custom_interfaces/include/custom_interfaces/custom_interfaces/action
[3.614s] -- Up-to-date: /home/sami/Documents/ros2_assignment6/install/custom_interfaces/include/custom_interfaces/custom_interfaces/action/detail
[3.614s] -- Installing: /home/sami/Documents/ros2_assignment6/install/custom_interfaces/include/custom_interfaces/custom_interfaces/action/detail/deliver_item__type_support.cpp
[3.614s] -- Installing: /home/sami/Documents/ros2_assignment6/install/custom_interfaces/include/custom_interfaces/custom_interfaces/action/detail/deliver_item__rosidl_typesupport_introspection_cpp.hpp
[3.614s] -- Installing: /home/sami/Documents/ros2_assignment6/install/custom_interfaces/lib/libcustom_interfaces__rosidl_typesupport_introspection_cpp.so
[3.614s] -- Set runtime path of "/home/sami/Documents/ros2_assignment6/install/custom_interfaces/lib/libcustom_interfaces__rosidl_typesupport_introspection_cpp.so" to ""
[3.614s] -- Installing: /home/sami/Documents/ros2_assignment6/install/custom_interfaces/lib/libcustom_interfaces__rosidl_typesupport_cpp.so
[3.614s] -- Set runtime path of "/home/sami/Documents/ros2_assignment6/install/custom_interfaces/lib/libcustom_interfaces__rosidl_typesupport_cpp.so" to ""
[3.614s] -- Installing: /home/sami/Documents/ros2_assignment6/install/custom_interfaces/share/custom_interfaces/environment/pythonpath.sh
[3.614s] -- Installing: /home/sami/Documents/ros2_assignment6/install/custom_interfaces/share/custom_interfaces/environment/pythonpath.dsv
[3.614s] -- Installing: /home/sami/Documents/ros2_assignment6/install/custom_interfaces/local/lib/python3.10/dist-packages/custom_interfaces-0.0.0-py3.10.egg-info
[3.614s] -- Installing: /home/sami/Documents/ros2_assignment6/install/custom_interfaces/local/lib/python3.10/dist-packages/custom_interfaces-0.0.0-py3.10.egg-info/top_level.txt
[3.615s] -- Installing: /home/sami/Documents/ros2_assignment6/install/custom_interfaces/local/lib/python3.10/dist-packages/custom_interfaces-0.0.0-py3.10.egg-info/PKG-INFO
[3.615s] -- Installing: /home/sami/Documents/ros2_assignment6/install/custom_interfaces/local/lib/python3.10/dist-packages/custom_interfaces-0.0.0-py3.10.egg-info/SOURCES.txt
[3.615s] -- Installing: /home/sami/Documents/ros2_assignment6/install/custom_interfaces/local/lib/python3.10/dist-packages/custom_interfaces-0.0.0-py3.10.egg-info/dependency_links.txt
[3.615s] -- Installing: /home/sami/Documents/ros2_assignment6/install/custom_interfaces/local/lib/python3.10/dist-packages/custom_interfaces
[3.615s] -- Installing: /home/sami/Documents/ros2_assignment6/install/custom_interfaces/local/lib/python3.10/dist-packages/custom_interfaces/srv
[3.615s] -- Installing: /home/sami/Documents/ros2_assignment6/install/custom_interfaces/local/lib/python3.10/dist-packages/custom_interfaces/srv/_check_stock_s.c
[3.615s] -- Installing: /home/sami/Documents/ros2_assignment6/install/custom_interfaces/local/lib/python3.10/dist-packages/custom_interfaces/srv/__init__.py
[3.616s] -- Installing: /home/sami/Documents/ros2_assignment6/install/custom_interfaces/local/lib/python3.10/dist-packages/custom_interfaces/srv/_check_stock.py
[3.616s] -- Installing: /home/sami/Documents/ros2_assignment6/install/custom_interfaces/local/lib/python3.10/dist-packages/custom_interfaces/action
[3.616s] -- Installing: /home/sami/Documents/ros2_assignment6/install/custom_interfaces/local/lib/python3.10/dist-packages/custom_interfaces/action/_deliver_item.py
[3.616s] -- Installing: /home/sami/Documents/ros2_assignment6/install/custom_interfaces/local/lib/python3.10/dist-packages/custom_interfaces/action/_deliver_item_s.c
[3.616s] -- Installing: /home/sami/Documents/ros2_assignment6/install/custom_interfaces/local/lib/python3.10/dist-packages/custom_interfaces/action/__init__.py
[3.616s] -- Installing: /home/sami/Documents/ros2_assignment6/install/custom_interfaces/local/lib/python3.10/dist-packages/custom_interfaces/_custom_interfaces_s.ep.rosidl_typesupport_fastrtps_c.c
[3.616s] -- Installing: /home/sami/Documents/ros2_assignment6/install/custom_interfaces/local/lib/python3.10/dist-packages/custom_interfaces/_custom_interfaces_s.ep.rosidl_typesupport_introspection_c.c
[3.616s] -- Installing: /home/sami/Documents/ros2_assignment6/install/custom_interfaces/local/lib/python3.10/dist-packages/custom_interfaces/libcustom_interfaces__rosidl_generator_py.so
[3.616s] -- Installing: /home/sami/Documents/ros2_assignment6/install/custom_interfaces/local/lib/python3.10/dist-packages/custom_interfaces/custom_interfaces_s__rosidl_typesupport_fastrtps_c.cpython-310-x86_64-linux-gnu.so
[3.616s] -- Installing: /home/sami/Documents/ros2_assignment6/install/custom_interfaces/local/lib/python3.10/dist-packages/custom_interfaces/__init__.py
[3.616s] -- Installing: /home/sami/Documents/ros2_assignment6/install/custom_interfaces/local/lib/python3.10/dist-packages/custom_interfaces/_custom_interfaces_s.ep.rosidl_typesupport_c.c
[3.616s] -- Installing: /home/sami/Documents/ros2_assignment6/install/custom_interfaces/local/lib/python3.10/dist-packages/custom_interfaces/custom_interfaces_s__rosidl_typesupport_c.cpython-310-x86_64-linux-gnu.so
[3.617s] -- Installing: /home/sami/Documents/ros2_assignment6/install/custom_interfaces/local/lib/python3.10/dist-packages/custom_interfaces/custom_interfaces_s__rosidl_typesupport_introspection_c.cpython-310-x86_64-linux-gnu.so
[3.644s] Listing '/home/sami/Documents/ros2_assignment6/install/custom_interfaces/local/lib/python3.10/dist-packages/custom_interfaces'...
[3.644s] Compiling '/home/sami/Documents/ros2_assignment6/install/custom_interfaces/local/lib/python3.10/dist-packages/custom_interfaces/__init__.py'...
[3.644s] Listing '/home/sami/Documents/ros2_assignment6/install/custom_interfaces/local/lib/python3.10/dist-packages/custom_interfaces/action'...
[3.644s] Compiling '/home/sami/Documents/ros2_assignment6/install/custom_interfaces/local/lib/python3.10/dist-packages/custom_interfaces/action/__init__.py'...
[3.644s] Compiling '/home/sami/Documents/ros2_assignment6/install/custom_interfaces/local/lib/python3.10/dist-packages/custom_interfaces/action/_deliver_item.py'...
[3.644s] Listing '/home/sami/Documents/ros2_assignment6/install/custom_interfaces/local/lib/python3.10/dist-packages/custom_interfaces/srv'...
[3.644s] Compiling '/home/sami/Documents/ros2_assignment6/install/custom_interfaces/local/lib/python3.10/dist-packages/custom_interfaces/srv/__init__.py'...
[3.644s] Compiling '/home/sami/Documents/ros2_assignment6/install/custom_interfaces/local/lib/python3.10/dist-packages/custom_interfaces/srv/_check_stock.py'...
[3.648s] -- Installing: /home/sami/Documents/ros2_assignment6/install/custom_interfaces/local/lib/python3.10/dist-packages/custom_interfaces/custom_interfaces_s__rosidl_typesupport_fastrtps_c.cpython-310-x86_64-linux-gnu.so
[3.648s] -- Set runtime path of "/home/sami/Documents/ros2_assignment6/install/custom_interfaces/local/lib/python3.10/dist-packages/custom_interfaces/custom_interfaces_s__rosidl_typesupport_fastrtps_c.cpython-310-x86_64-linux-gnu.so" to ""
[3.648s] -- Installing: /home/sami/Documents/ros2_assignment6/install/custom_interfaces/local/lib/python3.10/dist-packages/custom_interfaces/custom_interfaces_s__rosidl_typesupport_introspection_c.cpython-310-x86_64-linux-gnu.so
[3.648s] -- Set runtime path of "/home/sami/Documents/ros2_assignment6/install/custom_interfaces/local/lib/python3.10/dist-packages/custom_interfaces/custom_interfaces_s__rosidl_typesupport_introspection_c.cpython-310-x86_64-linux-gnu.so" to ""
[3.648s] -- Installing: /home/sami/Documents/ros2_assignment6/install/custom_interfaces/local/lib/python3.10/dist-packages/custom_interfaces/custom_interfaces_s__rosidl_typesupport_c.cpython-310-x86_64-linux-gnu.so
[3.649s] -- Set runtime path of "/home/sami/Documents/ros2_assignment6/install/custom_interfaces/local/lib/python3.10/dist-packages/custom_interfaces/custom_interfaces_s__rosidl_typesupport_c.cpython-310-x86_64-linux-gnu.so" to ""
[3.649s] -- Installing: /home/sami/Documents/ros2_assignment6/install/custom_interfaces/lib/libcustom_interfaces__rosidl_generator_py.so
[3.649s] -- Set runtime path of "/home/sami/Documents/ros2_assignment6/install/custom_interfaces/lib/libcustom_interfaces__rosidl_generator_py.so" to ""
[3.649s] -- Installing: /home/sami/Documents/ros2_assignment6/install/custom_interfaces/share/custom_interfaces/srv/CheckStock.idl
[3.649s] -- Installing: /home/sami/Documents/ros2_assignment6/install/custom_interfaces/share/custom_interfaces/action/DeliverItem.idl
[3.649s] -- Installing: /home/sami/Documents/ros2_assignment6/install/custom_interfaces/share/custom_interfaces/srv/CheckStock.srv
[3.649s] -- Installing: /home/sami/Documents/ros2_assignment6/install/custom_interfaces/share/custom_interfaces/srv/CheckStock_Request.msg
[3.649s] -- Installing: /home/sami/Documents/ros2_assignment6/install/custom_interfaces/share/custom_interfaces/srv/CheckStock_Response.msg
[3.649s] -- Installing: /home/sami/Documents/ros2_assignment6/install/custom_interfaces/share/custom_interfaces/action/DeliverItem.action
[3.649s] -- Installing: /home/sami/Documents/ros2_assignment6/install/custom_interfaces/share/custom_interfaces/interfaces/srv
[3.649s] -- Installing: /home/sami/Documents/ros2_assignment6/install/custom_interfaces/share/custom_interfaces/interfaces/srv/CheckStock.srv
[3.650s] -- Installing: /home/sami/Documents/ros2_assignment6/install/custom_interfaces/share/custom_interfaces/interfaces/action
[3.650s] -- Installing: /home/sami/Documents/ros2_assignment6/install/custom_interfaces/share/custom_interfaces/interfaces/action/DeliverItem.action
[3.650s] -- Installing: /home/sami/Documents/ros2_assignment6/install/custom_interfaces/share/ament_index/resource_index/package_run_dependencies/custom_interfaces
[3.650s] -- Installing: /home/sami/Documents/ros2_assignment6/install/custom_interfaces/share/ament_index/resource_index/parent_prefix_path/custom_interfaces
[3.650s] -- Installing: /home/sami/Documents/ros2_assignment6/install/custom_interfaces/share/custom_interfaces/environment/ament_prefix_path.sh
[3.650s] -- Installing: /home/sami/Documents/ros2_assignment6/install/custom_interfaces/share/custom_interfaces/environment/ament_prefix_path.dsv
[3.650s] -- Installing: /home/sami/Documents/ros2_assignment6/install/custom_interfaces/share/custom_interfaces/environment/path.sh
[3.650s] -- Installing: /home/sami/Documents/ros2_assignment6/install/custom_interfaces/share/custom_interfaces/environment/path.dsv
[3.650s] -- Installing: /home/sami/Documents/ros2_assignment6/install/custom_interfaces/share/custom_interfaces/local_setup.bash
[3.650s] -- Installing: /home/sami/Documents/ros2_assignment6/install/custom_interfaces/share/custom_interfaces/local_setup.sh
[3.650s] -- Installing: /home/sami/Documents/ros2_assignment6/install/custom_interfaces/share/custom_interfaces/local_setup.zsh
[3.650s] -- Installing: /home/sami/Documents/ros2_assignment6/install/custom_interfaces/share/custom_interfaces/local_setup.dsv
[3.650s] -- Installing: /home/sami/Documents/ros2_assignment6/install/custom_interfaces/share/custom_interfaces/package.dsv
[3.650s] -- Installing: /home/sami/Documents/ros2_assignment6/install/custom_interfaces/share/ament_index/resource_index/packages/custom_interfaces
[3.651s] -- Installing: /home/sami/Documents/ros2_assignment6/install/custom_interfaces/share/custom_interfaces/cmake/export_custom_interfaces__rosidl_generator_cExport.cmake
[3.651s] -- Installing: /home/sami/Documents/ros2_assignment6/install/custom_interfaces/share/custom_interfaces/cmake/export_custom_interfaces__rosidl_generator_cExport-noconfig.cmake
[3.651s] -- Installing: /home/sami/Documents/ros2_assignment6/install/custom_interfaces/share/custom_interfaces/cmake/export_custom_interfaces__rosidl_typesupport_fastrtps_cExport.cmake
[3.651s] -- Installing: /home/sami/Documents/ros2_assignment6/install/custom_interfaces/share/custom_interfaces/cmake/export_custom_interfaces__rosidl_typesupport_fastrtps_cExport-noconfig.cmake
[3.651s] -- Installing: /home/sami/Documents/ros2_assignment6/install/custom_interfaces/share/custom_interfaces/cmake/custom_interfaces__rosidl_typesupport_introspection_cExport.cmake
[3.651s] -- Installing: /home/sami/Documents/ros2_assignment6/install/custom_interfaces/share/custom_interfaces/cmake/custom_interfaces__rosidl_typesupport_introspection_cExport-noconfig.cmake
[3.651s] -- Installing: /home/sami/Documents/ros2_assignment6/install/custom_interfaces/share/custom_interfaces/cmake/custom_interfaces__rosidl_typesupport_cExport.cmake
[3.651s] -- Installing: /home/sami/Documents/ros2_assignment6/install/custom_interfaces/share/custom_interfaces/cmake/custom_interfaces__rosidl_typesupport_cExport-noconfig.cmake
[3.651s] -- Installing: /home/sami/Documents/ros2_assignment6/install/custom_interfaces/share/custom_interfaces/cmake/export_custom_interfaces__rosidl_generator_cppExport.cmake
[3.651s] -- Installing: /home/sami/Documents/ros2_assignment6/install/custom_interfaces/share/custom_interfaces/cmake/export_custom_interfaces__rosidl_typesupport_fastrtps_cppExport.cmake
[3.651s] -- Installing: /home/sami/Documents/ros2_assignment6/install/custom_interfaces/share/custom_interfaces/cmake/export_custom_interfaces__rosidl_typesupport_fastrtps_cppExport-noconfig.cmake
[3.651s] -- Installing: /home/sami/Documents/ros2_assignment6/install/custom_interfaces/share/custom_interfaces/cmake/custom_interfaces__rosidl_typesupport_introspection_cppExport.cmake
[3.651s] -- Installing: /home/sami/Documents/ros2_assignment6/install/custom_interfaces/share/custom_interfaces/cmake/custom_interfaces__rosidl_typesupport_introspection_cppExport-noconfig.cmake
[3.651s] -- Installing: /home/sami/Documents/ros2_assignment6/install/custom_interfaces/share/custom_interfaces/cmake/custom_interfaces__rosidl_typesupport_cppExport.cmake
[3.652s] -- Installing: /home/sami/Documents/ros2_assignment6/install/custom_interfaces/share/custom_interfaces/cmake/custom_interfaces__rosidl_typesupport_cppExport-noconfig.cmake
[3.652s] -- Installing: /home/sami/Documents/ros2_assignment6/install/custom_interfaces/share/custom_interfaces/cmake/export_custom_interfaces__rosidl_generator_pyExport.cmake
[3.652s] -- Installing: /home/sami/Documents/ros2_assignment6/install/custom_interfaces/share/custom_interfaces/cmake/export_custom_interfaces__rosidl_generator_pyExport-noconfig.cmake
[3.652s] -- Installing: /home/sami/Documents/ros2_assignment6/install/custom_interfaces/share/custom_interfaces/cmake/rosidl_cmake-extras.cmake
[3.652s] -- Installing: /home/sami/Documents/ros2_assignment6/install/custom_interfaces/share/custom_interfaces/cmake/ament_cmake_export_dependencies-extras.cmake
[3.652s] -- Installing: /home/sami/Documents/ros2_assignment6/install/custom_interfaces/share/custom_interfaces/cmake/ament_cmake_export_include_directories-extras.cmake
[3.652s] -- Installing: /home/sami/Documents/ros2_assignment6/install/custom_interfaces/share/custom_interfaces/cmake/ament_cmake_export_libraries-extras.cmake
[3.652s] -- Installing: /home/sami/Documents/ros2_assignment6/install/custom_interfaces/share/custom_interfaces/cmake/ament_cmake_export_targets-extras.cmake
[3.652s] -- Installing: /home/sami/Documents/ros2_assignment6/install/custom_interfaces/share/custom_interfaces/cmake/rosidl_cmake_export_typesupport_targets-extras.cmake
[3.652s] -- Installing: /home/sami/Documents/ros2_assignment6/install/custom_interfaces/share/custom_interfaces/cmake/rosidl_cmake_export_typesupport_libraries-extras.cmake
[3.652s] -- Installing: /home/sami/Documents/ros2_assignment6/install/custom_interfaces/share/custom_interfaces/cmake/custom_interfacesConfig.cmake
[3.652s] -- Installing: /home/sami/Documents/ros2_assignment6/install/custom_interfaces/share/custom_interfaces/cmake/custom_interfacesConfig-version.cmake
[3.652s] -- Installing: /home/sami/Documents/ros2_assignment6/install/custom_interfaces/share/custom_interfaces/package.xml
[3.654s] Invoked command in '/home/sami/Documents/ros2_assignment6/build/custom_interfaces' returned '0': CMAKE_PREFIX_PATH=${CMAKE_PREFIX_PATH}:/home/sami/Documents/ros2_assignment6/install/action_service:/home/sami/ros2_ws/install/my_robot_controller:/opt/ros/humble /usr/bin/cmake --install /home/sami/Documents/ros2_assignment6/build/custom_interfaces
