[0.159s] Invoking command in '/home/sami/assignment2-ros2/ros2-assignment2/build/interfaces': CMAKE_PREFIX_PATH=/opt/ros/humble /usr/bin/cmake --build /home/sami/assignment2-ros2/ros2-assignment2/build/interfaces -- -j8 -l8
[0.187s] [35m[1mConsolidate compiler generated dependencies of target interfaces__rosidl_generator_c[0m
[0.193s] [  2%] Built target interfaces__cpp
[0.194s] [ 12%] Built target interfaces__rosidl_generator_c
[0.203s] [ 12%] Built target ament_cmake_python_copy_interfaces
[0.203s] [35m[1mConsolidate compiler generated dependencies of target interfaces__rosidl_typesupport_c[0m
[0.203s] [35m[1mConsolidate compiler generated dependencies of target interfaces__rosidl_typesupport_introspection_c[0m
[0.203s] [35m[1mConsolidate compiler generated dependencies of target interfaces__rosidl_typesupport_cpp[0m
[0.208s] [35m[1mConsolidate compiler generated dependencies of target interfaces__rosidl_typesupport_introspection_cpp[0m
[0.208s] [35m[1mConsolidate compiler generated dependencies of target interfaces__rosidl_typesupport_fastrtps_c[0m
[0.208s] [35m[1mConsolidate compiler generated dependencies of target interfaces__rosidl_typesupport_fastrtps_cpp[0m
[0.215s] [ 23%] Built target interfaces__rosidl_typesupport_c
[0.217s] [ 33%] Built target interfaces__rosidl_typesupport_cpp
[0.217s] [ 43%] Built target interfaces__rosidl_typesupport_introspection_cpp
[0.217s] [ 53%] Built target interfaces__rosidl_typesupport_fastrtps_c
[0.218s] [ 64%] Built target interfaces__rosidl_typesupport_introspection_c
[0.219s] [ 74%] Built target interfaces__rosidl_typesupport_fastrtps_cpp
[0.233s] [ 74%] Built target interfaces
[0.247s] [ 76%] Built target interfaces__py
[0.254s] [35m[1mConsolidate compiler generated dependencies of target interfaces__rosidl_generator_py[0m
[0.265s] [ 84%] Built target interfaces__rosidl_generator_py
[0.272s] [35m[1mConsolidate compiler generated dependencies of target interfaces__rosidl_typesupport_fastrtps_c__pyext[0m
[0.274s] [35m[1mConsolidate compiler generated dependencies of target interfaces__rosidl_typesupport_c__pyext[0m
[0.275s] [35m[1mConsolidate compiler generated dependencies of target interfaces__rosidl_typesupport_introspection_c__pyext[0m
[0.283s] [ 89%] Built target interfaces__rosidl_typesupport_fastrtps_c__pyext
[0.287s] [ 94%] Built target interfaces__rosidl_typesupport_c__pyext
[0.288s] [100%] Built target interfaces__rosidl_typesupport_introspection_c__pyext
[0.386s] running egg_info
[0.387s] writing interfaces.egg-info/PKG-INFO
[0.387s] writing dependency_links to interfaces.egg-info/dependency_links.txt
[0.387s] writing top-level names to interfaces.egg-info/top_level.txt
[0.389s] reading manifest file 'interfaces.egg-info/SOURCES.txt'
[0.390s] writing manifest file 'interfaces.egg-info/SOURCES.txt'
[0.414s] [100%] Built target ament_cmake_python_build_interfaces_egg
[0.423s] Invoked command in '/home/sami/assignment2-ros2/ros2-assignment2/build/interfaces' returned '0': CMAKE_PREFIX_PATH=/opt/ros/humble /usr/bin/cmake --build /home/sami/assignment2-ros2/ros2-assignment2/build/interfaces -- -j8 -l8
[0.478s] Invoking command in '/home/sami/assignment2-ros2/ros2-assignment2/build/interfaces': CMAKE_PREFIX_PATH=/opt/ros/humble /usr/bin/cmake --install /home/sami/assignment2-ros2/ros2-assignment2/build/interfaces
[0.484s] -- Install configuration: ""
[0.484s] -- Up-to-date: /home/sami/assignment2-ros2/ros2-assignment2/install/interfaces/share/ament_index/resource_index/rosidl_interfaces/interfaces
[0.484s] -- Up-to-date: /home/sami/assignment2-ros2/ros2-assignment2/install/interfaces/include/interfaces/interfaces
[0.484s] -- Up-to-date: /home/sami/assignment2-ros2/ros2-assignment2/install/interfaces/include/interfaces/interfaces/srv
[0.484s] -- Up-to-date: /home/sami/assignment2-ros2/ros2-assignment2/install/interfaces/include/interfaces/interfaces/srv/check_stock.h
[0.484s] -- Up-to-date: /home/sami/assignment2-ros2/ros2-assignment2/install/interfaces/include/interfaces/interfaces/srv/detail
[0.484s] -- Up-to-date: /home/sami/assignment2-ros2/ros2-assignment2/install/interfaces/include/interfaces/interfaces/srv/detail/check_stock__functions.c
[0.484s] -- Up-to-date: /home/sami/assignment2-ros2/ros2-assignment2/install/interfaces/include/interfaces/interfaces/srv/detail/check_stock__type_support.h
[0.484s] -- Up-to-date: /home/sami/assignment2-ros2/ros2-assignment2/install/interfaces/include/interfaces/interfaces/srv/detail/check_stock__functions.h
[0.484s] -- Up-to-date: /home/sami/assignment2-ros2/ros2-assignment2/install/interfaces/include/interfaces/interfaces/srv/detail/check_stock__struct.h
[0.484s] -- Up-to-date: /home/sami/assignment2-ros2/ros2-assignment2/install/interfaces/include/interfaces/interfaces/action
[0.484s] -- Up-to-date: /home/sami/assignment2-ros2/ros2-assignment2/install/interfaces/include/interfaces/interfaces/action/deliver_item.h
[0.485s] -- Up-to-date: /home/sami/assignment2-ros2/ros2-assignment2/install/interfaces/include/interfaces/interfaces/action/detail
[0.485s] -- Up-to-date: /home/sami/assignment2-ros2/ros2-assignment2/install/interfaces/include/interfaces/interfaces/action/detail/deliver_item__functions.h
[0.485s] -- Up-to-date: /home/sami/assignment2-ros2/ros2-assignment2/install/interfaces/include/interfaces/interfaces/action/detail/deliver_item__type_support.h
[0.485s] -- Up-to-date: /home/sami/assignment2-ros2/ros2-assignment2/install/interfaces/include/interfaces/interfaces/action/detail/deliver_item__functions.c
[0.485s] -- Up-to-date: /home/sami/assignment2-ros2/ros2-assignment2/install/interfaces/include/interfaces/interfaces/action/detail/deliver_item__struct.h
[0.485s] -- Up-to-date: /home/sami/assignment2-ros2/ros2-assignment2/install/interfaces/include/interfaces/interfaces/msg
[0.485s] -- Up-to-date: /home/sami/assignment2-ros2/ros2-assignment2/install/interfaces/include/interfaces/interfaces/msg/rosidl_generator_c__visibility_control.h
[0.485s] -- Up-to-date: /home/sami/assignment2-ros2/ros2-assignment2/install/interfaces/share/interfaces/environment/library_path.sh
[0.485s] -- Up-to-date: /home/sami/assignment2-ros2/ros2-assignment2/install/interfaces/share/interfaces/environment/library_path.dsv
[0.485s] -- Up-to-date: /home/sami/assignment2-ros2/ros2-assignment2/install/interfaces/lib/libinterfaces__rosidl_generator_c.so
[0.485s] -- Up-to-date: /home/sami/assignment2-ros2/ros2-assignment2/install/interfaces/include/interfaces/interfaces
[0.485s] -- Up-to-date: /home/sami/assignment2-ros2/ros2-assignment2/install/interfaces/include/interfaces/interfaces/srv
[0.485s] -- Up-to-date: /home/sami/assignment2-ros2/ros2-assignment2/install/interfaces/include/interfaces/interfaces/srv/detail
[0.485s] -- Up-to-date: /home/sami/assignment2-ros2/ros2-assignment2/install/interfaces/include/interfaces/interfaces/srv/detail/check_stock__rosidl_typesupport_fastrtps_c.h
[0.485s] -- Up-to-date: /home/sami/assignment2-ros2/ros2-assignment2/install/interfaces/include/interfaces/interfaces/action
[0.485s] -- Up-to-date: /home/sami/assignment2-ros2/ros2-assignment2/install/interfaces/include/interfaces/interfaces/action/detail
[0.485s] -- Up-to-date: /home/sami/assignment2-ros2/ros2-assignment2/install/interfaces/include/interfaces/interfaces/action/detail/deliver_item__rosidl_typesupport_fastrtps_c.h
[0.485s] -- Up-to-date: /home/sami/assignment2-ros2/ros2-assignment2/install/interfaces/include/interfaces/interfaces/msg
[0.485s] -- Up-to-date: /home/sami/assignment2-ros2/ros2-assignment2/install/interfaces/include/interfaces/interfaces/msg/rosidl_typesupport_fastrtps_c__visibility_control.h
[0.485s] -- Up-to-date: /home/sami/assignment2-ros2/ros2-assignment2/install/interfaces/lib/libinterfaces__rosidl_typesupport_fastrtps_c.so
[0.485s] -- Up-to-date: /home/sami/assignment2-ros2/ros2-assignment2/install/interfaces/include/interfaces/interfaces
[0.485s] -- Up-to-date: /home/sami/assignment2-ros2/ros2-assignment2/install/interfaces/include/interfaces/interfaces/srv
[0.485s] -- Up-to-date: /home/sami/assignment2-ros2/ros2-assignment2/install/interfaces/include/interfaces/interfaces/srv/detail
[0.486s] -- Up-to-date: /home/sami/assignment2-ros2/ros2-assignment2/install/interfaces/include/interfaces/interfaces/srv/detail/check_stock__rosidl_typesupport_introspection_c.h
[0.486s] -- Up-to-date: /home/sami/assignment2-ros2/ros2-assignment2/install/interfaces/include/interfaces/interfaces/srv/detail/check_stock__type_support.c
[0.486s] -- Up-to-date: /home/sami/assignment2-ros2/ros2-assignment2/install/interfaces/include/interfaces/interfaces/action
[0.486s] -- Up-to-date: /home/sami/assignment2-ros2/ros2-assignment2/install/interfaces/include/interfaces/interfaces/action/detail
[0.486s] -- Up-to-date: /home/sami/assignment2-ros2/ros2-assignment2/install/interfaces/include/interfaces/interfaces/action/detail/deliver_item__type_support.c
[0.486s] -- Up-to-date: /home/sami/assignment2-ros2/ros2-assignment2/install/interfaces/include/interfaces/interfaces/action/detail/deliver_item__rosidl_typesupport_introspection_c.h
[0.486s] -- Up-to-date: /home/sami/assignment2-ros2/ros2-assignment2/install/interfaces/include/interfaces/interfaces/msg
[0.486s] -- Up-to-date: /home/sami/assignment2-ros2/ros2-assignment2/install/interfaces/include/interfaces/interfaces/msg/rosidl_typesupport_introspection_c__visibility_control.h
[0.486s] -- Up-to-date: /home/sami/assignment2-ros2/ros2-assignment2/install/interfaces/lib/libinterfaces__rosidl_typesupport_introspection_c.so
[0.486s] -- Up-to-date: /home/sami/assignment2-ros2/ros2-assignment2/install/interfaces/lib/libinterfaces__rosidl_typesupport_c.so
[0.486s] -- Up-to-date: /home/sami/assignment2-ros2/ros2-assignment2/install/interfaces/include/interfaces/interfaces
[0.486s] -- Up-to-date: /home/sami/assignment2-ros2/ros2-assignment2/install/interfaces/include/interfaces/interfaces/srv
[0.486s] -- Up-to-date: /home/sami/assignment2-ros2/ros2-assignment2/install/interfaces/include/interfaces/interfaces/srv/detail
[0.486s] -- Up-to-date: /home/sami/assignment2-ros2/ros2-assignment2/install/interfaces/include/interfaces/interfaces/srv/detail/check_stock__struct.hpp
[0.486s] -- Up-to-date: /home/sami/assignment2-ros2/ros2-assignment2/install/interfaces/include/interfaces/interfaces/srv/detail/check_stock__traits.hpp
[0.486s] -- Up-to-date: /home/sami/assignment2-ros2/ros2-assignment2/install/interfaces/include/interfaces/interfaces/srv/detail/check_stock__builder.hpp
[0.486s] -- Up-to-date: /home/sami/assignment2-ros2/ros2-assignment2/install/interfaces/include/interfaces/interfaces/srv/check_stock.hpp
[0.486s] -- Up-to-date: /home/sami/assignment2-ros2/ros2-assignment2/install/interfaces/include/interfaces/interfaces/action
[0.486s] -- Up-to-date: /home/sami/assignment2-ros2/ros2-assignment2/install/interfaces/include/interfaces/interfaces/action/detail
[0.486s] -- Up-to-date: /home/sami/assignment2-ros2/ros2-assignment2/install/interfaces/include/interfaces/interfaces/action/detail/deliver_item__builder.hpp
[0.486s] -- Up-to-date: /home/sami/assignment2-ros2/ros2-assignment2/install/interfaces/include/interfaces/interfaces/action/detail/deliver_item__traits.hpp
[0.486s] -- Up-to-date: /home/sami/assignment2-ros2/ros2-assignment2/install/interfaces/include/interfaces/interfaces/action/detail/deliver_item__struct.hpp
[0.486s] -- Up-to-date: /home/sami/assignment2-ros2/ros2-assignment2/install/interfaces/include/interfaces/interfaces/action/deliver_item.hpp
[0.487s] -- Up-to-date: /home/sami/assignment2-ros2/ros2-assignment2/install/interfaces/include/interfaces/interfaces
[0.487s] -- Up-to-date: /home/sami/assignment2-ros2/ros2-assignment2/install/interfaces/include/interfaces/interfaces/srv
[0.487s] -- Up-to-date: /home/sami/assignment2-ros2/ros2-assignment2/install/interfaces/include/interfaces/interfaces/srv/detail
[0.487s] -- Up-to-date: /home/sami/assignment2-ros2/ros2-assignment2/install/interfaces/include/interfaces/interfaces/srv/detail/dds_fastrtps
[0.487s] -- Up-to-date: /home/sami/assignment2-ros2/ros2-assignment2/install/interfaces/include/interfaces/interfaces/srv/detail/check_stock__rosidl_typesupport_fastrtps_cpp.hpp
[0.487s] -- Up-to-date: /home/sami/assignment2-ros2/ros2-assignment2/install/interfaces/include/interfaces/interfaces/action
[0.487s] -- Up-to-date: /home/sami/assignment2-ros2/ros2-assignment2/install/interfaces/include/interfaces/interfaces/action/detail
[0.487s] -- Up-to-date: /home/sami/assignment2-ros2/ros2-assignment2/install/interfaces/include/interfaces/interfaces/action/detail/deliver_item__rosidl_typesupport_fastrtps_cpp.hpp
[0.487s] -- Up-to-date: /home/sami/assignment2-ros2/ros2-assignment2/install/interfaces/include/interfaces/interfaces/action/detail/dds_fastrtps
[0.487s] -- Up-to-date: /home/sami/assignment2-ros2/ros2-assignment2/install/interfaces/include/interfaces/interfaces/msg
[0.487s] -- Up-to-date: /home/sami/assignment2-ros2/ros2-assignment2/install/interfaces/include/interfaces/interfaces/msg/rosidl_typesupport_fastrtps_cpp__visibility_control.h
[0.487s] -- Up-to-date: /home/sami/assignment2-ros2/ros2-assignment2/install/interfaces/lib/libinterfaces__rosidl_typesupport_fastrtps_cpp.so
[0.487s] -- Up-to-date: /home/sami/assignment2-ros2/ros2-assignment2/install/interfaces/include/interfaces/interfaces
[0.487s] -- Up-to-date: /home/sami/assignment2-ros2/ros2-assignment2/install/interfaces/include/interfaces/interfaces/srv
[0.487s] -- Up-to-date: /home/sami/assignment2-ros2/ros2-assignment2/install/interfaces/include/interfaces/interfaces/srv/detail
[0.487s] -- Up-to-date: /home/sami/assignment2-ros2/ros2-assignment2/install/interfaces/include/interfaces/interfaces/srv/detail/check_stock__rosidl_typesupport_introspection_cpp.hpp
[0.487s] -- Up-to-date: /home/sami/assignment2-ros2/ros2-assignment2/install/interfaces/include/interfaces/interfaces/srv/detail/check_stock__type_support.cpp
[0.487s] -- Up-to-date: /home/sami/assignment2-ros2/ros2-assignment2/install/interfaces/include/interfaces/interfaces/action
[0.487s] -- Up-to-date: /home/sami/assignment2-ros2/ros2-assignment2/install/interfaces/include/interfaces/interfaces/action/detail
[0.487s] -- Up-to-date: /home/sami/assignment2-ros2/ros2-assignment2/install/interfaces/include/interfaces/interfaces/action/detail/deliver_item__type_support.cpp
[0.487s] -- Up-to-date: /home/sami/assignment2-ros2/ros2-assignment2/install/interfaces/include/interfaces/interfaces/action/detail/deliver_item__rosidl_typesupport_introspection_cpp.hpp
[0.487s] -- Up-to-date: /home/sami/assignment2-ros2/ros2-assignment2/install/interfaces/lib/libinterfaces__rosidl_typesupport_introspection_cpp.so
[0.488s] -- Up-to-date: /home/sami/assignment2-ros2/ros2-assignment2/install/interfaces/lib/libinterfaces__rosidl_typesupport_cpp.so
[0.488s] -- Up-to-date: /home/sami/assignment2-ros2/ros2-assignment2/install/interfaces/share/interfaces/environment/pythonpath.sh
[0.488s] -- Up-to-date: /home/sami/assignment2-ros2/ros2-assignment2/install/interfaces/share/interfaces/environment/pythonpath.dsv
[0.488s] -- Up-to-date: /home/sami/assignment2-ros2/ros2-assignment2/install/interfaces/local/lib/python3.10/dist-packages/interfaces-0.0.0-py3.10.egg-info
[0.488s] -- Installing: /home/sami/assignment2-ros2/ros2-assignment2/install/interfaces/local/lib/python3.10/dist-packages/interfaces-0.0.0-py3.10.egg-info/top_level.txt
[0.488s] -- Installing: /home/sami/assignment2-ros2/ros2-assignment2/install/interfaces/local/lib/python3.10/dist-packages/interfaces-0.0.0-py3.10.egg-info/PKG-INFO
[0.488s] -- Installing: /home/sami/assignment2-ros2/ros2-assignment2/install/interfaces/local/lib/python3.10/dist-packages/interfaces-0.0.0-py3.10.egg-info/SOURCES.txt
[0.488s] -- Installing: /home/sami/assignment2-ros2/ros2-assignment2/install/interfaces/local/lib/python3.10/dist-packages/interfaces-0.0.0-py3.10.egg-info/dependency_links.txt
[0.488s] -- Up-to-date: /home/sami/assignment2-ros2/ros2-assignment2/install/interfaces/local/lib/python3.10/dist-packages/interfaces
[0.488s] -- Up-to-date: /home/sami/assignment2-ros2/ros2-assignment2/install/interfaces/local/lib/python3.10/dist-packages/interfaces/srv
[0.488s] -- Up-to-date: /home/sami/assignment2-ros2/ros2-assignment2/install/interfaces/local/lib/python3.10/dist-packages/interfaces/srv/_check_stock_s.c
[0.488s] -- Up-to-date: /home/sami/assignment2-ros2/ros2-assignment2/install/interfaces/local/lib/python3.10/dist-packages/interfaces/srv/__init__.py
[0.488s] -- Up-to-date: /home/sami/assignment2-ros2/ros2-assignment2/install/interfaces/local/lib/python3.10/dist-packages/interfaces/srv/_check_stock.py
[0.488s] -- Up-to-date: /home/sami/assignment2-ros2/ros2-assignment2/install/interfaces/local/lib/python3.10/dist-packages/interfaces/interfaces_s__rosidl_typesupport_fastrtps_c.cpython-310-x86_64-linux-gnu.so
[0.488s] -- Up-to-date: /home/sami/assignment2-ros2/ros2-assignment2/install/interfaces/local/lib/python3.10/dist-packages/interfaces/interfaces_s__rosidl_typesupport_c.cpython-310-x86_64-linux-gnu.so
[0.488s] -- Up-to-date: /home/sami/assignment2-ros2/ros2-assignment2/install/interfaces/local/lib/python3.10/dist-packages/interfaces/_interfaces_s.ep.rosidl_typesupport_c.c
[0.488s] -- Up-to-date: /home/sami/assignment2-ros2/ros2-assignment2/install/interfaces/local/lib/python3.10/dist-packages/interfaces/action
[0.488s] -- Up-to-date: /home/sami/assignment2-ros2/ros2-assignment2/install/interfaces/local/lib/python3.10/dist-packages/interfaces/action/_deliver_item.py
[0.488s] -- Up-to-date: /home/sami/assignment2-ros2/ros2-assignment2/install/interfaces/local/lib/python3.10/dist-packages/interfaces/action/_deliver_item_s.c
[0.488s] -- Up-to-date: /home/sami/assignment2-ros2/ros2-assignment2/install/interfaces/local/lib/python3.10/dist-packages/interfaces/action/__init__.py
[0.488s] -- Up-to-date: /home/sami/assignment2-ros2/ros2-assignment2/install/interfaces/local/lib/python3.10/dist-packages/interfaces/_interfaces_s.ep.rosidl_typesupport_fastrtps_c.c
[0.488s] -- Up-to-date: /home/sami/assignment2-ros2/ros2-assignment2/install/interfaces/local/lib/python3.10/dist-packages/interfaces/_interfaces_s.ep.rosidl_typesupport_introspection_c.c
[0.488s] -- Up-to-date: /home/sami/assignment2-ros2/ros2-assignment2/install/interfaces/local/lib/python3.10/dist-packages/interfaces/interfaces_s__rosidl_typesupport_introspection_c.cpython-310-x86_64-linux-gnu.so
[0.488s] -- Up-to-date: /home/sami/assignment2-ros2/ros2-assignment2/install/interfaces/local/lib/python3.10/dist-packages/interfaces/__init__.py
[0.488s] -- Up-to-date: /home/sami/assignment2-ros2/ros2-assignment2/install/interfaces/local/lib/python3.10/dist-packages/interfaces/libinterfaces__rosidl_generator_py.so
[0.507s] Listing '/home/sami/assignment2-ros2/ros2-assignment2/install/interfaces/local/lib/python3.10/dist-packages/interfaces'...
[0.507s] Listing '/home/sami/assignment2-ros2/ros2-assignment2/install/interfaces/local/lib/python3.10/dist-packages/interfaces/action'...
[0.507s] Listing '/home/sami/assignment2-ros2/ros2-assignment2/install/interfaces/local/lib/python3.10/dist-packages/interfaces/srv'...
[0.510s] -- Up-to-date: /home/sami/assignment2-ros2/ros2-assignment2/install/interfaces/local/lib/python3.10/dist-packages/interfaces/interfaces_s__rosidl_typesupport_fastrtps_c.cpython-310-x86_64-linux-gnu.so
[0.510s] -- Up-to-date: /home/sami/assignment2-ros2/ros2-assignment2/install/interfaces/local/lib/python3.10/dist-packages/interfaces/interfaces_s__rosidl_typesupport_introspection_c.cpython-310-x86_64-linux-gnu.so
[0.510s] -- Up-to-date: /home/sami/assignment2-ros2/ros2-assignment2/install/interfaces/local/lib/python3.10/dist-packages/interfaces/interfaces_s__rosidl_typesupport_c.cpython-310-x86_64-linux-gnu.so
[0.511s] -- Up-to-date: /home/sami/assignment2-ros2/ros2-assignment2/install/interfaces/lib/libinterfaces__rosidl_generator_py.so
[0.511s] -- Up-to-date: /home/sami/assignment2-ros2/ros2-assignment2/install/interfaces/share/interfaces/action/DeliverItem.idl
[0.511s] -- Up-to-date: /home/sami/assignment2-ros2/ros2-assignment2/install/interfaces/share/interfaces/srv/CheckStock.idl
[0.511s] -- Up-to-date: /home/sami/assignment2-ros2/ros2-assignment2/install/interfaces/share/interfaces/action/DeliverItem.action
[0.511s] -- Up-to-date: /home/sami/assignment2-ros2/ros2-assignment2/install/interfaces/share/interfaces/srv/CheckStock.srv
[0.511s] -- Up-to-date: /home/sami/assignment2-ros2/ros2-assignment2/install/interfaces/share/interfaces/srv/CheckStock_Request.msg
[0.511s] -- Up-to-date: /home/sami/assignment2-ros2/ros2-assignment2/install/interfaces/share/interfaces/srv/CheckStock_Response.msg
[0.511s] -- Up-to-date: /home/sami/assignment2-ros2/ros2-assignment2/install/interfaces/share/ament_index/resource_index/package_run_dependencies/interfaces
[0.511s] -- Up-to-date: /home/sami/assignment2-ros2/ros2-assignment2/install/interfaces/share/ament_index/resource_index/parent_prefix_path/interfaces
[0.511s] -- Up-to-date: /home/sami/assignment2-ros2/ros2-assignment2/install/interfaces/share/interfaces/environment/ament_prefix_path.sh
[0.511s] -- Up-to-date: /home/sami/assignment2-ros2/ros2-assignment2/install/interfaces/share/interfaces/environment/ament_prefix_path.dsv
[0.512s] -- Up-to-date: /home/sami/assignment2-ros2/ros2-assignment2/install/interfaces/share/interfaces/environment/path.sh
[0.512s] -- Up-to-date: /home/sami/assignment2-ros2/ros2-assignment2/install/interfaces/share/interfaces/environment/path.dsv
[0.512s] -- Up-to-date: /home/sami/assignment2-ros2/ros2-assignment2/install/interfaces/share/interfaces/local_setup.bash
[0.512s] -- Up-to-date: /home/sami/assignment2-ros2/ros2-assignment2/install/interfaces/share/interfaces/local_setup.sh
[0.512s] -- Up-to-date: /home/sami/assignment2-ros2/ros2-assignment2/install/interfaces/share/interfaces/local_setup.zsh
[0.512s] -- Up-to-date: /home/sami/assignment2-ros2/ros2-assignment2/install/interfaces/share/interfaces/local_setup.dsv
[0.512s] -- Installing: /home/sami/assignment2-ros2/ros2-assignment2/install/interfaces/share/interfaces/package.dsv
[0.512s] -- Up-to-date: /home/sami/assignment2-ros2/ros2-assignment2/install/interfaces/share/ament_index/resource_index/packages/interfaces
[0.512s] -- Up-to-date: /home/sami/assignment2-ros2/ros2-assignment2/install/interfaces/share/interfaces/cmake/export_interfaces__rosidl_generator_cExport.cmake
[0.512s] -- Up-to-date: /home/sami/assignment2-ros2/ros2-assignment2/install/interfaces/share/interfaces/cmake/export_interfaces__rosidl_generator_cExport-noconfig.cmake
[0.512s] -- Up-to-date: /home/sami/assignment2-ros2/ros2-assignment2/install/interfaces/share/interfaces/cmake/export_interfaces__rosidl_typesupport_fastrtps_cExport.cmake
[0.512s] -- Up-to-date: /home/sami/assignment2-ros2/ros2-assignment2/install/interfaces/share/interfaces/cmake/export_interfaces__rosidl_typesupport_fastrtps_cExport-noconfig.cmake
[0.513s] -- Up-to-date: /home/sami/assignment2-ros2/ros2-assignment2/install/interfaces/share/interfaces/cmake/interfaces__rosidl_typesupport_introspection_cExport.cmake
[0.513s] -- Up-to-date: /home/sami/assignment2-ros2/ros2-assignment2/install/interfaces/share/interfaces/cmake/interfaces__rosidl_typesupport_introspection_cExport-noconfig.cmake
[0.513s] -- Up-to-date: /home/sami/assignment2-ros2/ros2-assignment2/install/interfaces/share/interfaces/cmake/interfaces__rosidl_typesupport_cExport.cmake
[0.513s] -- Up-to-date: /home/sami/assignment2-ros2/ros2-assignment2/install/interfaces/share/interfaces/cmake/interfaces__rosidl_typesupport_cExport-noconfig.cmake
[0.513s] -- Up-to-date: /home/sami/assignment2-ros2/ros2-assignment2/install/interfaces/share/interfaces/cmake/export_interfaces__rosidl_generator_cppExport.cmake
[0.513s] -- Up-to-date: /home/sami/assignment2-ros2/ros2-assignment2/install/interfaces/share/interfaces/cmake/export_interfaces__rosidl_typesupport_fastrtps_cppExport.cmake
[0.513s] -- Up-to-date: /home/sami/assignment2-ros2/ros2-assignment2/install/interfaces/share/interfaces/cmake/export_interfaces__rosidl_typesupport_fastrtps_cppExport-noconfig.cmake
[0.513s] -- Up-to-date: /home/sami/assignment2-ros2/ros2-assignment2/install/interfaces/share/interfaces/cmake/interfaces__rosidl_typesupport_introspection_cppExport.cmake
[0.513s] -- Up-to-date: /home/sami/assignment2-ros2/ros2-assignment2/install/interfaces/share/interfaces/cmake/interfaces__rosidl_typesupport_introspection_cppExport-noconfig.cmake
[0.513s] -- Up-to-date: /home/sami/assignment2-ros2/ros2-assignment2/install/interfaces/share/interfaces/cmake/interfaces__rosidl_typesupport_cppExport.cmake
[0.513s] -- Up-to-date: /home/sami/assignment2-ros2/ros2-assignment2/install/interfaces/share/interfaces/cmake/interfaces__rosidl_typesupport_cppExport-noconfig.cmake
[0.513s] -- Up-to-date: /home/sami/assignment2-ros2/ros2-assignment2/install/interfaces/share/interfaces/cmake/export_interfaces__rosidl_generator_pyExport.cmake
[0.513s] -- Up-to-date: /home/sami/assignment2-ros2/ros2-assignment2/install/interfaces/share/interfaces/cmake/export_interfaces__rosidl_generator_pyExport-noconfig.cmake
[0.513s] -- Up-to-date: /home/sami/assignment2-ros2/ros2-assignment2/install/interfaces/share/interfaces/cmake/rosidl_cmake-extras.cmake
[0.513s] -- Up-to-date: /home/sami/assignment2-ros2/ros2-assignment2/install/interfaces/share/interfaces/cmake/ament_cmake_export_dependencies-extras.cmake
[0.514s] -- Up-to-date: /home/sami/assignment2-ros2/ros2-assignment2/install/interfaces/share/interfaces/cmake/ament_cmake_export_include_directories-extras.cmake
[0.514s] -- Up-to-date: /home/sami/assignment2-ros2/ros2-assignment2/install/interfaces/share/interfaces/cmake/ament_cmake_export_libraries-extras.cmake
[0.514s] -- Up-to-date: /home/sami/assignment2-ros2/ros2-assignment2/install/interfaces/share/interfaces/cmake/ament_cmake_export_targets-extras.cmake
[0.514s] -- Up-to-date: /home/sami/assignment2-ros2/ros2-assignment2/install/interfaces/share/interfaces/cmake/rosidl_cmake_export_typesupport_targets-extras.cmake
[0.514s] -- Up-to-date: /home/sami/assignment2-ros2/ros2-assignment2/install/interfaces/share/interfaces/cmake/rosidl_cmake_export_typesupport_libraries-extras.cmake
[0.514s] -- Up-to-date: /home/sami/assignment2-ros2/ros2-assignment2/install/interfaces/share/interfaces/cmake/interfacesConfig.cmake
[0.514s] -- Up-to-date: /home/sami/assignment2-ros2/ros2-assignment2/install/interfaces/share/interfaces/cmake/interfacesConfig-version.cmake
[0.514s] -- Up-to-date: /home/sami/assignment2-ros2/ros2-assignment2/install/interfaces/share/interfaces/package.xml
[0.515s] Invoked command in '/home/sami/assignment2-ros2/ros2-assignment2/build/interfaces' returned '0': CMAKE_PREFIX_PATH=/opt/ros/humble /usr/bin/cmake --install /home/sami/assignment2-ros2/ros2-assignment2/build/interfaces
