[0.160s] Invoking command in '/home/sami/assignment2-ros2/build/interfaces': CMAKE_PREFIX_PATH=${CMAKE_PREFIX_PATH}:/home/sami/assignment2-ros2/install/action_service:/home/sami/Documents/ros2-assignment2/install/action_service:/opt/ros/humble /usr/bin/cmake --build /home/sami/assignment2-ros2/build/interfaces -- -j8 -l8
[0.176s] -- Found ament_cmake: 1.3.9 (/opt/ros/humble/share/ament_cmake/cmake)
[0.255s] -- Found rosidl_default_generators: 1.2.0 (/opt/ros/humble/share/rosidl_default_generators/cmake)
[0.256s] -- Using all available rosidl_typesupport_c: rosidl_typesupport_fastrtps_c;rosidl_typesupport_introspection_c
[0.257s] -- Found rosidl_adapter: 3.1.5 (/opt/ros/humble/share/rosidl_adapter/cmake)
[0.275s] -- Using all available rosidl_typesupport_cpp: rosidl_typesupport_fastrtps_cpp;rosidl_typesupport_introspection_cpp
[0.514s] -- Found ament_cmake_ros: 0.10.0 (/opt/ros/humble/share/ament_cmake_ros/cmake)
[0.641s] -- Using all available rosidl_typesupport_c: rosidl_typesupport_fastrtps_c;rosidl_typesupport_introspection_c
[0.800s] -- Using all available rosidl_typesupport_cpp: rosidl_typesupport_fastrtps_cpp;rosidl_typesupport_introspection_cpp
[0.814s] -- Found python_cmake_module: 0.10.0 (/opt/ros/humble/share/python_cmake_module/cmake)
[0.829s] -- Using PYTHON_EXECUTABLE: /usr/bin/python3
[0.829s] -- Using PYTHON_INCLUDE_DIRS: /usr/include/python3.10
[0.829s] -- Using PYTHON_LIBRARIES: /usr/lib/x86_64-linux-gnu/libpython3.10.so
[0.841s] -- Found ament_lint_auto: 0.12.11 (/opt/ros/humble/share/ament_lint_auto/cmake)
[0.846s] -- Added test 'lint_cmake' to check CMake code style
[0.846s] -- Added test 'xmllint' to check XML markup files
[0.847s] -- Configuring done
[0.867s] -- Generating done
[0.869s] -- Build files have been written to: /home/sami/assignment2-ros2/build/interfaces
[0.884s] [  2%] [34m[1mGenerating C code for ROS interfaces[0m
[0.891s] [  5%] [34m[1mGenerating C++ code for ROS interfaces[0m
[0.898s] [  5%] Built target ament_cmake_python_copy_interfaces
[1.059s] running egg_info
[1.059s] writing interfaces.egg-info/PKG-INFO
[1.060s] writing dependency_links to interfaces.egg-info/dependency_links.txt
[1.060s] writing top-level names to interfaces.egg-info/top_level.txt
[1.061s] reading manifest file 'interfaces.egg-info/SOURCES.txt'
[1.062s] writing manifest file 'interfaces.egg-info/SOURCES.txt'
[1.080s] [  5%] Built target ament_cmake_python_build_interfaces_egg
[1.241s] [  5%] Built target interfaces__cpp
[1.248s] [  7%] [34m[1mGenerating C++ type support for eProsima Fast-RTPS[0m
[1.249s] [ 10%] [34m[1mGenerating C++ type support dispatch for ROS interfaces[0m
[1.250s] [ 12%] [34m[1mGenerating C++ introspection for ROS interfaces[0m
[1.253s] [35m[1mConsolidate compiler generated dependencies of target interfaces__rosidl_generator_c[0m
[1.262s] [ 15%] [32mBuilding C object CMakeFiles/interfaces__rosidl_generator_c.dir/rosidl_generator_c/interfaces/action/detail/deliver_item__functions.c.o[0m
[1.265s] [ 17%] [32mBuilding C object CMakeFiles/interfaces__rosidl_generator_c.dir/rosidl_generator_c/interfaces/srv/detail/check_stock__functions.c.o[0m
[1.350s] [ 20%] [32m[1mLinking C shared library libinterfaces__rosidl_generator_c.so[0m
[1.375s] [ 20%] Built target interfaces__rosidl_generator_c
[1.384s] [ 23%] [34m[1mGenerating C type support for eProsima Fast-RTPS[0m
[1.384s] [ 25%] [34m[1mGenerating C introspection for ROS interfaces[0m
[1.384s] [ 28%] [34m[1mGenerating C type support dispatch for ROS interfaces[0m
[1.505s] [35m[1mConsolidate compiler generated dependencies of target interfaces__rosidl_typesupport_cpp[0m
[1.517s] [ 30%] [32mBuilding CXX object CMakeFiles/interfaces__rosidl_typesupport_cpp.dir/rosidl_typesupport_cpp/interfaces/srv/check_stock__type_support.cpp.o[0m
[1.518s] [ 33%] [32mBuilding CXX object CMakeFiles/interfaces__rosidl_typesupport_cpp.dir/rosidl_typesupport_cpp/interfaces/action/deliver_item__type_support.cpp.o[0m
[1.617s] [35m[1mConsolidate compiler generated dependencies of target interfaces__rosidl_typesupport_fastrtps_cpp[0m
[1.633s] [ 38%] [32mBuilding CXX object CMakeFiles/interfaces__rosidl_typesupport_fastrtps_cpp.dir/rosidl_typesupport_fastrtps_cpp/interfaces/srv/detail/dds_fastrtps/check_stock__type_support.cpp.o[0m
[1.634s] [ 38%] [32mBuilding CXX object CMakeFiles/interfaces__rosidl_typesupport_fastrtps_cpp.dir/rosidl_typesupport_fastrtps_cpp/interfaces/action/detail/dds_fastrtps/deliver_item__type_support.cpp.o[0m
[1.685s] [35m[1mConsolidate compiler generated dependencies of target interfaces__rosidl_typesupport_introspection_cpp[0m
[1.701s] [ 41%] [32mBuilding CXX object CMakeFiles/interfaces__rosidl_typesupport_introspection_cpp.dir/rosidl_typesupport_introspection_cpp/interfaces/action/detail/deliver_item__type_support.cpp.o[0m
[1.799s] [35m[1mConsolidate compiler generated dependencies of target interfaces__rosidl_typesupport_c[0m
[1.811s] [ 43%] [32mBuilding CXX object CMakeFiles/interfaces__rosidl_typesupport_introspection_cpp.dir/rosidl_typesupport_introspection_cpp/interfaces/srv/detail/check_stock__type_support.cpp.o[0m
[1.812s] [ 46%] [32mBuilding CXX object CMakeFiles/interfaces__rosidl_typesupport_c.dir/rosidl_typesupport_c/interfaces/action/deliver_item__type_support.cpp.o[0m
[1.866s] [ 48%] [32mBuilding CXX object CMakeFiles/interfaces__rosidl_typesupport_c.dir/rosidl_typesupport_c/interfaces/srv/check_stock__type_support.cpp.o[0m
[1.934s] [ 51%] [32m[1mLinking CXX shared library libinterfaces__rosidl_typesupport_c.so[0m
[2.013s] [35m[1mConsolidate compiler generated dependencies of target interfaces__rosidl_typesupport_introspection_c[0m
[2.027s] [ 51%] Built target interfaces__rosidl_typesupport_c
[2.028s] [ 53%] [32mBuilding C object CMakeFiles/interfaces__rosidl_typesupport_introspection_c.dir/rosidl_typesupport_introspection_c/interfaces/action/detail/deliver_item__type_support.c.o[0m
[2.037s] [ 56%] [32mBuilding C object CMakeFiles/interfaces__rosidl_typesupport_introspection_c.dir/rosidl_typesupport_introspection_c/interfaces/srv/detail/check_stock__type_support.c.o[0m
[2.037s] [ 58%] [32m[1mLinking CXX shared library libinterfaces__rosidl_typesupport_cpp.so[0m
[2.043s] [35m[1mConsolidate compiler generated dependencies of target interfaces__rosidl_typesupport_fastrtps_c[0m
[2.061s] [ 61%] [32mBuilding CXX object CMakeFiles/interfaces__rosidl_typesupport_fastrtps_c.dir/rosidl_typesupport_fastrtps_c/interfaces/action/detail/deliver_item__type_support_c.cpp.o[0m
[2.095s] [ 64%] [32mBuilding CXX object CMakeFiles/interfaces__rosidl_typesupport_fastrtps_c.dir/rosidl_typesupport_fastrtps_c/interfaces/srv/detail/check_stock__type_support_c.cpp.o[0m
[2.105s] [ 66%] [32m[1mLinking C shared library libinterfaces__rosidl_typesupport_introspection_c.so[0m
[2.120s] [ 66%] Built target interfaces__rosidl_typesupport_cpp
[2.145s] [ 66%] Built target interfaces__rosidl_typesupport_introspection_c
[2.234s] [ 69%] [32m[1mLinking CXX shared library libinterfaces__rosidl_typesupport_fastrtps_cpp.so[0m
[2.297s] [ 69%] Built target interfaces__rosidl_typesupport_fastrtps_cpp
[2.342s] [ 71%] [32m[1mLinking CXX shared library libinterfaces__rosidl_typesupport_introspection_cpp.so[0m
[2.400s] [ 71%] Built target interfaces__rosidl_typesupport_introspection_cpp
[2.432s] [ 74%] [32m[1mLinking CXX shared library libinterfaces__rosidl_typesupport_fastrtps_c.so[0m
[2.481s] [ 74%] Built target interfaces__rosidl_typesupport_fastrtps_c
[2.494s] [ 74%] Built target interfaces
[2.508s] [ 76%] [34m[1mGenerating Python code for ROS interfaces[0m
[3.103s] [ 76%] Built target interfaces__py
[3.109s] [35m[1mConsolidate compiler generated dependencies of target interfaces__rosidl_generator_py[0m
[3.118s] [ 79%] [32mBuilding C object CMakeFiles/interfaces__rosidl_generator_py.dir/rosidl_generator_py/interfaces/action/_deliver_item_s.c.o[0m
[3.118s] [ 82%] [32mBuilding C object CMakeFiles/interfaces__rosidl_generator_py.dir/rosidl_generator_py/interfaces/srv/_check_stock_s.c.o[0m
[3.205s] [ 84%] [32m[1mLinking C shared library rosidl_generator_py/interfaces/libinterfaces__rosidl_generator_py.so[0m
[3.232s] [ 84%] Built target interfaces__rosidl_generator_py
[3.239s] [35m[1mConsolidate compiler generated dependencies of target interfaces__rosidl_typesupport_introspection_c__pyext[0m
[3.239s] [35m[1mConsolidate compiler generated dependencies of target interfaces__rosidl_typesupport_fastrtps_c__pyext[0m
[3.239s] [35m[1mConsolidate compiler generated dependencies of target interfaces__rosidl_typesupport_c__pyext[0m
[3.249s] [ 92%] [32mBuilding C object CMakeFiles/interfaces__rosidl_typesupport_fastrtps_c__pyext.dir/rosidl_generator_py/interfaces/_interfaces_s.ep.rosidl_typesupport_fastrtps_c.c.o[0m
[3.249s] [ 92%] [32mBuilding C object CMakeFiles/interfaces__rosidl_typesupport_c__pyext.dir/rosidl_generator_py/interfaces/_interfaces_s.ep.rosidl_typesupport_c.c.o[0m
[3.249s] [ 92%] [32mBuilding C object CMakeFiles/interfaces__rosidl_typesupport_introspection_c__pyext.dir/rosidl_generator_py/interfaces/_interfaces_s.ep.rosidl_typesupport_introspection_c.c.o[0m
[3.333s] [ 97%] [32m[1mLinking C shared library rosidl_generator_py/interfaces/interfaces_s__rosidl_typesupport_c.cpython-310-x86_64-linux-gnu.so[0m
[3.333s] [100%] [32m[1mLinking C shared library rosidl_generator_py/interfaces/interfaces_s__rosidl_typesupport_fastrtps_c.cpython-310-x86_64-linux-gnu.so[0m
[3.333s] [100%] [32m[1mLinking C shared library rosidl_generator_py/interfaces/interfaces_s__rosidl_typesupport_introspection_c.cpython-310-x86_64-linux-gnu.so[0m
[3.361s] [100%] Built target interfaces__rosidl_typesupport_introspection_c__pyext
[3.361s] [100%] Built target interfaces__rosidl_typesupport_c__pyext
[3.361s] [100%] Built target interfaces__rosidl_typesupport_fastrtps_c__pyext
[3.370s] Invoked command in '/home/sami/assignment2-ros2/build/interfaces' returned '0': CMAKE_PREFIX_PATH=${CMAKE_PREFIX_PATH}:/home/sami/assignment2-ros2/install/action_service:/home/sami/Documents/ros2-assignment2/install/action_service:/opt/ros/humble /usr/bin/cmake --build /home/sami/assignment2-ros2/build/interfaces -- -j8 -l8
[3.423s] Invoking command in '/home/sami/assignment2-ros2/build/interfaces': CMAKE_PREFIX_PATH=${CMAKE_PREFIX_PATH}:/home/sami/assignment2-ros2/install/action_service:/home/sami/Documents/ros2-assignment2/install/action_service:/opt/ros/humble /usr/bin/cmake --install /home/sami/assignment2-ros2/build/interfaces
[3.428s] -- Install configuration: ""
[3.428s] -- Up-to-date: /home/sami/assignment2-ros2/install/interfaces/share/ament_index/resource_index/rosidl_interfaces/interfaces
[3.429s] -- Up-to-date: /home/sami/assignment2-ros2/install/interfaces/include/interfaces/interfaces
[3.429s] -- Up-to-date: /home/sami/assignment2-ros2/install/interfaces/include/interfaces/interfaces/srv
[3.429s] -- Installing: /home/sami/assignment2-ros2/install/interfaces/include/interfaces/interfaces/srv/check_stock.h
[3.429s] -- Up-to-date: /home/sami/assignment2-ros2/install/interfaces/include/interfaces/interfaces/srv/detail
[3.429s] -- Installing: /home/sami/assignment2-ros2/install/interfaces/include/interfaces/interfaces/srv/detail/check_stock__functions.c
[3.429s] -- Installing: /home/sami/assignment2-ros2/install/interfaces/include/interfaces/interfaces/srv/detail/check_stock__type_support.h
[3.429s] -- Installing: /home/sami/assignment2-ros2/install/interfaces/include/interfaces/interfaces/srv/detail/check_stock__functions.h
[3.429s] -- Installing: /home/sami/assignment2-ros2/install/interfaces/include/interfaces/interfaces/srv/detail/check_stock__struct.h
[3.429s] -- Up-to-date: /home/sami/assignment2-ros2/install/interfaces/include/interfaces/interfaces/action
[3.429s] -- Installing: /home/sami/assignment2-ros2/install/interfaces/include/interfaces/interfaces/action/deliver_item.h
[3.429s] -- Up-to-date: /home/sami/assignment2-ros2/install/interfaces/include/interfaces/interfaces/action/detail
[3.429s] -- Installing: /home/sami/assignment2-ros2/install/interfaces/include/interfaces/interfaces/action/detail/deliver_item__functions.h
[3.429s] -- Installing: /home/sami/assignment2-ros2/install/interfaces/include/interfaces/interfaces/action/detail/deliver_item__type_support.h
[3.429s] -- Installing: /home/sami/assignment2-ros2/install/interfaces/include/interfaces/interfaces/action/detail/deliver_item__functions.c
[3.430s] -- Installing: /home/sami/assignment2-ros2/install/interfaces/include/interfaces/interfaces/action/detail/deliver_item__struct.h
[3.430s] -- Up-to-date: /home/sami/assignment2-ros2/install/interfaces/include/interfaces/interfaces/msg
[3.430s] -- Up-to-date: /home/sami/assignment2-ros2/install/interfaces/include/interfaces/interfaces/msg/rosidl_generator_c__visibility_control.h
[3.430s] -- Up-to-date: /home/sami/assignment2-ros2/install/interfaces/share/interfaces/environment/library_path.sh
[3.430s] -- Installing: /home/sami/assignment2-ros2/install/interfaces/share/interfaces/environment/library_path.dsv
[3.430s] -- Installing: /home/sami/assignment2-ros2/install/interfaces/lib/libinterfaces__rosidl_generator_c.so
[3.430s] -- Set runtime path of "/home/sami/assignment2-ros2/install/interfaces/lib/libinterfaces__rosidl_generator_c.so" to ""
[3.430s] -- Up-to-date: /home/sami/assignment2-ros2/install/interfaces/include/interfaces/interfaces
[3.430s] -- Up-to-date: /home/sami/assignment2-ros2/install/interfaces/include/interfaces/interfaces/srv
[3.430s] -- Up-to-date: /home/sami/assignment2-ros2/install/interfaces/include/interfaces/interfaces/srv/detail
[3.431s] -- Installing: /home/sami/assignment2-ros2/install/interfaces/include/interfaces/interfaces/srv/detail/check_stock__rosidl_typesupport_fastrtps_c.h
[3.431s] -- Up-to-date: /home/sami/assignment2-ros2/install/interfaces/include/interfaces/interfaces/action
[3.431s] -- Up-to-date: /home/sami/assignment2-ros2/install/interfaces/include/interfaces/interfaces/action/detail
[3.431s] -- Installing: /home/sami/assignment2-ros2/install/interfaces/include/interfaces/interfaces/action/detail/deliver_item__rosidl_typesupport_fastrtps_c.h
[3.431s] -- Up-to-date: /home/sami/assignment2-ros2/install/interfaces/include/interfaces/interfaces/msg
[3.431s] -- Up-to-date: /home/sami/assignment2-ros2/install/interfaces/include/interfaces/interfaces/msg/rosidl_typesupport_fastrtps_c__visibility_control.h
[3.431s] -- Installing: /home/sami/assignment2-ros2/install/interfaces/lib/libinterfaces__rosidl_typesupport_fastrtps_c.so
[3.431s] -- Set runtime path of "/home/sami/assignment2-ros2/install/interfaces/lib/libinterfaces__rosidl_typesupport_fastrtps_c.so" to ""
[3.431s] -- Up-to-date: /home/sami/assignment2-ros2/install/interfaces/include/interfaces/interfaces
[3.431s] -- Up-to-date: /home/sami/assignment2-ros2/install/interfaces/include/interfaces/interfaces/srv
[3.431s] -- Up-to-date: /home/sami/assignment2-ros2/install/interfaces/include/interfaces/interfaces/srv/detail
[3.432s] -- Installing: /home/sami/assignment2-ros2/install/interfaces/include/interfaces/interfaces/srv/detail/check_stock__rosidl_typesupport_introspection_c.h
[3.432s] -- Installing: /home/sami/assignment2-ros2/install/interfaces/include/interfaces/interfaces/srv/detail/check_stock__type_support.c
[3.432s] -- Up-to-date: /home/sami/assignment2-ros2/install/interfaces/include/interfaces/interfaces/action
[3.432s] -- Up-to-date: /home/sami/assignment2-ros2/install/interfaces/include/interfaces/interfaces/action/detail
[3.432s] -- Installing: /home/sami/assignment2-ros2/install/interfaces/include/interfaces/interfaces/action/detail/deliver_item__type_support.c
[3.432s] -- Installing: /home/sami/assignment2-ros2/install/interfaces/include/interfaces/interfaces/action/detail/deliver_item__rosidl_typesupport_introspection_c.h
[3.432s] -- Up-to-date: /home/sami/assignment2-ros2/install/interfaces/include/interfaces/interfaces/msg
[3.432s] -- Up-to-date: /home/sami/assignment2-ros2/install/interfaces/include/interfaces/interfaces/msg/rosidl_typesupport_introspection_c__visibility_control.h
[3.432s] -- Installing: /home/sami/assignment2-ros2/install/interfaces/lib/libinterfaces__rosidl_typesupport_introspection_c.so
[3.432s] -- Set runtime path of "/home/sami/assignment2-ros2/install/interfaces/lib/libinterfaces__rosidl_typesupport_introspection_c.so" to ""
[3.432s] -- Installing: /home/sami/assignment2-ros2/install/interfaces/lib/libinterfaces__rosidl_typesupport_c.so
[3.433s] -- Set runtime path of "/home/sami/assignment2-ros2/install/interfaces/lib/libinterfaces__rosidl_typesupport_c.so" to ""
[3.433s] -- Up-to-date: /home/sami/assignment2-ros2/install/interfaces/include/interfaces/interfaces
[3.433s] -- Up-to-date: /home/sami/assignment2-ros2/install/interfaces/include/interfaces/interfaces/srv
[3.433s] -- Up-to-date: /home/sami/assignment2-ros2/install/interfaces/include/interfaces/interfaces/srv/detail
[3.433s] -- Installing: /home/sami/assignment2-ros2/install/interfaces/include/interfaces/interfaces/srv/detail/check_stock__struct.hpp
[3.433s] -- Installing: /home/sami/assignment2-ros2/install/interfaces/include/interfaces/interfaces/srv/detail/check_stock__traits.hpp
[3.433s] -- Installing: /home/sami/assignment2-ros2/install/interfaces/include/interfaces/interfaces/srv/detail/check_stock__builder.hpp
[3.433s] -- Installing: /home/sami/assignment2-ros2/install/interfaces/include/interfaces/interfaces/srv/check_stock.hpp
[3.433s] -- Up-to-date: /home/sami/assignment2-ros2/install/interfaces/include/interfaces/interfaces/action
[3.433s] -- Up-to-date: /home/sami/assignment2-ros2/install/interfaces/include/interfaces/interfaces/action/detail
[3.433s] -- Installing: /home/sami/assignment2-ros2/install/interfaces/include/interfaces/interfaces/action/detail/deliver_item__builder.hpp
[3.433s] -- Installing: /home/sami/assignment2-ros2/install/interfaces/include/interfaces/interfaces/action/detail/deliver_item__traits.hpp
[3.434s] -- Installing: /home/sami/assignment2-ros2/install/interfaces/include/interfaces/interfaces/action/detail/deliver_item__struct.hpp
[3.434s] -- Installing: /home/sami/assignment2-ros2/install/interfaces/include/interfaces/interfaces/action/deliver_item.hpp
[3.434s] -- Up-to-date: /home/sami/assignment2-ros2/install/interfaces/include/interfaces/interfaces
[3.434s] -- Up-to-date: /home/sami/assignment2-ros2/install/interfaces/include/interfaces/interfaces/srv
[3.434s] -- Up-to-date: /home/sami/assignment2-ros2/install/interfaces/include/interfaces/interfaces/srv/detail
[3.434s] -- Up-to-date: /home/sami/assignment2-ros2/install/interfaces/include/interfaces/interfaces/srv/detail/dds_fastrtps
[3.434s] -- Installing: /home/sami/assignment2-ros2/install/interfaces/include/interfaces/interfaces/srv/detail/check_stock__rosidl_typesupport_fastrtps_cpp.hpp
[3.434s] -- Up-to-date: /home/sami/assignment2-ros2/install/interfaces/include/interfaces/interfaces/action
[3.434s] -- Up-to-date: /home/sami/assignment2-ros2/install/interfaces/include/interfaces/interfaces/action/detail
[3.434s] -- Installing: /home/sami/assignment2-ros2/install/interfaces/include/interfaces/interfaces/action/detail/deliver_item__rosidl_typesupport_fastrtps_cpp.hpp
[3.434s] -- Up-to-date: /home/sami/assignment2-ros2/install/interfaces/include/interfaces/interfaces/action/detail/dds_fastrtps
[3.434s] -- Up-to-date: /home/sami/assignment2-ros2/install/interfaces/include/interfaces/interfaces/msg
[3.434s] -- Up-to-date: /home/sami/assignment2-ros2/install/interfaces/include/interfaces/interfaces/msg/rosidl_typesupport_fastrtps_cpp__visibility_control.h
[3.434s] -- Installing: /home/sami/assignment2-ros2/install/interfaces/lib/libinterfaces__rosidl_typesupport_fastrtps_cpp.so
[3.435s] -- Set runtime path of "/home/sami/assignment2-ros2/install/interfaces/lib/libinterfaces__rosidl_typesupport_fastrtps_cpp.so" to ""
[3.435s] -- Up-to-date: /home/sami/assignment2-ros2/install/interfaces/include/interfaces/interfaces
[3.435s] -- Up-to-date: /home/sami/assignment2-ros2/install/interfaces/include/interfaces/interfaces/srv
[3.435s] -- Up-to-date: /home/sami/assignment2-ros2/install/interfaces/include/interfaces/interfaces/srv/detail
[3.435s] -- Installing: /home/sami/assignment2-ros2/install/interfaces/include/interfaces/interfaces/srv/detail/check_stock__rosidl_typesupport_introspection_cpp.hpp
[3.435s] -- Installing: /home/sami/assignment2-ros2/install/interfaces/include/interfaces/interfaces/srv/detail/check_stock__type_support.cpp
[3.435s] -- Up-to-date: /home/sami/assignment2-ros2/install/interfaces/include/interfaces/interfaces/action
[3.435s] -- Up-to-date: /home/sami/assignment2-ros2/install/interfaces/include/interfaces/interfaces/action/detail
[3.435s] -- Installing: /home/sami/assignment2-ros2/install/interfaces/include/interfaces/interfaces/action/detail/deliver_item__type_support.cpp
[3.435s] -- Installing: /home/sami/assignment2-ros2/install/interfaces/include/interfaces/interfaces/action/detail/deliver_item__rosidl_typesupport_introspection_cpp.hpp
[3.435s] -- Installing: /home/sami/assignment2-ros2/install/interfaces/lib/libinterfaces__rosidl_typesupport_introspection_cpp.so
[3.436s] -- Set runtime path of "/home/sami/assignment2-ros2/install/interfaces/lib/libinterfaces__rosidl_typesupport_introspection_cpp.so" to ""
[3.436s] -- Installing: /home/sami/assignment2-ros2/install/interfaces/lib/libinterfaces__rosidl_typesupport_cpp.so
[3.436s] -- Set runtime path of "/home/sami/assignment2-ros2/install/interfaces/lib/libinterfaces__rosidl_typesupport_cpp.so" to ""
[3.436s] -- Up-to-date: /home/sami/assignment2-ros2/install/interfaces/share/interfaces/environment/pythonpath.sh
[3.436s] -- Installing: /home/sami/assignment2-ros2/install/interfaces/share/interfaces/environment/pythonpath.dsv
[3.436s] -- Up-to-date: /home/sami/assignment2-ros2/install/interfaces/local/lib/python3.10/dist-packages/interfaces-0.0.0-py3.10.egg-info
[3.436s] -- Installing: /home/sami/assignment2-ros2/install/interfaces/local/lib/python3.10/dist-packages/interfaces-0.0.0-py3.10.egg-info/top_level.txt
[3.436s] -- Installing: /home/sami/assignment2-ros2/install/interfaces/local/lib/python3.10/dist-packages/interfaces-0.0.0-py3.10.egg-info/PKG-INFO
[3.436s] -- Installing: /home/sami/assignment2-ros2/install/interfaces/local/lib/python3.10/dist-packages/interfaces-0.0.0-py3.10.egg-info/SOURCES.txt
[3.437s] -- Installing: /home/sami/assignment2-ros2/install/interfaces/local/lib/python3.10/dist-packages/interfaces-0.0.0-py3.10.egg-info/dependency_links.txt
[3.437s] -- Up-to-date: /home/sami/assignment2-ros2/install/interfaces/local/lib/python3.10/dist-packages/interfaces
[3.437s] -- Up-to-date: /home/sami/assignment2-ros2/install/interfaces/local/lib/python3.10/dist-packages/interfaces/srv
[3.437s] -- Installing: /home/sami/assignment2-ros2/install/interfaces/local/lib/python3.10/dist-packages/interfaces/srv/_check_stock_s.c
[3.437s] -- Installing: /home/sami/assignment2-ros2/install/interfaces/local/lib/python3.10/dist-packages/interfaces/srv/__init__.py
[3.437s] -- Installing: /home/sami/assignment2-ros2/install/interfaces/local/lib/python3.10/dist-packages/interfaces/srv/_check_stock.py
[3.437s] -- Installing: /home/sami/assignment2-ros2/install/interfaces/local/lib/python3.10/dist-packages/interfaces/interfaces_s__rosidl_typesupport_fastrtps_c.cpython-310-x86_64-linux-gnu.so
[3.437s] -- Installing: /home/sami/assignment2-ros2/install/interfaces/local/lib/python3.10/dist-packages/interfaces/interfaces_s__rosidl_typesupport_c.cpython-310-x86_64-linux-gnu.so
[3.437s] -- Installing: /home/sami/assignment2-ros2/install/interfaces/local/lib/python3.10/dist-packages/interfaces/_interfaces_s.ep.rosidl_typesupport_c.c
[3.437s] -- Up-to-date: /home/sami/assignment2-ros2/install/interfaces/local/lib/python3.10/dist-packages/interfaces/action
[3.437s] -- Installing: /home/sami/assignment2-ros2/install/interfaces/local/lib/python3.10/dist-packages/interfaces/action/_deliver_item.py
[3.437s] -- Installing: /home/sami/assignment2-ros2/install/interfaces/local/lib/python3.10/dist-packages/interfaces/action/_deliver_item_s.c
[3.438s] -- Installing: /home/sami/assignment2-ros2/install/interfaces/local/lib/python3.10/dist-packages/interfaces/action/__init__.py
[3.438s] -- Installing: /home/sami/assignment2-ros2/install/interfaces/local/lib/python3.10/dist-packages/interfaces/_interfaces_s.ep.rosidl_typesupport_fastrtps_c.c
[3.438s] -- Installing: /home/sami/assignment2-ros2/install/interfaces/local/lib/python3.10/dist-packages/interfaces/_interfaces_s.ep.rosidl_typesupport_introspection_c.c
[3.438s] -- Installing: /home/sami/assignment2-ros2/install/interfaces/local/lib/python3.10/dist-packages/interfaces/interfaces_s__rosidl_typesupport_introspection_c.cpython-310-x86_64-linux-gnu.so
[3.438s] -- Installing: /home/sami/assignment2-ros2/install/interfaces/local/lib/python3.10/dist-packages/interfaces/__init__.py
[3.438s] -- Installing: /home/sami/assignment2-ros2/install/interfaces/local/lib/python3.10/dist-packages/interfaces/libinterfaces__rosidl_generator_py.so
[3.465s] Listing '/home/sami/assignment2-ros2/install/interfaces/local/lib/python3.10/dist-packages/interfaces'...
[3.465s] Compiling '/home/sami/assignment2-ros2/install/interfaces/local/lib/python3.10/dist-packages/interfaces/__init__.py'...
[3.465s] Listing '/home/sami/assignment2-ros2/install/interfaces/local/lib/python3.10/dist-packages/interfaces/action'...
[3.465s] Compiling '/home/sami/assignment2-ros2/install/interfaces/local/lib/python3.10/dist-packages/interfaces/action/__init__.py'...
[3.465s] Compiling '/home/sami/assignment2-ros2/install/interfaces/local/lib/python3.10/dist-packages/interfaces/action/_deliver_item.py'...
[3.465s] Listing '/home/sami/assignment2-ros2/install/interfaces/local/lib/python3.10/dist-packages/interfaces/srv'...
[3.465s] Compiling '/home/sami/assignment2-ros2/install/interfaces/local/lib/python3.10/dist-packages/interfaces/srv/__init__.py'...
[3.465s] Compiling '/home/sami/assignment2-ros2/install/interfaces/local/lib/python3.10/dist-packages/interfaces/srv/_check_stock.py'...
[3.468s] -- Installing: /home/sami/assignment2-ros2/install/interfaces/local/lib/python3.10/dist-packages/interfaces/interfaces_s__rosidl_typesupport_fastrtps_c.cpython-310-x86_64-linux-gnu.so
[3.468s] -- Set runtime path of "/home/sami/assignment2-ros2/install/interfaces/local/lib/python3.10/dist-packages/interfaces/interfaces_s__rosidl_typesupport_fastrtps_c.cpython-310-x86_64-linux-gnu.so" to ""
[3.468s] -- Installing: /home/sami/assignment2-ros2/install/interfaces/local/lib/python3.10/dist-packages/interfaces/interfaces_s__rosidl_typesupport_introspection_c.cpython-310-x86_64-linux-gnu.so
[3.468s] -- Set runtime path of "/home/sami/assignment2-ros2/install/interfaces/local/lib/python3.10/dist-packages/interfaces/interfaces_s__rosidl_typesupport_introspection_c.cpython-310-x86_64-linux-gnu.so" to ""
[3.468s] -- Installing: /home/sami/assignment2-ros2/install/interfaces/local/lib/python3.10/dist-packages/interfaces/interfaces_s__rosidl_typesupport_c.cpython-310-x86_64-linux-gnu.so
[3.469s] -- Set runtime path of "/home/sami/assignment2-ros2/install/interfaces/local/lib/python3.10/dist-packages/interfaces/interfaces_s__rosidl_typesupport_c.cpython-310-x86_64-linux-gnu.so" to ""
[3.469s] -- Installing: /home/sami/assignment2-ros2/install/interfaces/lib/libinterfaces__rosidl_generator_py.so
[3.469s] -- Set runtime path of "/home/sami/assignment2-ros2/install/interfaces/lib/libinterfaces__rosidl_generator_py.so" to ""
[3.469s] -- Installing: /home/sami/assignment2-ros2/install/interfaces/share/interfaces/action/DeliverItem.idl
[3.469s] -- Up-to-date: /home/sami/assignment2-ros2/install/interfaces/share/interfaces/srv/CheckStock.idl
[3.469s] -- Installing: /home/sami/assignment2-ros2/install/interfaces/share/interfaces/action/DeliverItem.action
[3.469s] -- Up-to-date: /home/sami/assignment2-ros2/install/interfaces/share/interfaces/srv/CheckStock.srv
[3.470s] -- Up-to-date: /home/sami/assignment2-ros2/install/interfaces/share/interfaces/srv/CheckStock_Request.msg
[3.470s] -- Up-to-date: /home/sami/assignment2-ros2/install/interfaces/share/interfaces/srv/CheckStock_Response.msg
[3.470s] -- Up-to-date: /home/sami/assignment2-ros2/install/interfaces/share/ament_index/resource_index/package_run_dependencies/interfaces
[3.470s] -- Up-to-date: /home/sami/assignment2-ros2/install/interfaces/share/ament_index/resource_index/parent_prefix_path/interfaces
[3.470s] -- Up-to-date: /home/sami/assignment2-ros2/install/interfaces/share/interfaces/environment/ament_prefix_path.sh
[3.470s] -- Installing: /home/sami/assignment2-ros2/install/interfaces/share/interfaces/environment/ament_prefix_path.dsv
[3.470s] -- Up-to-date: /home/sami/assignment2-ros2/install/interfaces/share/interfaces/environment/path.sh
[3.470s] -- Installing: /home/sami/assignment2-ros2/install/interfaces/share/interfaces/environment/path.dsv
[3.470s] -- Up-to-date: /home/sami/assignment2-ros2/install/interfaces/share/interfaces/local_setup.bash
[3.470s] -- Up-to-date: /home/sami/assignment2-ros2/install/interfaces/share/interfaces/local_setup.sh
[3.470s] -- Up-to-date: /home/sami/assignment2-ros2/install/interfaces/share/interfaces/local_setup.zsh
[3.470s] -- Installing: /home/sami/assignment2-ros2/install/interfaces/share/interfaces/local_setup.dsv
[3.470s] -- Installing: /home/sami/assignment2-ros2/install/interfaces/share/interfaces/package.dsv
[3.471s] -- Up-to-date: /home/sami/assignment2-ros2/install/interfaces/share/ament_index/resource_index/packages/interfaces
[3.471s] -- Up-to-date: /home/sami/assignment2-ros2/install/interfaces/share/interfaces/cmake/export_interfaces__rosidl_generator_cExport.cmake
[3.471s] -- Up-to-date: /home/sami/assignment2-ros2/install/interfaces/share/interfaces/cmake/export_interfaces__rosidl_generator_cExport-noconfig.cmake
[3.471s] -- Up-to-date: /home/sami/assignment2-ros2/install/interfaces/share/interfaces/cmake/export_interfaces__rosidl_typesupport_fastrtps_cExport.cmake
[3.471s] -- Up-to-date: /home/sami/assignment2-ros2/install/interfaces/share/interfaces/cmake/export_interfaces__rosidl_typesupport_fastrtps_cExport-noconfig.cmake
[3.471s] -- Up-to-date: /home/sami/assignment2-ros2/install/interfaces/share/interfaces/cmake/interfaces__rosidl_typesupport_introspection_cExport.cmake
[3.471s] -- Up-to-date: /home/sami/assignment2-ros2/install/interfaces/share/interfaces/cmake/interfaces__rosidl_typesupport_introspection_cExport-noconfig.cmake
[3.471s] -- Up-to-date: /home/sami/assignment2-ros2/install/interfaces/share/interfaces/cmake/interfaces__rosidl_typesupport_cExport.cmake
[3.471s] -- Up-to-date: /home/sami/assignment2-ros2/install/interfaces/share/interfaces/cmake/interfaces__rosidl_typesupport_cExport-noconfig.cmake
[3.471s] -- Up-to-date: /home/sami/assignment2-ros2/install/interfaces/share/interfaces/cmake/export_interfaces__rosidl_generator_cppExport.cmake
[3.471s] -- Up-to-date: /home/sami/assignment2-ros2/install/interfaces/share/interfaces/cmake/export_interfaces__rosidl_typesupport_fastrtps_cppExport.cmake
[3.472s] -- Up-to-date: /home/sami/assignment2-ros2/install/interfaces/share/interfaces/cmake/export_interfaces__rosidl_typesupport_fastrtps_cppExport-noconfig.cmake
[3.472s] -- Up-to-date: /home/sami/assignment2-ros2/install/interfaces/share/interfaces/cmake/interfaces__rosidl_typesupport_introspection_cppExport.cmake
[3.472s] -- Up-to-date: /home/sami/assignment2-ros2/install/interfaces/share/interfaces/cmake/interfaces__rosidl_typesupport_introspection_cppExport-noconfig.cmake
[3.472s] -- Up-to-date: /home/sami/assignment2-ros2/install/interfaces/share/interfaces/cmake/interfaces__rosidl_typesupport_cppExport.cmake
[3.472s] -- Up-to-date: /home/sami/assignment2-ros2/install/interfaces/share/interfaces/cmake/interfaces__rosidl_typesupport_cppExport-noconfig.cmake
[3.472s] -- Up-to-date: /home/sami/assignment2-ros2/install/interfaces/share/interfaces/cmake/export_interfaces__rosidl_generator_pyExport.cmake
[3.472s] -- Up-to-date: /home/sami/assignment2-ros2/install/interfaces/share/interfaces/cmake/export_interfaces__rosidl_generator_pyExport-noconfig.cmake
[3.472s] -- Up-to-date: /home/sami/assignment2-ros2/install/interfaces/share/interfaces/cmake/rosidl_cmake-extras.cmake
[3.472s] -- Up-to-date: /home/sami/assignment2-ros2/install/interfaces/share/interfaces/cmake/ament_cmake_export_dependencies-extras.cmake
[3.472s] -- Up-to-date: /home/sami/assignment2-ros2/install/interfaces/share/interfaces/cmake/ament_cmake_export_include_directories-extras.cmake
[3.472s] -- Up-to-date: /home/sami/assignment2-ros2/install/interfaces/share/interfaces/cmake/ament_cmake_export_libraries-extras.cmake
[3.472s] -- Up-to-date: /home/sami/assignment2-ros2/install/interfaces/share/interfaces/cmake/ament_cmake_export_targets-extras.cmake
[3.472s] -- Up-to-date: /home/sami/assignment2-ros2/install/interfaces/share/interfaces/cmake/rosidl_cmake_export_typesupport_targets-extras.cmake
[3.472s] -- Up-to-date: /home/sami/assignment2-ros2/install/interfaces/share/interfaces/cmake/rosidl_cmake_export_typesupport_libraries-extras.cmake
[3.472s] -- Up-to-date: /home/sami/assignment2-ros2/install/interfaces/share/interfaces/cmake/interfacesConfig.cmake
[3.472s] -- Up-to-date: /home/sami/assignment2-ros2/install/interfaces/share/interfaces/cmake/interfacesConfig-version.cmake
[3.472s] -- Up-to-date: /home/sami/assignment2-ros2/install/interfaces/share/interfaces/package.xml
[3.474s] Invoked command in '/home/sami/assignment2-ros2/build/interfaces' returned '0': CMAKE_PREFIX_PATH=${CMAKE_PREFIX_PATH}:/home/sami/assignment2-ros2/install/action_service:/home/sami/Documents/ros2-assignment2/install/action_service:/opt/ros/humble /usr/bin/cmake --install /home/sami/assignment2-ros2/build/interfaces
