/home/sami/assignment2-ros2/install/action_service/lib/python3.10/site-packages/action_service/stock_checker.py
/home/sami/assignment2-ros2/install/action_service/lib/python3.10/site-packages/action_service/__init__.py
/home/sami/assignment2-ros2/install/action_service/lib/python3.10/site-packages/action_service/handle_items.py
/home/sami/assignment2-ros2/install/action_service/lib/python3.10/site-packages/action_service/Stock_Checker_Client.py
/home/sami/assignment2-ros2/install/action_service/lib/python3.10/site-packages/action_service/Delivery_Action_Client.py
/home/sami/assignment2-ros2/install/action_service/lib/python3.10/site-packages/action_service/__pycache__/stock_checker.cpython-310.pyc
/home/sami/assignment2-ros2/install/action_service/lib/python3.10/site-packages/action_service/__pycache__/__init__.cpython-310.pyc
/home/sami/assignment2-ros2/install/action_service/lib/python3.10/site-packages/action_service/__pycache__/handle_items.cpython-310.pyc
/home/sami/assignment2-ros2/install/action_service/lib/python3.10/site-packages/action_service/__pycache__/Stock_Checker_Client.cpython-310.pyc
/home/sami/assignment2-ros2/install/action_service/lib/python3.10/site-packages/action_service/__pycache__/Delivery_Action_Client.cpython-310.pyc
/home/sami/assignment2-ros2/install/action_service/share/ament_index/resource_index/packages/action_service
/home/sami/assignment2-ros2/install/action_service/share/action_service/package.xml
/home/sami/assignment2-ros2/install/action_service/lib/python3.10/site-packages/action_service-0.0.0-py3.10.egg-info/top_level.txt
/home/sami/assignment2-ros2/install/action_service/lib/python3.10/site-packages/action_service-0.0.0-py3.10.egg-info/requires.txt
/home/sami/assignment2-ros2/install/action_service/lib/python3.10/site-packages/action_service-0.0.0-py3.10.egg-info/PKG-INFO
/home/sami/assignment2-ros2/install/action_service/lib/python3.10/site-packages/action_service-0.0.0-py3.10.egg-info/SOURCES.txt
/home/sami/assignment2-ros2/install/action_service/lib/python3.10/site-packages/action_service-0.0.0-py3.10.egg-info/dependency_links.txt
/home/sami/assignment2-ros2/install/action_service/lib/python3.10/site-packages/action_service-0.0.0-py3.10.egg-info/entry_points.txt
/home/sami/assignment2-ros2/install/action_service/lib/python3.10/site-packages/action_service-0.0.0-py3.10.egg-info/zip-safe
/home/sami/assignment2-ros2/install/action_service/lib/action_service/handle_items
/home/sami/assignment2-ros2/install/action_service/lib/action_service/item_delivery_action_client
/home/sami/assignment2-ros2/install/action_service/lib/action_service/stock_checker_service_client
/home/sami/assignment2-ros2/install/action_service/lib/action_service/stock_checker_service_server
