running egg_info
creating ../../build/action_service/action_service.egg-info
writing ../../build/action_service/action_service.egg-info/PKG-INFO
writing dependency_links to ../../build/action_service/action_service.egg-info/dependency_links.txt
writing entry points to ../../build/action_service/action_service.egg-info/entry_points.txt
writing requirements to ../../build/action_service/action_service.egg-info/requires.txt
writing top-level names to ../../build/action_service/action_service.egg-info/top_level.txt
writing manifest file '../../build/action_service/action_service.egg-info/SOURCES.txt'
reading manifest file '../../build/action_service/action_service.egg-info/SOURCES.txt'
writing manifest file '../../build/action_service/action_service.egg-info/SOURCES.txt'
running build
running build_py
creating /home/sami/assignment2-ros2/build/action_service/build
creating /home/sami/assignment2-ros2/build/action_service/build/lib
creating /home/sami/assignment2-ros2/build/action_service/build/lib/action_service
copying action_service/stock_checker.py -> /home/sami/assignment2-ros2/build/action_service/build/lib/action_service
copying action_service/__init__.py -> /home/sami/assignment2-ros2/build/action_service/build/lib/action_service
copying action_service/handle_items.py -> /home/sami/assignment2-ros2/build/action_service/build/lib/action_service
copying action_service/Stock_Checker_Client.py -> /home/sami/assignment2-ros2/build/action_service/build/lib/action_service
copying action_service/Delivery_Action_Client.py -> /home/sami/assignment2-ros2/build/action_service/build/lib/action_service
running install
running install_lib
creating /home/sami/assignment2-ros2/install/action_service/lib/python3.10/site-packages/action_service
copying /home/sami/assignment2-ros2/build/action_service/build/lib/action_service/stock_checker.py -> /home/sami/assignment2-ros2/install/action_service/lib/python3.10/site-packages/action_service
copying /home/sami/assignment2-ros2/build/action_service/build/lib/action_service/__init__.py -> /home/sami/assignment2-ros2/install/action_service/lib/python3.10/site-packages/action_service
copying /home/sami/assignment2-ros2/build/action_service/build/lib/action_service/handle_items.py -> /home/sami/assignment2-ros2/install/action_service/lib/python3.10/site-packages/action_service
copying /home/sami/assignment2-ros2/build/action_service/build/lib/action_service/Stock_Checker_Client.py -> /home/sami/assignment2-ros2/install/action_service/lib/python3.10/site-packages/action_service
copying /home/sami/assignment2-ros2/build/action_service/build/lib/action_service/Delivery_Action_Client.py -> /home/sami/assignment2-ros2/install/action_service/lib/python3.10/site-packages/action_service
byte-compiling /home/sami/assignment2-ros2/install/action_service/lib/python3.10/site-packages/action_service/stock_checker.py to stock_checker.cpython-310.pyc
byte-compiling /home/sami/assignment2-ros2/install/action_service/lib/python3.10/site-packages/action_service/__init__.py to __init__.cpython-310.pyc
byte-compiling /home/sami/assignment2-ros2/install/action_service/lib/python3.10/site-packages/action_service/handle_items.py to handle_items.cpython-310.pyc
byte-compiling /home/sami/assignment2-ros2/install/action_service/lib/python3.10/site-packages/action_service/Stock_Checker_Client.py to Stock_Checker_Client.cpython-310.pyc
byte-compiling /home/sami/assignment2-ros2/install/action_service/lib/python3.10/site-packages/action_service/Delivery_Action_Client.py to Delivery_Action_Client.cpython-310.pyc
running install_data
creating /home/sami/assignment2-ros2/install/action_service/share/ament_index
creating /home/sami/assignment2-ros2/install/action_service/share/ament_index/resource_index
creating /home/sami/assignment2-ros2/install/action_service/share/ament_index/resource_index/packages
copying resource/action_service -> /home/sami/assignment2-ros2/install/action_service/share/ament_index/resource_index/packages
copying package.xml -> /home/sami/assignment2-ros2/install/action_service/share/action_service
running install_egg_info
Copying ../../build/action_service/action_service.egg-info to /home/sami/assignment2-ros2/install/action_service/lib/python3.10/site-packages/action_service-0.0.0-py3.10.egg-info
running install_scripts
writing list of installed files to '/home/sami/assignment2-ros2/build/action_service/install.log'
