[0.013s] Invoking command in '/home/sami/Documents/ros2_assignment6/build/custom_interfaces': CMAKE_PREFIX_PATH=/opt/ros/humble /usr/bin/cmake --build /home/sami/Documents/ros2_assignment6/build/custom_interfaces -- -j8 -l8
[0.047s] [  2%] Built target custom_interfaces__cpp
[0.047s] [ 12%] Built target custom_interfaces__rosidl_generator_c
[0.054s] [ 12%] Built target ament_cmake_python_copy_custom_interfaces
[0.064s] [ 33%] Built target custom_interfaces__rosidl_typesupport_introspection_cpp
[0.065s] [ 33%] Built target custom_interfaces__rosidl_typesupport_cpp
[0.065s] [ 43%] Built target custom_interfaces__rosidl_typesupport_fastrtps_cpp
[0.074s] [ 71%] Built target custom_interfaces__rosidl_typesupport_fastrtps_c
[0.074s] [ 74%] Built target custom_interfaces__rosidl_typesupport_c
[0.074s] [ 74%] Built target custom_interfaces__rosidl_typesupport_introspection_c
[0.088s] [ 74%] Built target custom_interfaces
[0.102s] [ 76%] Built target custom_interfaces__py
[0.118s] [ 84%] Built target custom_interfaces__rosidl_generator_py
[0.135s] [100%] Built target custom_interfaces__rosidl_typesupport_fastrtps_c__pyext
[0.135s] [100%] Built target custom_interfaces__rosidl_typesupport_c__pyext
[0.135s] [100%] Built target custom_interfaces__rosidl_typesupport_introspection_c__pyext
[0.227s] running egg_info
[0.227s] writing custom_interfaces.egg-info/PKG-INFO
[0.227s] writing dependency_links to custom_interfaces.egg-info/dependency_links.txt
[0.227s] writing top-level names to custom_interfaces.egg-info/top_level.txt
[0.229s] reading manifest file 'custom_interfaces.egg-info/SOURCES.txt'
[0.230s] writing manifest file 'custom_interfaces.egg-info/SOURCES.txt'
[0.247s] [100%] Built target ament_cmake_python_build_custom_interfaces_egg
[0.255s] Invoked command in '/home/sami/Documents/ros2_assignment6/build/custom_interfaces' returned '0': CMAKE_PREFIX_PATH=/opt/ros/humble /usr/bin/cmake --build /home/sami/Documents/ros2_assignment6/build/custom_interfaces -- -j8 -l8
[0.304s] Invoking command in '/home/sami/Documents/ros2_assignment6/build/custom_interfaces': CMAKE_PREFIX_PATH=/opt/ros/humble /usr/bin/cmake --install /home/sami/Documents/ros2_assignment6/build/custom_interfaces
[0.309s] -- Install configuration: ""
[0.309s] -- Installing: /home/sami/Documents/ros2_assignment6/install/custom_interfaces/share/ament_index/resource_index/rosidl_interfaces/custom_interfaces
[0.309s] -- Installing: /home/sami/Documents/ros2_assignment6/install/custom_interfaces/include/custom_interfaces/custom_interfaces
[0.310s] -- Installing: /home/sami/Documents/ros2_assignment6/install/custom_interfaces/include/custom_interfaces/custom_interfaces/srv
[0.310s] -- Installing: /home/sami/Documents/ros2_assignment6/install/custom_interfaces/include/custom_interfaces/custom_interfaces/srv/check_stock.h
[0.310s] -- Installing: /home/sami/Documents/ros2_assignment6/install/custom_interfaces/include/custom_interfaces/custom_interfaces/srv/detail
[0.310s] -- Installing: /home/sami/Documents/ros2_assignment6/install/custom_interfaces/include/custom_interfaces/custom_interfaces/srv/detail/check_stock__functions.c
[0.310s] -- Installing: /home/sami/Documents/ros2_assignment6/install/custom_interfaces/include/custom_interfaces/custom_interfaces/srv/detail/check_stock__type_support.h
[0.310s] -- Installing: /home/sami/Documents/ros2_assignment6/install/custom_interfaces/include/custom_interfaces/custom_interfaces/srv/detail/check_stock__functions.h
[0.310s] -- Installing: /home/sami/Documents/ros2_assignment6/install/custom_interfaces/include/custom_interfaces/custom_interfaces/srv/detail/check_stock__struct.h
[0.310s] -- Installing: /home/sami/Documents/ros2_assignment6/install/custom_interfaces/include/custom_interfaces/custom_interfaces/action
[0.310s] -- Installing: /home/sami/Documents/ros2_assignment6/install/custom_interfaces/include/custom_interfaces/custom_interfaces/action/deliver_item.h
[0.310s] -- Installing: /home/sami/Documents/ros2_assignment6/install/custom_interfaces/include/custom_interfaces/custom_interfaces/action/detail
[0.310s] -- Installing: /home/sami/Documents/ros2_assignment6/install/custom_interfaces/include/custom_interfaces/custom_interfaces/action/detail/deliver_item__functions.h
[0.310s] -- Installing: /home/sami/Documents/ros2_assignment6/install/custom_interfaces/include/custom_interfaces/custom_interfaces/action/detail/deliver_item__type_support.h
[0.311s] -- Installing: /home/sami/Documents/ros2_assignment6/install/custom_interfaces/include/custom_interfaces/custom_interfaces/action/detail/deliver_item__functions.c
[0.311s] -- Installing: /home/sami/Documents/ros2_assignment6/install/custom_interfaces/include/custom_interfaces/custom_interfaces/action/detail/deliver_item__struct.h
[0.311s] -- Installing: /home/sami/Documents/ros2_assignment6/install/custom_interfaces/include/custom_interfaces/custom_interfaces/msg
[0.311s] -- Installing: /home/sami/Documents/ros2_assignment6/install/custom_interfaces/include/custom_interfaces/custom_interfaces/msg/rosidl_generator_c__visibility_control.h
[0.311s] -- Installing: /home/sami/Documents/ros2_assignment6/install/custom_interfaces/share/custom_interfaces/environment/library_path.sh
[0.311s] -- Installing: /home/sami/Documents/ros2_assignment6/install/custom_interfaces/share/custom_interfaces/environment/library_path.dsv
[0.311s] -- Installing: /home/sami/Documents/ros2_assignment6/install/custom_interfaces/lib/libcustom_interfaces__rosidl_generator_c.so
[0.312s] -- Set runtime path of "/home/sami/Documents/ros2_assignment6/install/custom_interfaces/lib/libcustom_interfaces__rosidl_generator_c.so" to ""
[0.312s] -- Up-to-date: /home/sami/Documents/ros2_assignment6/install/custom_interfaces/include/custom_interfaces/custom_interfaces
[0.312s] -- Up-to-date: /home/sami/Documents/ros2_assignment6/install/custom_interfaces/include/custom_interfaces/custom_interfaces/srv
[0.312s] -- Up-to-date: /home/sami/Documents/ros2_assignment6/install/custom_interfaces/include/custom_interfaces/custom_interfaces/srv/detail
[0.312s] -- Installing: /home/sami/Documents/ros2_assignment6/install/custom_interfaces/include/custom_interfaces/custom_interfaces/srv/detail/check_stock__rosidl_typesupport_fastrtps_c.h
[0.312s] -- Up-to-date: /home/sami/Documents/ros2_assignment6/install/custom_interfaces/include/custom_interfaces/custom_interfaces/action
[0.312s] -- Up-to-date: /home/sami/Documents/ros2_assignment6/install/custom_interfaces/include/custom_interfaces/custom_interfaces/action/detail
[0.312s] -- Installing: /home/sami/Documents/ros2_assignment6/install/custom_interfaces/include/custom_interfaces/custom_interfaces/action/detail/deliver_item__rosidl_typesupport_fastrtps_c.h
[0.312s] -- Up-to-date: /home/sami/Documents/ros2_assignment6/install/custom_interfaces/include/custom_interfaces/custom_interfaces/msg
[0.312s] -- Installing: /home/sami/Documents/ros2_assignment6/install/custom_interfaces/include/custom_interfaces/custom_interfaces/msg/rosidl_typesupport_fastrtps_c__visibility_control.h
[0.312s] -- Installing: /home/sami/Documents/ros2_assignment6/install/custom_interfaces/lib/libcustom_interfaces__rosidl_typesupport_fastrtps_c.so
[0.313s] -- Set runtime path of "/home/sami/Documents/ros2_assignment6/install/custom_interfaces/lib/libcustom_interfaces__rosidl_typesupport_fastrtps_c.so" to ""
[0.313s] -- Up-to-date: /home/sami/Documents/ros2_assignment6/install/custom_interfaces/include/custom_interfaces/custom_interfaces
[0.313s] -- Up-to-date: /home/sami/Documents/ros2_assignment6/install/custom_interfaces/include/custom_interfaces/custom_interfaces/srv
[0.313s] -- Up-to-date: /home/sami/Documents/ros2_assignment6/install/custom_interfaces/include/custom_interfaces/custom_interfaces/srv/detail
[0.313s] -- Installing: /home/sami/Documents/ros2_assignment6/install/custom_interfaces/include/custom_interfaces/custom_interfaces/srv/detail/check_stock__rosidl_typesupport_introspection_c.h
[0.313s] -- Installing: /home/sami/Documents/ros2_assignment6/install/custom_interfaces/include/custom_interfaces/custom_interfaces/srv/detail/check_stock__type_support.c
[0.313s] -- Up-to-date: /home/sami/Documents/ros2_assignment6/install/custom_interfaces/include/custom_interfaces/custom_interfaces/action
[0.313s] -- Up-to-date: /home/sami/Documents/ros2_assignment6/install/custom_interfaces/include/custom_interfaces/custom_interfaces/action/detail
[0.313s] -- Installing: /home/sami/Documents/ros2_assignment6/install/custom_interfaces/include/custom_interfaces/custom_interfaces/action/detail/deliver_item__type_support.c
[0.313s] -- Installing: /home/sami/Documents/ros2_assignment6/install/custom_interfaces/include/custom_interfaces/custom_interfaces/action/detail/deliver_item__rosidl_typesupport_introspection_c.h
[0.313s] -- Up-to-date: /home/sami/Documents/ros2_assignment6/install/custom_interfaces/include/custom_interfaces/custom_interfaces/msg
[0.313s] -- Installing: /home/sami/Documents/ros2_assignment6/install/custom_interfaces/include/custom_interfaces/custom_interfaces/msg/rosidl_typesupport_introspection_c__visibility_control.h
[0.314s] -- Installing: /home/sami/Documents/ros2_assignment6/install/custom_interfaces/lib/libcustom_interfaces__rosidl_typesupport_introspection_c.so
[0.314s] -- Set runtime path of "/home/sami/Documents/ros2_assignment6/install/custom_interfaces/lib/libcustom_interfaces__rosidl_typesupport_introspection_c.so" to ""
[0.314s] -- Installing: /home/sami/Documents/ros2_assignment6/install/custom_interfaces/lib/libcustom_interfaces__rosidl_typesupport_c.so
[0.314s] -- Set runtime path of "/home/sami/Documents/ros2_assignment6/install/custom_interfaces/lib/libcustom_interfaces__rosidl_typesupport_c.so" to ""
[0.314s] -- Up-to-date: /home/sami/Documents/ros2_assignment6/install/custom_interfaces/include/custom_interfaces/custom_interfaces
[0.314s] -- Up-to-date: /home/sami/Documents/ros2_assignment6/install/custom_interfaces/include/custom_interfaces/custom_interfaces/srv
[0.314s] -- Up-to-date: /home/sami/Documents/ros2_assignment6/install/custom_interfaces/include/custom_interfaces/custom_interfaces/srv/detail
[0.314s] -- Installing: /home/sami/Documents/ros2_assignment6/install/custom_interfaces/include/custom_interfaces/custom_interfaces/srv/detail/check_stock__struct.hpp
[0.314s] -- Installing: /home/sami/Documents/ros2_assignment6/install/custom_interfaces/include/custom_interfaces/custom_interfaces/srv/detail/check_stock__traits.hpp
[0.314s] -- Installing: /home/sami/Documents/ros2_assignment6/install/custom_interfaces/include/custom_interfaces/custom_interfaces/srv/detail/check_stock__builder.hpp
[0.314s] -- Installing: /home/sami/Documents/ros2_assignment6/install/custom_interfaces/include/custom_interfaces/custom_interfaces/srv/check_stock.hpp
[0.315s] -- Up-to-date: /home/sami/Documents/ros2_assignment6/install/custom_interfaces/include/custom_interfaces/custom_interfaces/action
[0.315s] -- Up-to-date: /home/sami/Documents/ros2_assignment6/install/custom_interfaces/include/custom_interfaces/custom_interfaces/action/detail
[0.315s] -- Installing: /home/sami/Documents/ros2_assignment6/install/custom_interfaces/include/custom_interfaces/custom_interfaces/action/detail/deliver_item__builder.hpp
[0.315s] -- Installing: /home/sami/Documents/ros2_assignment6/install/custom_interfaces/include/custom_interfaces/custom_interfaces/action/detail/deliver_item__traits.hpp
[0.315s] -- Installing: /home/sami/Documents/ros2_assignment6/install/custom_interfaces/include/custom_interfaces/custom_interfaces/action/detail/deliver_item__struct.hpp
[0.315s] -- Installing: /home/sami/Documents/ros2_assignment6/install/custom_interfaces/include/custom_interfaces/custom_interfaces/action/deliver_item.hpp
[0.315s] -- Up-to-date: /home/sami/Documents/ros2_assignment6/install/custom_interfaces/include/custom_interfaces/custom_interfaces
[0.315s] -- Up-to-date: /home/sami/Documents/ros2_assignment6/install/custom_interfaces/include/custom_interfaces/custom_interfaces/srv
[0.315s] -- Up-to-date: /home/sami/Documents/ros2_assignment6/install/custom_interfaces/include/custom_interfaces/custom_interfaces/srv/detail
[0.315s] -- Installing: /home/sami/Documents/ros2_assignment6/install/custom_interfaces/include/custom_interfaces/custom_interfaces/srv/detail/dds_fastrtps
[0.315s] -- Installing: /home/sami/Documents/ros2_assignment6/install/custom_interfaces/include/custom_interfaces/custom_interfaces/srv/detail/check_stock__rosidl_typesupport_fastrtps_cpp.hpp
[0.315s] -- Up-to-date: /home/sami/Documents/ros2_assignment6/install/custom_interfaces/include/custom_interfaces/custom_interfaces/action
[0.316s] -- Up-to-date: /home/sami/Documents/ros2_assignment6/install/custom_interfaces/include/custom_interfaces/custom_interfaces/action/detail
[0.316s] -- Installing: /home/sami/Documents/ros2_assignment6/install/custom_interfaces/include/custom_interfaces/custom_interfaces/action/detail/deliver_item__rosidl_typesupport_fastrtps_cpp.hpp
[0.316s] -- Installing: /home/sami/Documents/ros2_assignment6/install/custom_interfaces/include/custom_interfaces/custom_interfaces/action/detail/dds_fastrtps
[0.316s] -- Up-to-date: /home/sami/Documents/ros2_assignment6/install/custom_interfaces/include/custom_interfaces/custom_interfaces/msg
[0.316s] -- Installing: /home/sami/Documents/ros2_assignment6/install/custom_interfaces/include/custom_interfaces/custom_interfaces/msg/rosidl_typesupport_fastrtps_cpp__visibility_control.h
[0.316s] -- Installing: /home/sami/Documents/ros2_assignment6/install/custom_interfaces/lib/libcustom_interfaces__rosidl_typesupport_fastrtps_cpp.so
[0.316s] -- Set runtime path of "/home/sami/Documents/ros2_assignment6/install/custom_interfaces/lib/libcustom_interfaces__rosidl_typesupport_fastrtps_cpp.so" to ""
[0.316s] -- Up-to-date: /home/sami/Documents/ros2_assignment6/install/custom_interfaces/include/custom_interfaces/custom_interfaces
[0.316s] -- Up-to-date: /home/sami/Documents/ros2_assignment6/install/custom_interfaces/include/custom_interfaces/custom_interfaces/srv
[0.316s] -- Up-to-date: /home/sami/Documents/ros2_assignment6/install/custom_interfaces/include/custom_interfaces/custom_interfaces/srv/detail
[0.316s] -- Installing: /home/sami/Documents/ros2_assignment6/install/custom_interfaces/include/custom_interfaces/custom_interfaces/srv/detail/check_stock__rosidl_typesupport_introspection_cpp.hpp
[0.317s] -- Installing: /home/sami/Documents/ros2_assignment6/install/custom_interfaces/include/custom_interfaces/custom_interfaces/srv/detail/check_stock__type_support.cpp
[0.317s] -- Up-to-date: /home/sami/Documents/ros2_assignment6/install/custom_interfaces/include/custom_interfaces/custom_interfaces/action
[0.317s] -- Up-to-date: /home/sami/Documents/ros2_assignment6/install/custom_interfaces/include/custom_interfaces/custom_interfaces/action/detail
[0.317s] -- Installing: /home/sami/Documents/ros2_assignment6/install/custom_interfaces/include/custom_interfaces/custom_interfaces/action/detail/deliver_item__type_support.cpp
[0.317s] -- Installing: /home/sami/Documents/ros2_assignment6/install/custom_interfaces/include/custom_interfaces/custom_interfaces/action/detail/deliver_item__rosidl_typesupport_introspection_cpp.hpp
[0.317s] -- Installing: /home/sami/Documents/ros2_assignment6/install/custom_interfaces/lib/libcustom_interfaces__rosidl_typesupport_introspection_cpp.so
[0.317s] -- Set runtime path of "/home/sami/Documents/ros2_assignment6/install/custom_interfaces/lib/libcustom_interfaces__rosidl_typesupport_introspection_cpp.so" to ""
[0.317s] -- Installing: /home/sami/Documents/ros2_assignment6/install/custom_interfaces/lib/libcustom_interfaces__rosidl_typesupport_cpp.so
[0.317s] -- Set runtime path of "/home/sami/Documents/ros2_assignment6/install/custom_interfaces/lib/libcustom_interfaces__rosidl_typesupport_cpp.so" to ""
[0.317s] -- Installing: /home/sami/Documents/ros2_assignment6/install/custom_interfaces/share/custom_interfaces/environment/pythonpath.sh
[0.317s] -- Installing: /home/sami/Documents/ros2_assignment6/install/custom_interfaces/share/custom_interfaces/environment/pythonpath.dsv
[0.317s] -- Installing: /home/sami/Documents/ros2_assignment6/install/custom_interfaces/local/lib/python3.10/dist-packages/custom_interfaces-0.0.0-py3.10.egg-info
[0.318s] -- Installing: /home/sami/Documents/ros2_assignment6/install/custom_interfaces/local/lib/python3.10/dist-packages/custom_interfaces-0.0.0-py3.10.egg-info/top_level.txt
[0.318s] -- Installing: /home/sami/Documents/ros2_assignment6/install/custom_interfaces/local/lib/python3.10/dist-packages/custom_interfaces-0.0.0-py3.10.egg-info/PKG-INFO
[0.318s] -- Installing: /home/sami/Documents/ros2_assignment6/install/custom_interfaces/local/lib/python3.10/dist-packages/custom_interfaces-0.0.0-py3.10.egg-info/SOURCES.txt
[0.318s] -- Installing: /home/sami/Documents/ros2_assignment6/install/custom_interfaces/local/lib/python3.10/dist-packages/custom_interfaces-0.0.0-py3.10.egg-info/dependency_links.txt
[0.318s] -- Installing: /home/sami/Documents/ros2_assignment6/install/custom_interfaces/local/lib/python3.10/dist-packages/custom_interfaces
[0.318s] -- Installing: /home/sami/Documents/ros2_assignment6/install/custom_interfaces/local/lib/python3.10/dist-packages/custom_interfaces/srv
[0.318s] -- Installing: /home/sami/Documents/ros2_assignment6/install/custom_interfaces/local/lib/python3.10/dist-packages/custom_interfaces/srv/_check_stock_s.c
[0.318s] -- Installing: /home/sami/Documents/ros2_assignment6/install/custom_interfaces/local/lib/python3.10/dist-packages/custom_interfaces/srv/__init__.py
[0.318s] -- Installing: /home/sami/Documents/ros2_assignment6/install/custom_interfaces/local/lib/python3.10/dist-packages/custom_interfaces/srv/_check_stock.py
[0.318s] -- Installing: /home/sami/Documents/ros2_assignment6/install/custom_interfaces/local/lib/python3.10/dist-packages/custom_interfaces/action
[0.318s] -- Installing: /home/sami/Documents/ros2_assignment6/install/custom_interfaces/local/lib/python3.10/dist-packages/custom_interfaces/action/_deliver_item.py
[0.318s] -- Installing: /home/sami/Documents/ros2_assignment6/install/custom_interfaces/local/lib/python3.10/dist-packages/custom_interfaces/action/_deliver_item_s.c
[0.319s] -- Installing: /home/sami/Documents/ros2_assignment6/install/custom_interfaces/local/lib/python3.10/dist-packages/custom_interfaces/action/__init__.py
[0.319s] -- Installing: /home/sami/Documents/ros2_assignment6/install/custom_interfaces/local/lib/python3.10/dist-packages/custom_interfaces/_custom_interfaces_s.ep.rosidl_typesupport_fastrtps_c.c
[0.319s] -- Installing: /home/sami/Documents/ros2_assignment6/install/custom_interfaces/local/lib/python3.10/dist-packages/custom_interfaces/_custom_interfaces_s.ep.rosidl_typesupport_introspection_c.c
[0.319s] -- Installing: /home/sami/Documents/ros2_assignment6/install/custom_interfaces/local/lib/python3.10/dist-packages/custom_interfaces/libcustom_interfaces__rosidl_generator_py.so
[0.319s] -- Installing: /home/sami/Documents/ros2_assignment6/install/custom_interfaces/local/lib/python3.10/dist-packages/custom_interfaces/custom_interfaces_s__rosidl_typesupport_fastrtps_c.cpython-310-x86_64-linux-gnu.so
[0.319s] -- Installing: /home/sami/Documents/ros2_assignment6/install/custom_interfaces/local/lib/python3.10/dist-packages/custom_interfaces/__init__.py
[0.319s] -- Installing: /home/sami/Documents/ros2_assignment6/install/custom_interfaces/local/lib/python3.10/dist-packages/custom_interfaces/_custom_interfaces_s.ep.rosidl_typesupport_c.c
[0.319s] -- Installing: /home/sami/Documents/ros2_assignment6/install/custom_interfaces/local/lib/python3.10/dist-packages/custom_interfaces/custom_interfaces_s__rosidl_typesupport_c.cpython-310-x86_64-linux-gnu.so
[0.319s] -- Installing: /home/sami/Documents/ros2_assignment6/install/custom_interfaces/local/lib/python3.10/dist-packages/custom_interfaces/custom_interfaces_s__rosidl_typesupport_introspection_c.cpython-310-x86_64-linux-gnu.so
[0.346s] Listing '/home/sami/Documents/ros2_assignment6/install/custom_interfaces/local/lib/python3.10/dist-packages/custom_interfaces'...
[0.346s] Compiling '/home/sami/Documents/ros2_assignment6/install/custom_interfaces/local/lib/python3.10/dist-packages/custom_interfaces/__init__.py'...
[0.346s] Listing '/home/sami/Documents/ros2_assignment6/install/custom_interfaces/local/lib/python3.10/dist-packages/custom_interfaces/action'...
[0.346s] Compiling '/home/sami/Documents/ros2_assignment6/install/custom_interfaces/local/lib/python3.10/dist-packages/custom_interfaces/action/__init__.py'...
[0.346s] Compiling '/home/sami/Documents/ros2_assignment6/install/custom_interfaces/local/lib/python3.10/dist-packages/custom_interfaces/action/_deliver_item.py'...
[0.346s] Listing '/home/sami/Documents/ros2_assignment6/install/custom_interfaces/local/lib/python3.10/dist-packages/custom_interfaces/srv'...
[0.346s] Compiling '/home/sami/Documents/ros2_assignment6/install/custom_interfaces/local/lib/python3.10/dist-packages/custom_interfaces/srv/__init__.py'...
[0.346s] Compiling '/home/sami/Documents/ros2_assignment6/install/custom_interfaces/local/lib/python3.10/dist-packages/custom_interfaces/srv/_check_stock.py'...
[0.349s] -- Installing: /home/sami/Documents/ros2_assignment6/install/custom_interfaces/local/lib/python3.10/dist-packages/custom_interfaces/custom_interfaces_s__rosidl_typesupport_fastrtps_c.cpython-310-x86_64-linux-gnu.so
[0.349s] -- Set runtime path of "/home/sami/Documents/ros2_assignment6/install/custom_interfaces/local/lib/python3.10/dist-packages/custom_interfaces/custom_interfaces_s__rosidl_typesupport_fastrtps_c.cpython-310-x86_64-linux-gnu.so" to ""
[0.349s] -- Installing: /home/sami/Documents/ros2_assignment6/install/custom_interfaces/local/lib/python3.10/dist-packages/custom_interfaces/custom_interfaces_s__rosidl_typesupport_introspection_c.cpython-310-x86_64-linux-gnu.so
[0.349s] -- Set runtime path of "/home/sami/Documents/ros2_assignment6/install/custom_interfaces/local/lib/python3.10/dist-packages/custom_interfaces/custom_interfaces_s__rosidl_typesupport_introspection_c.cpython-310-x86_64-linux-gnu.so" to ""
[0.350s] -- Installing: /home/sami/Documents/ros2_assignment6/install/custom_interfaces/local/lib/python3.10/dist-packages/custom_interfaces/custom_interfaces_s__rosidl_typesupport_c.cpython-310-x86_64-linux-gnu.so
[0.350s] -- Set runtime path of "/home/sami/Documents/ros2_assignment6/install/custom_interfaces/local/lib/python3.10/dist-packages/custom_interfaces/custom_interfaces_s__rosidl_typesupport_c.cpython-310-x86_64-linux-gnu.so" to ""
[0.350s] -- Installing: /home/sami/Documents/ros2_assignment6/install/custom_interfaces/lib/libcustom_interfaces__rosidl_generator_py.so
[0.350s] -- Set runtime path of "/home/sami/Documents/ros2_assignment6/install/custom_interfaces/lib/libcustom_interfaces__rosidl_generator_py.so" to ""
[0.350s] -- Installing: /home/sami/Documents/ros2_assignment6/install/custom_interfaces/share/custom_interfaces/srv/CheckStock.idl
[0.350s] -- Installing: /home/sami/Documents/ros2_assignment6/install/custom_interfaces/share/custom_interfaces/action/DeliverItem.idl
[0.350s] -- Installing: /home/sami/Documents/ros2_assignment6/install/custom_interfaces/share/custom_interfaces/srv/CheckStock.srv
[0.351s] -- Installing: /home/sami/Documents/ros2_assignment6/install/custom_interfaces/share/custom_interfaces/srv/CheckStock_Request.msg
[0.351s] -- Installing: /home/sami/Documents/ros2_assignment6/install/custom_interfaces/share/custom_interfaces/srv/CheckStock_Response.msg
[0.351s] -- Installing: /home/sami/Documents/ros2_assignment6/install/custom_interfaces/share/custom_interfaces/action/DeliverItem.action
[0.351s] -- Installing: /home/sami/Documents/ros2_assignment6/install/custom_interfaces/share/custom_interfaces/interfaces/srv
[0.351s] -- Installing: /home/sami/Documents/ros2_assignment6/install/custom_interfaces/share/custom_interfaces/interfaces/srv/CheckStock.srv
[0.351s] -- Installing: /home/sami/Documents/ros2_assignment6/install/custom_interfaces/share/custom_interfaces/interfaces/action
[0.351s] -- Installing: /home/sami/Documents/ros2_assignment6/install/custom_interfaces/share/custom_interfaces/interfaces/action/DeliverItem.action
[0.351s] -- Installing: /home/sami/Documents/ros2_assignment6/install/custom_interfaces/share/ament_index/resource_index/package_run_dependencies/custom_interfaces
[0.351s] -- Installing: /home/sami/Documents/ros2_assignment6/install/custom_interfaces/share/ament_index/resource_index/parent_prefix_path/custom_interfaces
[0.351s] -- Installing: /home/sami/Documents/ros2_assignment6/install/custom_interfaces/share/custom_interfaces/environment/ament_prefix_path.sh
[0.352s] -- Installing: /home/sami/Documents/ros2_assignment6/install/custom_interfaces/share/custom_interfaces/environment/ament_prefix_path.dsv
[0.352s] -- Installing: /home/sami/Documents/ros2_assignment6/install/custom_interfaces/share/custom_interfaces/environment/path.sh
[0.352s] -- Installing: /home/sami/Documents/ros2_assignment6/install/custom_interfaces/share/custom_interfaces/environment/path.dsv
[0.352s] -- Installing: /home/sami/Documents/ros2_assignment6/install/custom_interfaces/share/custom_interfaces/local_setup.bash
[0.352s] -- Installing: /home/sami/Documents/ros2_assignment6/install/custom_interfaces/share/custom_interfaces/local_setup.sh
[0.352s] -- Installing: /home/sami/Documents/ros2_assignment6/install/custom_interfaces/share/custom_interfaces/local_setup.zsh
[0.352s] -- Installing: /home/sami/Documents/ros2_assignment6/install/custom_interfaces/share/custom_interfaces/local_setup.dsv
[0.352s] -- Installing: /home/sami/Documents/ros2_assignment6/install/custom_interfaces/share/custom_interfaces/package.dsv
[0.353s] -- Installing: /home/sami/Documents/ros2_assignment6/install/custom_interfaces/share/ament_index/resource_index/packages/custom_interfaces
[0.353s] -- Installing: /home/sami/Documents/ros2_assignment6/install/custom_interfaces/share/custom_interfaces/cmake/export_custom_interfaces__rosidl_generator_cExport.cmake
[0.353s] -- Installing: /home/sami/Documents/ros2_assignment6/install/custom_interfaces/share/custom_interfaces/cmake/export_custom_interfaces__rosidl_generator_cExport-noconfig.cmake
[0.353s] -- Installing: /home/sami/Documents/ros2_assignment6/install/custom_interfaces/share/custom_interfaces/cmake/export_custom_interfaces__rosidl_typesupport_fastrtps_cExport.cmake
[0.353s] -- Installing: /home/sami/Documents/ros2_assignment6/install/custom_interfaces/share/custom_interfaces/cmake/export_custom_interfaces__rosidl_typesupport_fastrtps_cExport-noconfig.cmake
[0.353s] -- Installing: /home/sami/Documents/ros2_assignment6/install/custom_interfaces/share/custom_interfaces/cmake/custom_interfaces__rosidl_typesupport_introspection_cExport.cmake
[0.353s] -- Installing: /home/sami/Documents/ros2_assignment6/install/custom_interfaces/share/custom_interfaces/cmake/custom_interfaces__rosidl_typesupport_introspection_cExport-noconfig.cmake
[0.353s] -- Installing: /home/sami/Documents/ros2_assignment6/install/custom_interfaces/share/custom_interfaces/cmake/custom_interfaces__rosidl_typesupport_cExport.cmake
[0.353s] -- Installing: /home/sami/Documents/ros2_assignment6/install/custom_interfaces/share/custom_interfaces/cmake/custom_interfaces__rosidl_typesupport_cExport-noconfig.cmake
[0.353s] -- Installing: /home/sami/Documents/ros2_assignment6/install/custom_interfaces/share/custom_interfaces/cmake/export_custom_interfaces__rosidl_generator_cppExport.cmake
[0.353s] -- Installing: /home/sami/Documents/ros2_assignment6/install/custom_interfaces/share/custom_interfaces/cmake/export_custom_interfaces__rosidl_typesupport_fastrtps_cppExport.cmake
[0.353s] -- Installing: /home/sami/Documents/ros2_assignment6/install/custom_interfaces/share/custom_interfaces/cmake/export_custom_interfaces__rosidl_typesupport_fastrtps_cppExport-noconfig.cmake
[0.353s] -- Installing: /home/sami/Documents/ros2_assignment6/install/custom_interfaces/share/custom_interfaces/cmake/custom_interfaces__rosidl_typesupport_introspection_cppExport.cmake
[0.353s] -- Installing: /home/sami/Documents/ros2_assignment6/install/custom_interfaces/share/custom_interfaces/cmake/custom_interfaces__rosidl_typesupport_introspection_cppExport-noconfig.cmake
[0.353s] -- Installing: /home/sami/Documents/ros2_assignment6/install/custom_interfaces/share/custom_interfaces/cmake/custom_interfaces__rosidl_typesupport_cppExport.cmake
[0.354s] -- Installing: /home/sami/Documents/ros2_assignment6/install/custom_interfaces/share/custom_interfaces/cmake/custom_interfaces__rosidl_typesupport_cppExport-noconfig.cmake
[0.354s] -- Installing: /home/sami/Documents/ros2_assignment6/install/custom_interfaces/share/custom_interfaces/cmake/export_custom_interfaces__rosidl_generator_pyExport.cmake
[0.354s] -- Installing: /home/sami/Documents/ros2_assignment6/install/custom_interfaces/share/custom_interfaces/cmake/export_custom_interfaces__rosidl_generator_pyExport-noconfig.cmake
[0.354s] -- Installing: /home/sami/Documents/ros2_assignment6/install/custom_interfaces/share/custom_interfaces/cmake/rosidl_cmake-extras.cmake
[0.354s] -- Installing: /home/sami/Documents/ros2_assignment6/install/custom_interfaces/share/custom_interfaces/cmake/ament_cmake_export_dependencies-extras.cmake
[0.354s] -- Installing: /home/sami/Documents/ros2_assignment6/install/custom_interfaces/share/custom_interfaces/cmake/ament_cmake_export_include_directories-extras.cmake
[0.354s] -- Installing: /home/sami/Documents/ros2_assignment6/install/custom_interfaces/share/custom_interfaces/cmake/ament_cmake_export_libraries-extras.cmake
[0.354s] -- Installing: /home/sami/Documents/ros2_assignment6/install/custom_interfaces/share/custom_interfaces/cmake/ament_cmake_export_targets-extras.cmake
[0.354s] -- Installing: /home/sami/Documents/ros2_assignment6/install/custom_interfaces/share/custom_interfaces/cmake/rosidl_cmake_export_typesupport_targets-extras.cmake
[0.354s] -- Installing: /home/sami/Documents/ros2_assignment6/install/custom_interfaces/share/custom_interfaces/cmake/rosidl_cmake_export_typesupport_libraries-extras.cmake
[0.354s] -- Installing: /home/sami/Documents/ros2_assignment6/install/custom_interfaces/share/custom_interfaces/cmake/custom_interfacesConfig.cmake
[0.354s] -- Installing: /home/sami/Documents/ros2_assignment6/install/custom_interfaces/share/custom_interfaces/cmake/custom_interfacesConfig-version.cmake
[0.354s] -- Installing: /home/sami/Documents/ros2_assignment6/install/custom_interfaces/share/custom_interfaces/package.xml
[0.356s] Invoked command in '/home/sami/Documents/ros2_assignment6/build/custom_interfaces' returned '0': CMAKE_PREFIX_PATH=/opt/ros/humble /usr/bin/cmake --install /home/sami/Documents/ros2_assignment6/build/custom_interfaces
