[0.161s] Invoking command in '/home/sami/assignment2-ros2/ros2-assignment2/build/interfaces': CMAKE_PREFIX_PATH=${CMAKE_PREFIX_PATH}:/home/sami/assignment2-ros2/ros2-assignment2/install/action_service:/opt/ros/humble /usr/bin/cmake /home/sami/assignment2-ros2/ros2-assignment2/src/interfaces -DCMAKE_INSTALL_PREFIX=/home/sami/assignment2-ros2/ros2-assignment2/install/interfaces
[0.226s] -- The C compiler identification is GNU 11.4.0
[0.279s] -- The CXX compiler identification is GNU 11.4.0
[0.286s] -- Detecting C compiler ABI info
[0.334s] -- Detecting C compiler ABI info - done
[0.343s] -- Check for working C compiler: /usr/bin/cc - skipped
[0.344s] -- Detecting C compile features
[0.344s] -- Detecting C compile features - done
[0.348s] -- Detecting CXX compiler ABI info
[0.407s] -- Detecting CXX compiler ABI info - done
[0.415s] -- Check for working CXX compiler: /usr/bin/c++ - skipped
[0.416s] -- Detecting CXX compile features
[0.416s] -- Detecting CXX compile features - done
[0.421s] -- Found ament_cmake: 1.3.9 (/opt/ros/humble/share/ament_cmake/cmake)
[0.553s] -- Found Python3: /usr/bin/python3 (found version "3.10.12") found components: Interpreter 
[0.647s] -- Found rosidl_default_generators: 1.2.0 (/opt/ros/humble/share/rosidl_default_generators/cmake)
[0.649s] -- Using all available rosidl_typesupport_c: rosidl_typesupport_fastrtps_c;rosidl_typesupport_introspection_c
[0.656s] -- Found rosidl_adapter: 3.1.5 (/opt/ros/humble/share/rosidl_adapter/cmake)
[0.696s] -- Using all available rosidl_typesupport_cpp: rosidl_typesupport_fastrtps_cpp;rosidl_typesupport_introspection_cpp
[0.989s] -- Found ament_cmake_ros: 0.10.0 (/opt/ros/humble/share/ament_cmake_ros/cmake)
[1.126s] -- Using all available rosidl_typesupport_c: rosidl_typesupport_fastrtps_c;rosidl_typesupport_introspection_c
[1.286s] -- Using all available rosidl_typesupport_cpp: rosidl_typesupport_fastrtps_cpp;rosidl_typesupport_introspection_cpp
[1.303s] -- Found PythonInterp: /usr/bin/python3 (found suitable version "3.10.12", minimum required is "3.6") 
[1.305s] -- Found python_cmake_module: 0.10.0 (/opt/ros/humble/share/python_cmake_module/cmake)
[1.327s] -- Found PythonLibs: /usr/lib/x86_64-linux-gnu/libpython3.10.so (found suitable version "3.10.12", minimum required is "3.5") 
[1.327s] -- Using PYTHON_EXECUTABLE: /usr/bin/python3
[1.328s] -- Using PYTHON_INCLUDE_DIRS: /usr/include/python3.10
[1.328s] -- Using PYTHON_LIBRARIES: /usr/lib/x86_64-linux-gnu/libpython3.10.so
[1.344s] -- Found PythonExtra: .so  
[1.372s] -- Found ament_lint_auto: 0.12.11 (/opt/ros/humble/share/ament_lint_auto/cmake)
[1.390s] -- Added test 'lint_cmake' to check CMake code style
[1.391s] -- Added test 'xmllint' to check XML markup files
[1.394s] -- Configuring done
[1.417s] -- Generating done
[1.419s] -- Build files have been written to: /home/sami/assignment2-ros2/ros2-assignment2/build/interfaces
[1.425s] Invoked command in '/home/sami/assignment2-ros2/ros2-assignment2/build/interfaces' returned '0': CMAKE_PREFIX_PATH=${CMAKE_PREFIX_PATH}:/home/sami/assignment2-ros2/ros2-assignment2/install/action_service:/opt/ros/humble /usr/bin/cmake /home/sami/assignment2-ros2/ros2-assignment2/src/interfaces -DCMAKE_INSTALL_PREFIX=/home/sami/assignment2-ros2/ros2-assignment2/install/interfaces
[1.427s] Invoking command in '/home/sami/assignment2-ros2/ros2-assignment2/build/interfaces': CMAKE_PREFIX_PATH=${CMAKE_PREFIX_PATH}:/home/sami/assignment2-ros2/ros2-assignment2/install/action_service:/opt/ros/humble /usr/bin/cmake --build /home/sami/assignment2-ros2/ros2-assignment2/build/interfaces -- -j8 -l8
[1.457s] [  2%] [34m[1mGenerating C code for ROS interfaces[0m
[1.464s] [  5%] [34m[1mGenerating C++ code for ROS interfaces[0m
[1.471s] [  5%] Built target ament_cmake_python_copy_interfaces
[1.655s] running egg_info
[1.655s] creating interfaces.egg-info
[1.655s] writing interfaces.egg-info/PKG-INFO
[1.655s] writing dependency_links to interfaces.egg-info/dependency_links.txt
[1.655s] writing top-level names to interfaces.egg-info/top_level.txt
[1.656s] writing manifest file 'interfaces.egg-info/SOURCES.txt'
[1.657s] reading manifest file 'interfaces.egg-info/SOURCES.txt'
[1.657s] writing manifest file 'interfaces.egg-info/SOURCES.txt'
[1.677s] [  5%] Built target ament_cmake_python_build_interfaces_egg
[1.840s] [  5%] Built target interfaces__cpp
[1.847s] [ 12%] [34m[1mGenerating C++ type support for eProsima Fast-RTPS[0m
[1.847s] [ 12%] [34m[1mGenerating C++ introspection for ROS interfaces[0m
[1.847s] [ 12%] [34m[1mGenerating C++ type support dispatch for ROS interfaces[0m
[1.859s] [ 15%] [32mBuilding C object CMakeFiles/interfaces__rosidl_generator_c.dir/rosidl_generator_c/interfaces/action/detail/deliver_item__functions.c.o[0m
[1.861s] [ 17%] [32mBuilding C object CMakeFiles/interfaces__rosidl_generator_c.dir/rosidl_generator_c/interfaces/srv/detail/check_stock__functions.c.o[0m
[1.985s] [ 20%] [32m[1mLinking C shared library libinterfaces__rosidl_generator_c.so[0m
[2.017s] [ 20%] Built target interfaces__rosidl_generator_c
[2.024s] [ 23%] [34m[1mGenerating C type support for eProsima Fast-RTPS[0m
[2.026s] [ 25%] [34m[1mGenerating C type support dispatch for ROS interfaces[0m
[2.026s] [ 28%] [34m[1mGenerating C introspection for ROS interfaces[0m
[2.140s] [ 33%] [32mBuilding CXX object CMakeFiles/interfaces__rosidl_typesupport_cpp.dir/rosidl_typesupport_cpp/interfaces/srv/check_stock__type_support.cpp.o[0m
[2.140s] [ 33%] [32mBuilding CXX object CMakeFiles/interfaces__rosidl_typesupport_cpp.dir/rosidl_typesupport_cpp/interfaces/action/deliver_item__type_support.cpp.o[0m
[2.144s] [ 38%] [32mBuilding CXX object CMakeFiles/interfaces__rosidl_typesupport_introspection_cpp.dir/rosidl_typesupport_introspection_cpp/interfaces/action/detail/deliver_item__type_support.cpp.o[0m
[2.146s] [ 38%] [32mBuilding CXX object CMakeFiles/interfaces__rosidl_typesupport_introspection_cpp.dir/rosidl_typesupport_introspection_cpp/interfaces/srv/detail/check_stock__type_support.cpp.o[0m
[2.377s] [ 41%] [32mBuilding CXX object CMakeFiles/interfaces__rosidl_typesupport_fastrtps_cpp.dir/rosidl_typesupport_fastrtps_cpp/interfaces/action/detail/dds_fastrtps/deliver_item__type_support.cpp.o[0m
[2.461s] [ 43%] [32mBuilding CXX object CMakeFiles/interfaces__rosidl_typesupport_fastrtps_cpp.dir/rosidl_typesupport_fastrtps_cpp/interfaces/srv/detail/dds_fastrtps/check_stock__type_support.cpp.o[0m
[2.478s] [ 46%] [32mBuilding CXX object CMakeFiles/interfaces__rosidl_typesupport_c.dir/rosidl_typesupport_c/interfaces/action/deliver_item__type_support.cpp.o[0m
[2.531s] [ 48%] [32mBuilding CXX object CMakeFiles/interfaces__rosidl_typesupport_c.dir/rosidl_typesupport_c/interfaces/srv/check_stock__type_support.cpp.o[0m
[2.569s] [ 51%] [32m[1mLinking CXX shared library libinterfaces__rosidl_typesupport_c.so[0m
[2.642s] [ 51%] Built target interfaces__rosidl_typesupport_c
[2.659s] [ 56%] [32mBuilding C object CMakeFiles/interfaces__rosidl_typesupport_introspection_c.dir/rosidl_typesupport_introspection_c/interfaces/srv/detail/check_stock__type_support.c.o[0m
[2.659s] [ 56%] [32mBuilding C object CMakeFiles/interfaces__rosidl_typesupport_introspection_c.dir/rosidl_typesupport_introspection_c/interfaces/action/detail/deliver_item__type_support.c.o[0m
[2.669s] [ 61%] [32mBuilding CXX object CMakeFiles/interfaces__rosidl_typesupport_fastrtps_c.dir/rosidl_typesupport_fastrtps_c/interfaces/srv/detail/check_stock__type_support_c.cpp.o[0m
[2.670s] [ 61%] [32mBuilding CXX object CMakeFiles/interfaces__rosidl_typesupport_fastrtps_c.dir/rosidl_typesupport_fastrtps_c/interfaces/action/detail/deliver_item__type_support_c.cpp.o[0m
[2.675s] [ 64%] [32m[1mLinking CXX shared library libinterfaces__rosidl_typesupport_cpp.so[0m
[2.715s] [ 66%] [32m[1mLinking C shared library libinterfaces__rosidl_typesupport_introspection_c.so[0m
[2.723s] [ 66%] Built target interfaces__rosidl_typesupport_cpp
[2.751s] [ 66%] Built target interfaces__rosidl_typesupport_introspection_c
[2.801s] [ 69%] [32m[1mLinking CXX shared library libinterfaces__rosidl_typesupport_introspection_cpp.so[0m
[2.865s] [ 69%] Built target interfaces__rosidl_typesupport_introspection_cpp
[2.916s] [ 71%] [32m[1mLinking CXX shared library libinterfaces__rosidl_typesupport_fastrtps_cpp.so[0m
[2.973s] [ 71%] Built target interfaces__rosidl_typesupport_fastrtps_cpp
[3.016s] [ 74%] [32m[1mLinking CXX shared library libinterfaces__rosidl_typesupport_fastrtps_c.so[0m
[3.071s] [ 74%] Built target interfaces__rosidl_typesupport_fastrtps_c
[3.083s] [ 74%] Built target interfaces
[3.096s] [ 76%] [34m[1mGenerating Python code for ROS interfaces[0m
[3.708s] [ 76%] Built target interfaces__py
[3.721s] [ 82%] [32mBuilding C object CMakeFiles/interfaces__rosidl_generator_py.dir/rosidl_generator_py/interfaces/action/_deliver_item_s.c.o[0m
[3.721s] [ 82%] [32mBuilding C object CMakeFiles/interfaces__rosidl_generator_py.dir/rosidl_generator_py/interfaces/srv/_check_stock_s.c.o[0m
[3.809s] [ 84%] [32m[1mLinking C shared library rosidl_generator_py/interfaces/libinterfaces__rosidl_generator_py.so[0m
[3.836s] [ 84%] Built target interfaces__rosidl_generator_py
[3.850s] [ 92%] [32mBuilding C object CMakeFiles/interfaces__rosidl_typesupport_introspection_c__pyext.dir/rosidl_generator_py/interfaces/_interfaces_s.ep.rosidl_typesupport_introspection_c.c.o[0m
[3.850s] [ 92%] [32mBuilding C object CMakeFiles/interfaces__rosidl_typesupport_fastrtps_c__pyext.dir/rosidl_generator_py/interfaces/_interfaces_s.ep.rosidl_typesupport_fastrtps_c.c.o[0m
[3.850s] [ 92%] [32mBuilding C object CMakeFiles/interfaces__rosidl_typesupport_c__pyext.dir/rosidl_generator_py/interfaces/_interfaces_s.ep.rosidl_typesupport_c.c.o[0m
[3.936s] [100%] [32m[1mLinking C shared library rosidl_generator_py/interfaces/interfaces_s__rosidl_typesupport_introspection_c.cpython-310-x86_64-linux-gnu.so[0m
[3.936s] [100%] [32m[1mLinking C shared library rosidl_generator_py/interfaces/interfaces_s__rosidl_typesupport_fastrtps_c.cpython-310-x86_64-linux-gnu.so[0m
[3.936s] [100%] [32m[1mLinking C shared library rosidl_generator_py/interfaces/interfaces_s__rosidl_typesupport_c.cpython-310-x86_64-linux-gnu.so[0m
[3.964s] [100%] Built target interfaces__rosidl_typesupport_introspection_c__pyext
[3.964s] [100%] Built target interfaces__rosidl_typesupport_fastrtps_c__pyext
[3.964s] [100%] Built target interfaces__rosidl_typesupport_c__pyext
[3.973s] Invoked command in '/home/sami/assignment2-ros2/ros2-assignment2/build/interfaces' returned '0': CMAKE_PREFIX_PATH=${CMAKE_PREFIX_PATH}:/home/sami/assignment2-ros2/ros2-assignment2/install/action_service:/opt/ros/humble /usr/bin/cmake --build /home/sami/assignment2-ros2/ros2-assignment2/build/interfaces -- -j8 -l8
[4.023s] Invoking command in '/home/sami/assignment2-ros2/ros2-assignment2/build/interfaces': CMAKE_PREFIX_PATH=${CMAKE_PREFIX_PATH}:/home/sami/assignment2-ros2/ros2-assignment2/install/action_service:/opt/ros/humble /usr/bin/cmake --install /home/sami/assignment2-ros2/ros2-assignment2/build/interfaces
[4.028s] -- Install configuration: ""
[4.028s] -- Installing: /home/sami/assignment2-ros2/ros2-assignment2/install/interfaces/share/ament_index/resource_index/rosidl_interfaces/interfaces
[4.028s] -- Installing: /home/sami/assignment2-ros2/ros2-assignment2/install/interfaces/include/interfaces/interfaces
[4.028s] -- Installing: /home/sami/assignment2-ros2/ros2-assignment2/install/interfaces/include/interfaces/interfaces/srv
[4.029s] -- Installing: /home/sami/assignment2-ros2/ros2-assignment2/install/interfaces/include/interfaces/interfaces/srv/check_stock.h
[4.029s] -- Installing: /home/sami/assignment2-ros2/ros2-assignment2/install/interfaces/include/interfaces/interfaces/srv/detail
[4.029s] -- Installing: /home/sami/assignment2-ros2/ros2-assignment2/install/interfaces/include/interfaces/interfaces/srv/detail/check_stock__functions.c
[4.029s] -- Installing: /home/sami/assignment2-ros2/ros2-assignment2/install/interfaces/include/interfaces/interfaces/srv/detail/check_stock__type_support.h
[4.029s] -- Installing: /home/sami/assignment2-ros2/ros2-assignment2/install/interfaces/include/interfaces/interfaces/srv/detail/check_stock__functions.h
[4.029s] -- Installing: /home/sami/assignment2-ros2/ros2-assignment2/install/interfaces/include/interfaces/interfaces/srv/detail/check_stock__struct.h
[4.029s] -- Installing: /home/sami/assignment2-ros2/ros2-assignment2/install/interfaces/include/interfaces/interfaces/action
[4.029s] -- Installing: /home/sami/assignment2-ros2/ros2-assignment2/install/interfaces/include/interfaces/interfaces/action/deliver_item.h
[4.029s] -- Installing: /home/sami/assignment2-ros2/ros2-assignment2/install/interfaces/include/interfaces/interfaces/action/detail
[4.029s] -- Installing: /home/sami/assignment2-ros2/ros2-assignment2/install/interfaces/include/interfaces/interfaces/action/detail/deliver_item__functions.h
[4.029s] -- Installing: /home/sami/assignment2-ros2/ros2-assignment2/install/interfaces/include/interfaces/interfaces/action/detail/deliver_item__type_support.h
[4.029s] -- Installing: /home/sami/assignment2-ros2/ros2-assignment2/install/interfaces/include/interfaces/interfaces/action/detail/deliver_item__functions.c
[4.029s] -- Installing: /home/sami/assignment2-ros2/ros2-assignment2/install/interfaces/include/interfaces/interfaces/action/detail/deliver_item__struct.h
[4.029s] -- Installing: /home/sami/assignment2-ros2/ros2-assignment2/install/interfaces/include/interfaces/interfaces/msg
[4.030s] -- Installing: /home/sami/assignment2-ros2/ros2-assignment2/install/interfaces/include/interfaces/interfaces/msg/rosidl_generator_c__visibility_control.h
[4.030s] -- Installing: /home/sami/assignment2-ros2/ros2-assignment2/install/interfaces/share/interfaces/environment/library_path.sh
[4.030s] -- Installing: /home/sami/assignment2-ros2/ros2-assignment2/install/interfaces/share/interfaces/environment/library_path.dsv
[4.030s] -- Installing: /home/sami/assignment2-ros2/ros2-assignment2/install/interfaces/lib/libinterfaces__rosidl_generator_c.so
[4.030s] -- Set runtime path of "/home/sami/assignment2-ros2/ros2-assignment2/install/interfaces/lib/libinterfaces__rosidl_generator_c.so" to ""
[4.030s] -- Up-to-date: /home/sami/assignment2-ros2/ros2-assignment2/install/interfaces/include/interfaces/interfaces
[4.030s] -- Up-to-date: /home/sami/assignment2-ros2/ros2-assignment2/install/interfaces/include/interfaces/interfaces/srv
[4.030s] -- Up-to-date: /home/sami/assignment2-ros2/ros2-assignment2/install/interfaces/include/interfaces/interfaces/srv/detail
[4.030s] -- Installing: /home/sami/assignment2-ros2/ros2-assignment2/install/interfaces/include/interfaces/interfaces/srv/detail/check_stock__rosidl_typesupport_fastrtps_c.h
[4.030s] -- Up-to-date: /home/sami/assignment2-ros2/ros2-assignment2/install/interfaces/include/interfaces/interfaces/action
[4.030s] -- Up-to-date: /home/sami/assignment2-ros2/ros2-assignment2/install/interfaces/include/interfaces/interfaces/action/detail
[4.030s] -- Installing: /home/sami/assignment2-ros2/ros2-assignment2/install/interfaces/include/interfaces/interfaces/action/detail/deliver_item__rosidl_typesupport_fastrtps_c.h
[4.030s] -- Up-to-date: /home/sami/assignment2-ros2/ros2-assignment2/install/interfaces/include/interfaces/interfaces/msg
[4.030s] -- Installing: /home/sami/assignment2-ros2/ros2-assignment2/install/interfaces/include/interfaces/interfaces/msg/rosidl_typesupport_fastrtps_c__visibility_control.h
[4.030s] -- Installing: /home/sami/assignment2-ros2/ros2-assignment2/install/interfaces/lib/libinterfaces__rosidl_typesupport_fastrtps_c.so
[4.031s] -- Set runtime path of "/home/sami/assignment2-ros2/ros2-assignment2/install/interfaces/lib/libinterfaces__rosidl_typesupport_fastrtps_c.so" to ""
[4.031s] -- Up-to-date: /home/sami/assignment2-ros2/ros2-assignment2/install/interfaces/include/interfaces/interfaces
[4.031s] -- Up-to-date: /home/sami/assignment2-ros2/ros2-assignment2/install/interfaces/include/interfaces/interfaces/srv
[4.031s] -- Up-to-date: /home/sami/assignment2-ros2/ros2-assignment2/install/interfaces/include/interfaces/interfaces/srv/detail
[4.031s] -- Installing: /home/sami/assignment2-ros2/ros2-assignment2/install/interfaces/include/interfaces/interfaces/srv/detail/check_stock__rosidl_typesupport_introspection_c.h
[4.031s] -- Installing: /home/sami/assignment2-ros2/ros2-assignment2/install/interfaces/include/interfaces/interfaces/srv/detail/check_stock__type_support.c
[4.031s] -- Up-to-date: /home/sami/assignment2-ros2/ros2-assignment2/install/interfaces/include/interfaces/interfaces/action
[4.031s] -- Up-to-date: /home/sami/assignment2-ros2/ros2-assignment2/install/interfaces/include/interfaces/interfaces/action/detail
[4.031s] -- Installing: /home/sami/assignment2-ros2/ros2-assignment2/install/interfaces/include/interfaces/interfaces/action/detail/deliver_item__type_support.c
[4.031s] -- Installing: /home/sami/assignment2-ros2/ros2-assignment2/install/interfaces/include/interfaces/interfaces/action/detail/deliver_item__rosidl_typesupport_introspection_c.h
[4.031s] -- Up-to-date: /home/sami/assignment2-ros2/ros2-assignment2/install/interfaces/include/interfaces/interfaces/msg
[4.031s] -- Installing: /home/sami/assignment2-ros2/ros2-assignment2/install/interfaces/include/interfaces/interfaces/msg/rosidl_typesupport_introspection_c__visibility_control.h
[4.031s] -- Installing: /home/sami/assignment2-ros2/ros2-assignment2/install/interfaces/lib/libinterfaces__rosidl_typesupport_introspection_c.so
[4.031s] -- Set runtime path of "/home/sami/assignment2-ros2/ros2-assignment2/install/interfaces/lib/libinterfaces__rosidl_typesupport_introspection_c.so" to ""
[4.031s] -- Installing: /home/sami/assignment2-ros2/ros2-assignment2/install/interfaces/lib/libinterfaces__rosidl_typesupport_c.so
[4.031s] -- Set runtime path of "/home/sami/assignment2-ros2/ros2-assignment2/install/interfaces/lib/libinterfaces__rosidl_typesupport_c.so" to ""
[4.031s] -- Up-to-date: /home/sami/assignment2-ros2/ros2-assignment2/install/interfaces/include/interfaces/interfaces
[4.032s] -- Up-to-date: /home/sami/assignment2-ros2/ros2-assignment2/install/interfaces/include/interfaces/interfaces/srv
[4.032s] -- Up-to-date: /home/sami/assignment2-ros2/ros2-assignment2/install/interfaces/include/interfaces/interfaces/srv/detail
[4.032s] -- Installing: /home/sami/assignment2-ros2/ros2-assignment2/install/interfaces/include/interfaces/interfaces/srv/detail/check_stock__struct.hpp
[4.032s] -- Installing: /home/sami/assignment2-ros2/ros2-assignment2/install/interfaces/include/interfaces/interfaces/srv/detail/check_stock__traits.hpp
[4.032s] -- Installing: /home/sami/assignment2-ros2/ros2-assignment2/install/interfaces/include/interfaces/interfaces/srv/detail/check_stock__builder.hpp
[4.032s] -- Installing: /home/sami/assignment2-ros2/ros2-assignment2/install/interfaces/include/interfaces/interfaces/srv/check_stock.hpp
[4.032s] -- Up-to-date: /home/sami/assignment2-ros2/ros2-assignment2/install/interfaces/include/interfaces/interfaces/action
[4.032s] -- Up-to-date: /home/sami/assignment2-ros2/ros2-assignment2/install/interfaces/include/interfaces/interfaces/action/detail
[4.032s] -- Installing: /home/sami/assignment2-ros2/ros2-assignment2/install/interfaces/include/interfaces/interfaces/action/detail/deliver_item__builder.hpp
[4.032s] -- Installing: /home/sami/assignment2-ros2/ros2-assignment2/install/interfaces/include/interfaces/interfaces/action/detail/deliver_item__traits.hpp
[4.032s] -- Installing: /home/sami/assignment2-ros2/ros2-assignment2/install/interfaces/include/interfaces/interfaces/action/detail/deliver_item__struct.hpp
[4.032s] -- Installing: /home/sami/assignment2-ros2/ros2-assignment2/install/interfaces/include/interfaces/interfaces/action/deliver_item.hpp
[4.032s] -- Up-to-date: /home/sami/assignment2-ros2/ros2-assignment2/install/interfaces/include/interfaces/interfaces
[4.032s] -- Up-to-date: /home/sami/assignment2-ros2/ros2-assignment2/install/interfaces/include/interfaces/interfaces/srv
[4.032s] -- Up-to-date: /home/sami/assignment2-ros2/ros2-assignment2/install/interfaces/include/interfaces/interfaces/srv/detail
[4.032s] -- Installing: /home/sami/assignment2-ros2/ros2-assignment2/install/interfaces/include/interfaces/interfaces/srv/detail/dds_fastrtps
[4.032s] -- Installing: /home/sami/assignment2-ros2/ros2-assignment2/install/interfaces/include/interfaces/interfaces/srv/detail/check_stock__rosidl_typesupport_fastrtps_cpp.hpp
[4.032s] -- Up-to-date: /home/sami/assignment2-ros2/ros2-assignment2/install/interfaces/include/interfaces/interfaces/action
[4.032s] -- Up-to-date: /home/sami/assignment2-ros2/ros2-assignment2/install/interfaces/include/interfaces/interfaces/action/detail
[4.032s] -- Installing: /home/sami/assignment2-ros2/ros2-assignment2/install/interfaces/include/interfaces/interfaces/action/detail/deliver_item__rosidl_typesupport_fastrtps_cpp.hpp
[4.032s] -- Installing: /home/sami/assignment2-ros2/ros2-assignment2/install/interfaces/include/interfaces/interfaces/action/detail/dds_fastrtps
[4.032s] -- Up-to-date: /home/sami/assignment2-ros2/ros2-assignment2/install/interfaces/include/interfaces/interfaces/msg
[4.032s] -- Installing: /home/sami/assignment2-ros2/ros2-assignment2/install/interfaces/include/interfaces/interfaces/msg/rosidl_typesupport_fastrtps_cpp__visibility_control.h
[4.033s] -- Installing: /home/sami/assignment2-ros2/ros2-assignment2/install/interfaces/lib/libinterfaces__rosidl_typesupport_fastrtps_cpp.so
[4.033s] -- Set runtime path of "/home/sami/assignment2-ros2/ros2-assignment2/install/interfaces/lib/libinterfaces__rosidl_typesupport_fastrtps_cpp.so" to ""
[4.033s] -- Up-to-date: /home/sami/assignment2-ros2/ros2-assignment2/install/interfaces/include/interfaces/interfaces
[4.033s] -- Up-to-date: /home/sami/assignment2-ros2/ros2-assignment2/install/interfaces/include/interfaces/interfaces/srv
[4.033s] -- Up-to-date: /home/sami/assignment2-ros2/ros2-assignment2/install/interfaces/include/interfaces/interfaces/srv/detail
[4.033s] -- Installing: /home/sami/assignment2-ros2/ros2-assignment2/install/interfaces/include/interfaces/interfaces/srv/detail/check_stock__rosidl_typesupport_introspection_cpp.hpp
[4.033s] -- Installing: /home/sami/assignment2-ros2/ros2-assignment2/install/interfaces/include/interfaces/interfaces/srv/detail/check_stock__type_support.cpp
[4.033s] -- Up-to-date: /home/sami/assignment2-ros2/ros2-assignment2/install/interfaces/include/interfaces/interfaces/action
[4.033s] -- Up-to-date: /home/sami/assignment2-ros2/ros2-assignment2/install/interfaces/include/interfaces/interfaces/action/detail
[4.033s] -- Installing: /home/sami/assignment2-ros2/ros2-assignment2/install/interfaces/include/interfaces/interfaces/action/detail/deliver_item__type_support.cpp
[4.033s] -- Installing: /home/sami/assignment2-ros2/ros2-assignment2/install/interfaces/include/interfaces/interfaces/action/detail/deliver_item__rosidl_typesupport_introspection_cpp.hpp
[4.033s] -- Installing: /home/sami/assignment2-ros2/ros2-assignment2/install/interfaces/lib/libinterfaces__rosidl_typesupport_introspection_cpp.so
[4.033s] -- Set runtime path of "/home/sami/assignment2-ros2/ros2-assignment2/install/interfaces/lib/libinterfaces__rosidl_typesupport_introspection_cpp.so" to ""
[4.033s] -- Installing: /home/sami/assignment2-ros2/ros2-assignment2/install/interfaces/lib/libinterfaces__rosidl_typesupport_cpp.so
[4.033s] -- Set runtime path of "/home/sami/assignment2-ros2/ros2-assignment2/install/interfaces/lib/libinterfaces__rosidl_typesupport_cpp.so" to ""
[4.033s] -- Installing: /home/sami/assignment2-ros2/ros2-assignment2/install/interfaces/share/interfaces/environment/pythonpath.sh
[4.033s] -- Installing: /home/sami/assignment2-ros2/ros2-assignment2/install/interfaces/share/interfaces/environment/pythonpath.dsv
[4.033s] -- Installing: /home/sami/assignment2-ros2/ros2-assignment2/install/interfaces/local/lib/python3.10/dist-packages/interfaces-0.0.0-py3.10.egg-info
[4.034s] -- Installing: /home/sami/assignment2-ros2/ros2-assignment2/install/interfaces/local/lib/python3.10/dist-packages/interfaces-0.0.0-py3.10.egg-info/top_level.txt
[4.034s] -- Installing: /home/sami/assignment2-ros2/ros2-assignment2/install/interfaces/local/lib/python3.10/dist-packages/interfaces-0.0.0-py3.10.egg-info/PKG-INFO
[4.034s] -- Installing: /home/sami/assignment2-ros2/ros2-assignment2/install/interfaces/local/lib/python3.10/dist-packages/interfaces-0.0.0-py3.10.egg-info/SOURCES.txt
[4.034s] -- Installing: /home/sami/assignment2-ros2/ros2-assignment2/install/interfaces/local/lib/python3.10/dist-packages/interfaces-0.0.0-py3.10.egg-info/dependency_links.txt
[4.034s] -- Installing: /home/sami/assignment2-ros2/ros2-assignment2/install/interfaces/local/lib/python3.10/dist-packages/interfaces
[4.034s] -- Installing: /home/sami/assignment2-ros2/ros2-assignment2/install/interfaces/local/lib/python3.10/dist-packages/interfaces/srv
[4.034s] -- Installing: /home/sami/assignment2-ros2/ros2-assignment2/install/interfaces/local/lib/python3.10/dist-packages/interfaces/srv/_check_stock_s.c
[4.034s] -- Installing: /home/sami/assignment2-ros2/ros2-assignment2/install/interfaces/local/lib/python3.10/dist-packages/interfaces/srv/__init__.py
[4.034s] -- Installing: /home/sami/assignment2-ros2/ros2-assignment2/install/interfaces/local/lib/python3.10/dist-packages/interfaces/srv/_check_stock.py
[4.034s] -- Installing: /home/sami/assignment2-ros2/ros2-assignment2/install/interfaces/local/lib/python3.10/dist-packages/interfaces/interfaces_s__rosidl_typesupport_fastrtps_c.cpython-310-x86_64-linux-gnu.so
[4.034s] -- Installing: /home/sami/assignment2-ros2/ros2-assignment2/install/interfaces/local/lib/python3.10/dist-packages/interfaces/interfaces_s__rosidl_typesupport_c.cpython-310-x86_64-linux-gnu.so
[4.034s] -- Installing: /home/sami/assignment2-ros2/ros2-assignment2/install/interfaces/local/lib/python3.10/dist-packages/interfaces/_interfaces_s.ep.rosidl_typesupport_c.c
[4.034s] -- Installing: /home/sami/assignment2-ros2/ros2-assignment2/install/interfaces/local/lib/python3.10/dist-packages/interfaces/action
[4.034s] -- Installing: /home/sami/assignment2-ros2/ros2-assignment2/install/interfaces/local/lib/python3.10/dist-packages/interfaces/action/_deliver_item.py
[4.035s] -- Installing: /home/sami/assignment2-ros2/ros2-assignment2/install/interfaces/local/lib/python3.10/dist-packages/interfaces/action/_deliver_item_s.c
[4.035s] -- Installing: /home/sami/assignment2-ros2/ros2-assignment2/install/interfaces/local/lib/python3.10/dist-packages/interfaces/action/__init__.py
[4.035s] -- Installing: /home/sami/assignment2-ros2/ros2-assignment2/install/interfaces/local/lib/python3.10/dist-packages/interfaces/_interfaces_s.ep.rosidl_typesupport_fastrtps_c.c
[4.035s] -- Installing: /home/sami/assignment2-ros2/ros2-assignment2/install/interfaces/local/lib/python3.10/dist-packages/interfaces/_interfaces_s.ep.rosidl_typesupport_introspection_c.c
[4.035s] -- Installing: /home/sami/assignment2-ros2/ros2-assignment2/install/interfaces/local/lib/python3.10/dist-packages/interfaces/interfaces_s__rosidl_typesupport_introspection_c.cpython-310-x86_64-linux-gnu.so
[4.035s] -- Installing: /home/sami/assignment2-ros2/ros2-assignment2/install/interfaces/local/lib/python3.10/dist-packages/interfaces/__init__.py
[4.035s] -- Installing: /home/sami/assignment2-ros2/ros2-assignment2/install/interfaces/local/lib/python3.10/dist-packages/interfaces/libinterfaces__rosidl_generator_py.so
[4.061s] Listing '/home/sami/assignment2-ros2/ros2-assignment2/install/interfaces/local/lib/python3.10/dist-packages/interfaces'...
[4.061s] Compiling '/home/sami/assignment2-ros2/ros2-assignment2/install/interfaces/local/lib/python3.10/dist-packages/interfaces/__init__.py'...
[4.061s] Listing '/home/sami/assignment2-ros2/ros2-assignment2/install/interfaces/local/lib/python3.10/dist-packages/interfaces/action'...
[4.061s] Compiling '/home/sami/assignment2-ros2/ros2-assignment2/install/interfaces/local/lib/python3.10/dist-packages/interfaces/action/__init__.py'...
[4.061s] Compiling '/home/sami/assignment2-ros2/ros2-assignment2/install/interfaces/local/lib/python3.10/dist-packages/interfaces/action/_deliver_item.py'...
[4.061s] Listing '/home/sami/assignment2-ros2/ros2-assignment2/install/interfaces/local/lib/python3.10/dist-packages/interfaces/srv'...
[4.062s] Compiling '/home/sami/assignment2-ros2/ros2-assignment2/install/interfaces/local/lib/python3.10/dist-packages/interfaces/srv/__init__.py'...
[4.062s] Compiling '/home/sami/assignment2-ros2/ros2-assignment2/install/interfaces/local/lib/python3.10/dist-packages/interfaces/srv/_check_stock.py'...
[4.064s] -- Installing: /home/sami/assignment2-ros2/ros2-assignment2/install/interfaces/local/lib/python3.10/dist-packages/interfaces/interfaces_s__rosidl_typesupport_fastrtps_c.cpython-310-x86_64-linux-gnu.so
[4.064s] -- Set runtime path of "/home/sami/assignment2-ros2/ros2-assignment2/install/interfaces/local/lib/python3.10/dist-packages/interfaces/interfaces_s__rosidl_typesupport_fastrtps_c.cpython-310-x86_64-linux-gnu.so" to ""
[4.064s] -- Installing: /home/sami/assignment2-ros2/ros2-assignment2/install/interfaces/local/lib/python3.10/dist-packages/interfaces/interfaces_s__rosidl_typesupport_introspection_c.cpython-310-x86_64-linux-gnu.so
[4.065s] -- Set runtime path of "/home/sami/assignment2-ros2/ros2-assignment2/install/interfaces/local/lib/python3.10/dist-packages/interfaces/interfaces_s__rosidl_typesupport_introspection_c.cpython-310-x86_64-linux-gnu.so" to ""
[4.065s] -- Installing: /home/sami/assignment2-ros2/ros2-assignment2/install/interfaces/local/lib/python3.10/dist-packages/interfaces/interfaces_s__rosidl_typesupport_c.cpython-310-x86_64-linux-gnu.so
[4.065s] -- Set runtime path of "/home/sami/assignment2-ros2/ros2-assignment2/install/interfaces/local/lib/python3.10/dist-packages/interfaces/interfaces_s__rosidl_typesupport_c.cpython-310-x86_64-linux-gnu.so" to ""
[4.065s] -- Installing: /home/sami/assignment2-ros2/ros2-assignment2/install/interfaces/lib/libinterfaces__rosidl_generator_py.so
[4.065s] -- Set runtime path of "/home/sami/assignment2-ros2/ros2-assignment2/install/interfaces/lib/libinterfaces__rosidl_generator_py.so" to ""
[4.065s] -- Installing: /home/sami/assignment2-ros2/ros2-assignment2/install/interfaces/share/interfaces/action/DeliverItem.idl
[4.065s] -- Installing: /home/sami/assignment2-ros2/ros2-assignment2/install/interfaces/share/interfaces/srv/CheckStock.idl
[4.065s] -- Installing: /home/sami/assignment2-ros2/ros2-assignment2/install/interfaces/share/interfaces/action/DeliverItem.action
[4.065s] -- Installing: /home/sami/assignment2-ros2/ros2-assignment2/install/interfaces/share/interfaces/srv/CheckStock.srv
[4.065s] -- Installing: /home/sami/assignment2-ros2/ros2-assignment2/install/interfaces/share/interfaces/srv/CheckStock_Request.msg
[4.065s] -- Installing: /home/sami/assignment2-ros2/ros2-assignment2/install/interfaces/share/interfaces/srv/CheckStock_Response.msg
[4.066s] -- Installing: /home/sami/assignment2-ros2/ros2-assignment2/install/interfaces/share/ament_index/resource_index/package_run_dependencies/interfaces
[4.066s] -- Installing: /home/sami/assignment2-ros2/ros2-assignment2/install/interfaces/share/ament_index/resource_index/parent_prefix_path/interfaces
[4.066s] -- Installing: /home/sami/assignment2-ros2/ros2-assignment2/install/interfaces/share/interfaces/environment/ament_prefix_path.sh
[4.066s] -- Installing: /home/sami/assignment2-ros2/ros2-assignment2/install/interfaces/share/interfaces/environment/ament_prefix_path.dsv
[4.066s] -- Installing: /home/sami/assignment2-ros2/ros2-assignment2/install/interfaces/share/interfaces/environment/path.sh
[4.066s] -- Installing: /home/sami/assignment2-ros2/ros2-assignment2/install/interfaces/share/interfaces/environment/path.dsv
[4.066s] -- Installing: /home/sami/assignment2-ros2/ros2-assignment2/install/interfaces/share/interfaces/local_setup.bash
[4.066s] -- Installing: /home/sami/assignment2-ros2/ros2-assignment2/install/interfaces/share/interfaces/local_setup.sh
[4.066s] -- Installing: /home/sami/assignment2-ros2/ros2-assignment2/install/interfaces/share/interfaces/local_setup.zsh
[4.066s] -- Installing: /home/sami/assignment2-ros2/ros2-assignment2/install/interfaces/share/interfaces/local_setup.dsv
[4.066s] -- Installing: /home/sami/assignment2-ros2/ros2-assignment2/install/interfaces/share/interfaces/package.dsv
[4.066s] -- Installing: /home/sami/assignment2-ros2/ros2-assignment2/install/interfaces/share/ament_index/resource_index/packages/interfaces
[4.067s] -- Installing: /home/sami/assignment2-ros2/ros2-assignment2/install/interfaces/share/interfaces/cmake/export_interfaces__rosidl_generator_cExport.cmake
[4.067s] -- Installing: /home/sami/assignment2-ros2/ros2-assignment2/install/interfaces/share/interfaces/cmake/export_interfaces__rosidl_generator_cExport-noconfig.cmake
[4.067s] -- Installing: /home/sami/assignment2-ros2/ros2-assignment2/install/interfaces/share/interfaces/cmake/export_interfaces__rosidl_typesupport_fastrtps_cExport.cmake
[4.067s] -- Installing: /home/sami/assignment2-ros2/ros2-assignment2/install/interfaces/share/interfaces/cmake/export_interfaces__rosidl_typesupport_fastrtps_cExport-noconfig.cmake
[4.067s] -- Installing: /home/sami/assignment2-ros2/ros2-assignment2/install/interfaces/share/interfaces/cmake/interfaces__rosidl_typesupport_introspection_cExport.cmake
[4.067s] -- Installing: /home/sami/assignment2-ros2/ros2-assignment2/install/interfaces/share/interfaces/cmake/interfaces__rosidl_typesupport_introspection_cExport-noconfig.cmake
[4.067s] -- Installing: /home/sami/assignment2-ros2/ros2-assignment2/install/interfaces/share/interfaces/cmake/interfaces__rosidl_typesupport_cExport.cmake
[4.067s] -- Installing: /home/sami/assignment2-ros2/ros2-assignment2/install/interfaces/share/interfaces/cmake/interfaces__rosidl_typesupport_cExport-noconfig.cmake
[4.067s] -- Installing: /home/sami/assignment2-ros2/ros2-assignment2/install/interfaces/share/interfaces/cmake/export_interfaces__rosidl_generator_cppExport.cmake
[4.067s] -- Installing: /home/sami/assignment2-ros2/ros2-assignment2/install/interfaces/share/interfaces/cmake/export_interfaces__rosidl_typesupport_fastrtps_cppExport.cmake
[4.067s] -- Installing: /home/sami/assignment2-ros2/ros2-assignment2/install/interfaces/share/interfaces/cmake/export_interfaces__rosidl_typesupport_fastrtps_cppExport-noconfig.cmake
[4.067s] -- Installing: /home/sami/assignment2-ros2/ros2-assignment2/install/interfaces/share/interfaces/cmake/interfaces__rosidl_typesupport_introspection_cppExport.cmake
[4.067s] -- Installing: /home/sami/assignment2-ros2/ros2-assignment2/install/interfaces/share/interfaces/cmake/interfaces__rosidl_typesupport_introspection_cppExport-noconfig.cmake
[4.067s] -- Installing: /home/sami/assignment2-ros2/ros2-assignment2/install/interfaces/share/interfaces/cmake/interfaces__rosidl_typesupport_cppExport.cmake
[4.068s] -- Installing: /home/sami/assignment2-ros2/ros2-assignment2/install/interfaces/share/interfaces/cmake/interfaces__rosidl_typesupport_cppExport-noconfig.cmake
[4.068s] -- Installing: /home/sami/assignment2-ros2/ros2-assignment2/install/interfaces/share/interfaces/cmake/export_interfaces__rosidl_generator_pyExport.cmake
[4.068s] -- Installing: /home/sami/assignment2-ros2/ros2-assignment2/install/interfaces/share/interfaces/cmake/export_interfaces__rosidl_generator_pyExport-noconfig.cmake
[4.068s] -- Installing: /home/sami/assignment2-ros2/ros2-assignment2/install/interfaces/share/interfaces/cmake/rosidl_cmake-extras.cmake
[4.068s] -- Installing: /home/sami/assignment2-ros2/ros2-assignment2/install/interfaces/share/interfaces/cmake/ament_cmake_export_dependencies-extras.cmake
[4.068s] -- Installing: /home/sami/assignment2-ros2/ros2-assignment2/install/interfaces/share/interfaces/cmake/ament_cmake_export_include_directories-extras.cmake
[4.068s] -- Installing: /home/sami/assignment2-ros2/ros2-assignment2/install/interfaces/share/interfaces/cmake/ament_cmake_export_libraries-extras.cmake
[4.068s] -- Installing: /home/sami/assignment2-ros2/ros2-assignment2/install/interfaces/share/interfaces/cmake/ament_cmake_export_targets-extras.cmake
[4.068s] -- Installing: /home/sami/assignment2-ros2/ros2-assignment2/install/interfaces/share/interfaces/cmake/rosidl_cmake_export_typesupport_targets-extras.cmake
[4.068s] -- Installing: /home/sami/assignment2-ros2/ros2-assignment2/install/interfaces/share/interfaces/cmake/rosidl_cmake_export_typesupport_libraries-extras.cmake
[4.068s] -- Installing: /home/sami/assignment2-ros2/ros2-assignment2/install/interfaces/share/interfaces/cmake/interfacesConfig.cmake
[4.068s] -- Installing: /home/sami/assignment2-ros2/ros2-assignment2/install/interfaces/share/interfaces/cmake/interfacesConfig-version.cmake
[4.068s] -- Installing: /home/sami/assignment2-ros2/ros2-assignment2/install/interfaces/share/interfaces/package.xml
[4.070s] Invoked command in '/home/sami/assignment2-ros2/ros2-assignment2/build/interfaces' returned '0': CMAKE_PREFIX_PATH=${CMAKE_PREFIX_PATH}:/home/sami/assignment2-ros2/ros2-assignment2/install/action_service:/opt/ros/humble /usr/bin/cmake --install /home/sami/assignment2-ros2/ros2-assignment2/build/interfaces
