[0.159s] Invoking command in '/home/sami/assignment2-ros2/build/interfaces': CMAKE_PREFIX_PATH=${CMAKE_PREFIX_PATH}:/home/sami/assignment2-ros2/install/action_service:/home/sami/Documents/ros2-assignment2/install/action_service:/opt/ros/humble /usr/bin/cmake /home/sami/assignment2-ros2/src/interfaces -DCMAKE_INSTALL_PREFIX=/home/sami/assignment2-ros2/install/interfaces
[0.194s] -- The C compiler identification is GNU 11.4.0
[0.229s] -- The CXX compiler identification is GNU 11.4.0
[0.233s] -- Detecting C compiler ABI info
[0.277s] -- Detecting C compiler ABI info - done
[0.282s] -- Check for working C compiler: /usr/bin/cc - skipped
[0.282s] -- Detecting C compile features
[0.282s] -- Detecting C compile features - done
[0.284s] -- Detecting CXX compiler ABI info
[0.337s] -- Detecting CXX compiler ABI info - done
[0.342s] -- Check for working CXX compiler: /usr/bin/c++ - skipped
[0.342s] -- Detecting CXX compile features
[0.343s] -- Detecting CXX compile features - done
[0.344s] -- Found ament_cmake: 1.3.9 (/opt/ros/humble/share/ament_cmake/cmake)
[0.449s] -- Found Python3: /usr/bin/python3 (found version "3.10.12") found components: Interpreter 
[0.507s] -- Found rosidl_default_generators: 1.2.0 (/opt/ros/humble/share/rosidl_default_generators/cmake)
[0.509s] -- Using all available rosidl_typesupport_c: rosidl_typesupport_fastrtps_c;rosidl_typesupport_introspection_c
[0.513s] -- Found rosidl_adapter: 3.1.5 (/opt/ros/humble/share/rosidl_adapter/cmake)
[0.537s] -- Using all available rosidl_typesupport_cpp: rosidl_typesupport_fastrtps_cpp;rosidl_typesupport_introspection_cpp
[0.777s] -- Found ament_cmake_ros: 0.10.0 (/opt/ros/humble/share/ament_cmake_ros/cmake)
[0.898s] -- Using all available rosidl_typesupport_c: rosidl_typesupport_fastrtps_c;rosidl_typesupport_introspection_c
[1.062s] -- Using all available rosidl_typesupport_cpp: rosidl_typesupport_fastrtps_cpp;rosidl_typesupport_introspection_cpp
[1.077s] -- Found PythonInterp: /usr/bin/python3 (found suitable version "3.10.12", minimum required is "3.6") 
[1.077s] -- Found python_cmake_module: 0.10.0 (/opt/ros/humble/share/python_cmake_module/cmake)
[1.094s] -- Found PythonLibs: /usr/lib/x86_64-linux-gnu/libpython3.10.so (found suitable version "3.10.12", minimum required is "3.5") 
[1.094s] -- Using PYTHON_EXECUTABLE: /usr/bin/python3
[1.094s] -- Using PYTHON_INCLUDE_DIRS: /usr/include/python3.10
[1.094s] -- Using PYTHON_LIBRARIES: /usr/lib/x86_64-linux-gnu/libpython3.10.so
[1.107s] -- Found PythonExtra: .so  
[1.143s] -- Found ament_lint_auto: 0.12.11 (/opt/ros/humble/share/ament_lint_auto/cmake)
[1.154s] -- Added test 'lint_cmake' to check CMake code style
[1.154s] -- Added test 'xmllint' to check XML markup files
[1.156s] -- Configuring done
[1.175s] -- Generating done
[1.177s] -- Build files have been written to: /home/sami/assignment2-ros2/build/interfaces
[1.181s] Invoked command in '/home/sami/assignment2-ros2/build/interfaces' returned '0': CMAKE_PREFIX_PATH=${CMAKE_PREFIX_PATH}:/home/sami/assignment2-ros2/install/action_service:/home/sami/Documents/ros2-assignment2/install/action_service:/opt/ros/humble /usr/bin/cmake /home/sami/assignment2-ros2/src/interfaces -DCMAKE_INSTALL_PREFIX=/home/sami/assignment2-ros2/install/interfaces
[1.182s] Invoking command in '/home/sami/assignment2-ros2/build/interfaces': CMAKE_PREFIX_PATH=${CMAKE_PREFIX_PATH}:/home/sami/assignment2-ros2/install/action_service:/home/sami/Documents/ros2-assignment2/install/action_service:/opt/ros/humble /usr/bin/cmake --build /home/sami/assignment2-ros2/build/interfaces -- -j8 -l8
[1.209s] [  2%] [34m[1mGenerating C code for ROS interfaces[0m
[1.215s] [  5%] [34m[1mGenerating C++ code for ROS interfaces[0m
[1.221s] [  5%] Built target ament_cmake_python_copy_interfaces
[1.405s] running egg_info
[1.405s] creating interfaces.egg-info
[1.405s] writing interfaces.egg-info/PKG-INFO
[1.405s] writing dependency_links to interfaces.egg-info/dependency_links.txt
[1.405s] writing top-level names to interfaces.egg-info/top_level.txt
[1.406s] writing manifest file 'interfaces.egg-info/SOURCES.txt'
[1.407s] reading manifest file 'interfaces.egg-info/SOURCES.txt'
[1.408s] writing manifest file 'interfaces.egg-info/SOURCES.txt'
[1.427s] [  5%] Built target ament_cmake_python_build_interfaces_egg
[1.571s] [  5%] Built target interfaces__cpp
[1.577s] [ 10%] [34m[1mGenerating C++ introspection for ROS interfaces[0m
[1.578s] [ 10%] [34m[1mGenerating C++ type support for eProsima Fast-RTPS[0m
[1.578s] [ 12%] [34m[1mGenerating C++ type support dispatch for ROS interfaces[0m
[1.589s] [ 15%] [32mBuilding C object CMakeFiles/interfaces__rosidl_generator_c.dir/rosidl_generator_c/interfaces/action/detail/deliver_item__functions.c.o[0m
[1.593s] [ 17%] [32mBuilding C object CMakeFiles/interfaces__rosidl_generator_c.dir/rosidl_generator_c/interfaces/srv/detail/check_stock__functions.c.o[0m
[1.683s] [ 20%] [32m[1mLinking C shared library libinterfaces__rosidl_generator_c.so[0m
[1.707s] [ 20%] Built target interfaces__rosidl_generator_c
[1.716s] [ 23%] [34m[1mGenerating C type support for eProsima Fast-RTPS[0m
[1.717s] [ 25%] [34m[1mGenerating C type support dispatch for ROS interfaces[0m
[1.717s] [ 28%] [34m[1mGenerating C introspection for ROS interfaces[0m
[1.813s] [ 33%] [32mBuilding CXX object CMakeFiles/interfaces__rosidl_typesupport_cpp.dir/rosidl_typesupport_cpp/interfaces/action/deliver_item__type_support.cpp.o[0m
[1.813s] [ 33%] [32mBuilding CXX object CMakeFiles/interfaces__rosidl_typesupport_cpp.dir/rosidl_typesupport_cpp/interfaces/srv/check_stock__type_support.cpp.o[0m
[1.977s] [ 38%] [32mBuilding CXX object CMakeFiles/interfaces__rosidl_typesupport_introspection_cpp.dir/rosidl_typesupport_introspection_cpp/interfaces/srv/detail/check_stock__type_support.cpp.o[0m
[1.977s] [ 38%] [32mBuilding CXX object CMakeFiles/interfaces__rosidl_typesupport_introspection_cpp.dir/rosidl_typesupport_introspection_cpp/interfaces/action/detail/deliver_item__type_support.cpp.o[0m
[2.119s] [ 43%] [32mBuilding CXX object CMakeFiles/interfaces__rosidl_typesupport_c.dir/rosidl_typesupport_c/interfaces/action/deliver_item__type_support.cpp.o[0m
[2.120s] [ 43%] [32mBuilding CXX object CMakeFiles/interfaces__rosidl_typesupport_fastrtps_cpp.dir/rosidl_typesupport_fastrtps_cpp/interfaces/action/detail/dds_fastrtps/deliver_item__type_support.cpp.o[0m
[2.177s] [ 46%] [32mBuilding CXX object CMakeFiles/interfaces__rosidl_typesupport_c.dir/rosidl_typesupport_c/interfaces/srv/check_stock__type_support.cpp.o[0m
[2.217s] [ 48%] [32m[1mLinking CXX shared library libinterfaces__rosidl_typesupport_c.so[0m
[2.222s] [ 51%] [32mBuilding CXX object CMakeFiles/interfaces__rosidl_typesupport_fastrtps_cpp.dir/rosidl_typesupport_fastrtps_cpp/interfaces/srv/detail/dds_fastrtps/check_stock__type_support.cpp.o[0m
[2.240s] [ 53%] [32m[1mLinking CXX shared library libinterfaces__rosidl_typesupport_cpp.so[0m
[2.290s] [ 53%] Built target interfaces__rosidl_typesupport_cpp
[2.304s] [ 53%] Built target interfaces__rosidl_typesupport_c
[2.304s] [ 56%] [32mBuilding CXX object CMakeFiles/interfaces__rosidl_typesupport_fastrtps_c.dir/rosidl_typesupport_fastrtps_c/interfaces/srv/detail/check_stock__type_support_c.cpp.o[0m
[2.304s] [ 58%] [32mBuilding CXX object CMakeFiles/interfaces__rosidl_typesupport_fastrtps_c.dir/rosidl_typesupport_fastrtps_c/interfaces/action/detail/deliver_item__type_support_c.cpp.o[0m
[2.313s] [ 61%] [32mBuilding C object CMakeFiles/interfaces__rosidl_typesupport_introspection_c.dir/rosidl_typesupport_introspection_c/interfaces/action/detail/deliver_item__type_support.c.o[0m
[2.326s] [ 64%] [32mBuilding C object CMakeFiles/interfaces__rosidl_typesupport_introspection_c.dir/rosidl_typesupport_introspection_c/interfaces/srv/detail/check_stock__type_support.c.o[0m
[2.413s] [ 66%] [32m[1mLinking C shared library libinterfaces__rosidl_typesupport_introspection_c.so[0m
[2.460s] [ 66%] Built target interfaces__rosidl_typesupport_introspection_c
[2.643s] [ 69%] [32m[1mLinking CXX shared library libinterfaces__rosidl_typesupport_introspection_cpp.so[0m
[2.699s] [ 71%] [32m[1mLinking CXX shared library libinterfaces__rosidl_typesupport_fastrtps_c.so[0m
[2.700s] [ 71%] Built target interfaces__rosidl_typesupport_introspection_cpp
[2.738s] [ 74%] [32m[1mLinking CXX shared library libinterfaces__rosidl_typesupport_fastrtps_cpp.so[0m
[2.756s] [ 74%] Built target interfaces__rosidl_typesupport_fastrtps_c
[2.790s] [ 74%] Built target interfaces__rosidl_typesupport_fastrtps_cpp
[2.803s] [ 74%] Built target interfaces
[2.817s] [ 76%] [34m[1mGenerating Python code for ROS interfaces[0m
[3.360s] [ 76%] Built target interfaces__py
[3.373s] [ 82%] [32mBuilding C object CMakeFiles/interfaces__rosidl_generator_py.dir/rosidl_generator_py/interfaces/srv/_check_stock_s.c.o[0m
[3.373s] [ 82%] [32mBuilding C object CMakeFiles/interfaces__rosidl_generator_py.dir/rosidl_generator_py/interfaces/action/_deliver_item_s.c.o[0m
[3.463s] [ 84%] [32m[1mLinking C shared library rosidl_generator_py/interfaces/libinterfaces__rosidl_generator_py.so[0m
[3.490s] [ 84%] Built target interfaces__rosidl_generator_py
[3.504s] [ 92%] [32mBuilding C object CMakeFiles/interfaces__rosidl_typesupport_introspection_c__pyext.dir/rosidl_generator_py/interfaces/_interfaces_s.ep.rosidl_typesupport_introspection_c.c.o[0m
[3.504s] [ 92%] [32mBuilding C object CMakeFiles/interfaces__rosidl_typesupport_fastrtps_c__pyext.dir/rosidl_generator_py/interfaces/_interfaces_s.ep.rosidl_typesupport_fastrtps_c.c.o[0m
[3.504s] [ 92%] [32mBuilding C object CMakeFiles/interfaces__rosidl_typesupport_c__pyext.dir/rosidl_generator_py/interfaces/_interfaces_s.ep.rosidl_typesupport_c.c.o[0m
[3.589s] [100%] [32m[1mLinking C shared library rosidl_generator_py/interfaces/interfaces_s__rosidl_typesupport_fastrtps_c.cpython-310-x86_64-linux-gnu.so[0m
[3.589s] [100%] [32m[1mLinking C shared library rosidl_generator_py/interfaces/interfaces_s__rosidl_typesupport_introspection_c.cpython-310-x86_64-linux-gnu.so[0m
[3.589s] [100%] [32m[1mLinking C shared library rosidl_generator_py/interfaces/interfaces_s__rosidl_typesupport_c.cpython-310-x86_64-linux-gnu.so[0m
[3.618s] [100%] Built target interfaces__rosidl_typesupport_fastrtps_c__pyext
[3.618s] [100%] Built target interfaces__rosidl_typesupport_introspection_c__pyext
[3.618s] [100%] Built target interfaces__rosidl_typesupport_c__pyext
[3.626s] Invoked command in '/home/sami/assignment2-ros2/build/interfaces' returned '0': CMAKE_PREFIX_PATH=${CMAKE_PREFIX_PATH}:/home/sami/assignment2-ros2/install/action_service:/home/sami/Documents/ros2-assignment2/install/action_service:/opt/ros/humble /usr/bin/cmake --build /home/sami/assignment2-ros2/build/interfaces -- -j8 -l8
[3.683s] Invoking command in '/home/sami/assignment2-ros2/build/interfaces': CMAKE_PREFIX_PATH=${CMAKE_PREFIX_PATH}:/home/sami/assignment2-ros2/install/action_service:/home/sami/Documents/ros2-assignment2/install/action_service:/opt/ros/humble /usr/bin/cmake --install /home/sami/assignment2-ros2/build/interfaces
[3.688s] -- Install configuration: ""
[3.688s] -- Installing: /home/sami/assignment2-ros2/install/interfaces/share/ament_index/resource_index/rosidl_interfaces/interfaces
[3.688s] -- Installing: /home/sami/assignment2-ros2/install/interfaces/include/interfaces/interfaces
[3.688s] -- Installing: /home/sami/assignment2-ros2/install/interfaces/include/interfaces/interfaces/srv
[3.688s] -- Installing: /home/sami/assignment2-ros2/install/interfaces/include/interfaces/interfaces/srv/check_stock.h
[3.688s] -- Installing: /home/sami/assignment2-ros2/install/interfaces/include/interfaces/interfaces/srv/detail
[3.688s] -- Installing: /home/sami/assignment2-ros2/install/interfaces/include/interfaces/interfaces/srv/detail/check_stock__functions.c
[3.688s] -- Installing: /home/sami/assignment2-ros2/install/interfaces/include/interfaces/interfaces/srv/detail/check_stock__type_support.h
[3.688s] -- Installing: /home/sami/assignment2-ros2/install/interfaces/include/interfaces/interfaces/srv/detail/check_stock__functions.h
[3.688s] -- Installing: /home/sami/assignment2-ros2/install/interfaces/include/interfaces/interfaces/srv/detail/check_stock__struct.h
[3.688s] -- Installing: /home/sami/assignment2-ros2/install/interfaces/include/interfaces/interfaces/action
[3.688s] -- Installing: /home/sami/assignment2-ros2/install/interfaces/include/interfaces/interfaces/action/deliver_item.h
[3.688s] -- Installing: /home/sami/assignment2-ros2/install/interfaces/include/interfaces/interfaces/action/detail
[3.688s] -- Installing: /home/sami/assignment2-ros2/install/interfaces/include/interfaces/interfaces/action/detail/deliver_item__functions.h
[3.689s] -- Installing: /home/sami/assignment2-ros2/install/interfaces/include/interfaces/interfaces/action/detail/deliver_item__type_support.h
[3.689s] -- Installing: /home/sami/assignment2-ros2/install/interfaces/include/interfaces/interfaces/action/detail/deliver_item__functions.c
[3.689s] -- Installing: /home/sami/assignment2-ros2/install/interfaces/include/interfaces/interfaces/action/detail/deliver_item__struct.h
[3.689s] -- Installing: /home/sami/assignment2-ros2/install/interfaces/include/interfaces/interfaces/msg
[3.689s] -- Installing: /home/sami/assignment2-ros2/install/interfaces/include/interfaces/interfaces/msg/rosidl_generator_c__visibility_control.h
[3.689s] -- Installing: /home/sami/assignment2-ros2/install/interfaces/share/interfaces/environment/library_path.sh
[3.689s] -- Installing: /home/sami/assignment2-ros2/install/interfaces/share/interfaces/environment/library_path.dsv
[3.689s] -- Installing: /home/sami/assignment2-ros2/install/interfaces/lib/libinterfaces__rosidl_generator_c.so
[3.689s] -- Set runtime path of "/home/sami/assignment2-ros2/install/interfaces/lib/libinterfaces__rosidl_generator_c.so" to ""
[3.689s] -- Up-to-date: /home/sami/assignment2-ros2/install/interfaces/include/interfaces/interfaces
[3.689s] -- Up-to-date: /home/sami/assignment2-ros2/install/interfaces/include/interfaces/interfaces/srv
[3.689s] -- Up-to-date: /home/sami/assignment2-ros2/install/interfaces/include/interfaces/interfaces/srv/detail
[3.690s] -- Installing: /home/sami/assignment2-ros2/install/interfaces/include/interfaces/interfaces/srv/detail/check_stock__rosidl_typesupport_fastrtps_c.h
[3.690s] -- Up-to-date: /home/sami/assignment2-ros2/install/interfaces/include/interfaces/interfaces/action
[3.690s] -- Up-to-date: /home/sami/assignment2-ros2/install/interfaces/include/interfaces/interfaces/action/detail
[3.690s] -- Installing: /home/sami/assignment2-ros2/install/interfaces/include/interfaces/interfaces/action/detail/deliver_item__rosidl_typesupport_fastrtps_c.h
[3.690s] -- Up-to-date: /home/sami/assignment2-ros2/install/interfaces/include/interfaces/interfaces/msg
[3.690s] -- Installing: /home/sami/assignment2-ros2/install/interfaces/include/interfaces/interfaces/msg/rosidl_typesupport_fastrtps_c__visibility_control.h
[3.690s] -- Installing: /home/sami/assignment2-ros2/install/interfaces/lib/libinterfaces__rosidl_typesupport_fastrtps_c.so
[3.690s] -- Set runtime path of "/home/sami/assignment2-ros2/install/interfaces/lib/libinterfaces__rosidl_typesupport_fastrtps_c.so" to ""
[3.690s] -- Up-to-date: /home/sami/assignment2-ros2/install/interfaces/include/interfaces/interfaces
[3.690s] -- Up-to-date: /home/sami/assignment2-ros2/install/interfaces/include/interfaces/interfaces/srv
[3.690s] -- Up-to-date: /home/sami/assignment2-ros2/install/interfaces/include/interfaces/interfaces/srv/detail
[3.690s] -- Installing: /home/sami/assignment2-ros2/install/interfaces/include/interfaces/interfaces/srv/detail/check_stock__rosidl_typesupport_introspection_c.h
[3.690s] -- Installing: /home/sami/assignment2-ros2/install/interfaces/include/interfaces/interfaces/srv/detail/check_stock__type_support.c
[3.690s] -- Up-to-date: /home/sami/assignment2-ros2/install/interfaces/include/interfaces/interfaces/action
[3.690s] -- Up-to-date: /home/sami/assignment2-ros2/install/interfaces/include/interfaces/interfaces/action/detail
[3.690s] -- Installing: /home/sami/assignment2-ros2/install/interfaces/include/interfaces/interfaces/action/detail/deliver_item__type_support.c
[3.690s] -- Installing: /home/sami/assignment2-ros2/install/interfaces/include/interfaces/interfaces/action/detail/deliver_item__rosidl_typesupport_introspection_c.h
[3.690s] -- Up-to-date: /home/sami/assignment2-ros2/install/interfaces/include/interfaces/interfaces/msg
[3.691s] -- Installing: /home/sami/assignment2-ros2/install/interfaces/include/interfaces/interfaces/msg/rosidl_typesupport_introspection_c__visibility_control.h
[3.691s] -- Installing: /home/sami/assignment2-ros2/install/interfaces/lib/libinterfaces__rosidl_typesupport_introspection_c.so
[3.691s] -- Set runtime path of "/home/sami/assignment2-ros2/install/interfaces/lib/libinterfaces__rosidl_typesupport_introspection_c.so" to ""
[3.691s] -- Installing: /home/sami/assignment2-ros2/install/interfaces/lib/libinterfaces__rosidl_typesupport_c.so
[3.691s] -- Set runtime path of "/home/sami/assignment2-ros2/install/interfaces/lib/libinterfaces__rosidl_typesupport_c.so" to ""
[3.691s] -- Up-to-date: /home/sami/assignment2-ros2/install/interfaces/include/interfaces/interfaces
[3.691s] -- Up-to-date: /home/sami/assignment2-ros2/install/interfaces/include/interfaces/interfaces/srv
[3.691s] -- Up-to-date: /home/sami/assignment2-ros2/install/interfaces/include/interfaces/interfaces/srv/detail
[3.691s] -- Installing: /home/sami/assignment2-ros2/install/interfaces/include/interfaces/interfaces/srv/detail/check_stock__struct.hpp
[3.691s] -- Installing: /home/sami/assignment2-ros2/install/interfaces/include/interfaces/interfaces/srv/detail/check_stock__traits.hpp
[3.691s] -- Installing: /home/sami/assignment2-ros2/install/interfaces/include/interfaces/interfaces/srv/detail/check_stock__builder.hpp
[3.691s] -- Installing: /home/sami/assignment2-ros2/install/interfaces/include/interfaces/interfaces/srv/check_stock.hpp
[3.691s] -- Up-to-date: /home/sami/assignment2-ros2/install/interfaces/include/interfaces/interfaces/action
[3.691s] -- Up-to-date: /home/sami/assignment2-ros2/install/interfaces/include/interfaces/interfaces/action/detail
[3.691s] -- Installing: /home/sami/assignment2-ros2/install/interfaces/include/interfaces/interfaces/action/detail/deliver_item__builder.hpp
[3.691s] -- Installing: /home/sami/assignment2-ros2/install/interfaces/include/interfaces/interfaces/action/detail/deliver_item__traits.hpp
[3.691s] -- Installing: /home/sami/assignment2-ros2/install/interfaces/include/interfaces/interfaces/action/detail/deliver_item__struct.hpp
[3.691s] -- Installing: /home/sami/assignment2-ros2/install/interfaces/include/interfaces/interfaces/action/deliver_item.hpp
[3.692s] -- Up-to-date: /home/sami/assignment2-ros2/install/interfaces/include/interfaces/interfaces
[3.692s] -- Up-to-date: /home/sami/assignment2-ros2/install/interfaces/include/interfaces/interfaces/srv
[3.692s] -- Up-to-date: /home/sami/assignment2-ros2/install/interfaces/include/interfaces/interfaces/srv/detail
[3.692s] -- Installing: /home/sami/assignment2-ros2/install/interfaces/include/interfaces/interfaces/srv/detail/dds_fastrtps
[3.692s] -- Installing: /home/sami/assignment2-ros2/install/interfaces/include/interfaces/interfaces/srv/detail/check_stock__rosidl_typesupport_fastrtps_cpp.hpp
[3.692s] -- Up-to-date: /home/sami/assignment2-ros2/install/interfaces/include/interfaces/interfaces/action
[3.692s] -- Up-to-date: /home/sami/assignment2-ros2/install/interfaces/include/interfaces/interfaces/action/detail
[3.692s] -- Installing: /home/sami/assignment2-ros2/install/interfaces/include/interfaces/interfaces/action/detail/deliver_item__rosidl_typesupport_fastrtps_cpp.hpp
[3.692s] -- Installing: /home/sami/assignment2-ros2/install/interfaces/include/interfaces/interfaces/action/detail/dds_fastrtps
[3.692s] -- Up-to-date: /home/sami/assignment2-ros2/install/interfaces/include/interfaces/interfaces/msg
[3.692s] -- Installing: /home/sami/assignment2-ros2/install/interfaces/include/interfaces/interfaces/msg/rosidl_typesupport_fastrtps_cpp__visibility_control.h
[3.692s] -- Installing: /home/sami/assignment2-ros2/install/interfaces/lib/libinterfaces__rosidl_typesupport_fastrtps_cpp.so
[3.692s] -- Set runtime path of "/home/sami/assignment2-ros2/install/interfaces/lib/libinterfaces__rosidl_typesupport_fastrtps_cpp.so" to ""
[3.692s] -- Up-to-date: /home/sami/assignment2-ros2/install/interfaces/include/interfaces/interfaces
[3.692s] -- Up-to-date: /home/sami/assignment2-ros2/install/interfaces/include/interfaces/interfaces/srv
[3.692s] -- Up-to-date: /home/sami/assignment2-ros2/install/interfaces/include/interfaces/interfaces/srv/detail
[3.692s] -- Installing: /home/sami/assignment2-ros2/install/interfaces/include/interfaces/interfaces/srv/detail/check_stock__rosidl_typesupport_introspection_cpp.hpp
[3.692s] -- Installing: /home/sami/assignment2-ros2/install/interfaces/include/interfaces/interfaces/srv/detail/check_stock__type_support.cpp
[3.692s] -- Up-to-date: /home/sami/assignment2-ros2/install/interfaces/include/interfaces/interfaces/action
[3.692s] -- Up-to-date: /home/sami/assignment2-ros2/install/interfaces/include/interfaces/interfaces/action/detail
[3.693s] -- Installing: /home/sami/assignment2-ros2/install/interfaces/include/interfaces/interfaces/action/detail/deliver_item__type_support.cpp
[3.693s] -- Installing: /home/sami/assignment2-ros2/install/interfaces/include/interfaces/interfaces/action/detail/deliver_item__rosidl_typesupport_introspection_cpp.hpp
[3.693s] -- Installing: /home/sami/assignment2-ros2/install/interfaces/lib/libinterfaces__rosidl_typesupport_introspection_cpp.so
[3.693s] -- Set runtime path of "/home/sami/assignment2-ros2/install/interfaces/lib/libinterfaces__rosidl_typesupport_introspection_cpp.so" to ""
[3.693s] -- Installing: /home/sami/assignment2-ros2/install/interfaces/lib/libinterfaces__rosidl_typesupport_cpp.so
[3.693s] -- Set runtime path of "/home/sami/assignment2-ros2/install/interfaces/lib/libinterfaces__rosidl_typesupport_cpp.so" to ""
[3.693s] -- Installing: /home/sami/assignment2-ros2/install/interfaces/share/interfaces/environment/pythonpath.sh
[3.693s] -- Installing: /home/sami/assignment2-ros2/install/interfaces/share/interfaces/environment/pythonpath.dsv
[3.693s] -- Installing: /home/sami/assignment2-ros2/install/interfaces/local/lib/python3.10/dist-packages/interfaces-0.0.0-py3.10.egg-info
[3.693s] -- Installing: /home/sami/assignment2-ros2/install/interfaces/local/lib/python3.10/dist-packages/interfaces-0.0.0-py3.10.egg-info/top_level.txt
[3.693s] -- Installing: /home/sami/assignment2-ros2/install/interfaces/local/lib/python3.10/dist-packages/interfaces-0.0.0-py3.10.egg-info/PKG-INFO
[3.693s] -- Installing: /home/sami/assignment2-ros2/install/interfaces/local/lib/python3.10/dist-packages/interfaces-0.0.0-py3.10.egg-info/SOURCES.txt
[3.693s] -- Installing: /home/sami/assignment2-ros2/install/interfaces/local/lib/python3.10/dist-packages/interfaces-0.0.0-py3.10.egg-info/dependency_links.txt
[3.693s] -- Installing: /home/sami/assignment2-ros2/install/interfaces/local/lib/python3.10/dist-packages/interfaces
[3.693s] -- Installing: /home/sami/assignment2-ros2/install/interfaces/local/lib/python3.10/dist-packages/interfaces/srv
[3.693s] -- Installing: /home/sami/assignment2-ros2/install/interfaces/local/lib/python3.10/dist-packages/interfaces/srv/_check_stock_s.c
[3.694s] -- Installing: /home/sami/assignment2-ros2/install/interfaces/local/lib/python3.10/dist-packages/interfaces/srv/__init__.py
[3.694s] -- Installing: /home/sami/assignment2-ros2/install/interfaces/local/lib/python3.10/dist-packages/interfaces/srv/_check_stock.py
[3.694s] -- Installing: /home/sami/assignment2-ros2/install/interfaces/local/lib/python3.10/dist-packages/interfaces/interfaces_s__rosidl_typesupport_fastrtps_c.cpython-310-x86_64-linux-gnu.so
[3.694s] -- Installing: /home/sami/assignment2-ros2/install/interfaces/local/lib/python3.10/dist-packages/interfaces/interfaces_s__rosidl_typesupport_c.cpython-310-x86_64-linux-gnu.so
[3.694s] -- Installing: /home/sami/assignment2-ros2/install/interfaces/local/lib/python3.10/dist-packages/interfaces/_interfaces_s.ep.rosidl_typesupport_c.c
[3.694s] -- Installing: /home/sami/assignment2-ros2/install/interfaces/local/lib/python3.10/dist-packages/interfaces/action
[3.694s] -- Installing: /home/sami/assignment2-ros2/install/interfaces/local/lib/python3.10/dist-packages/interfaces/action/_deliver_item.py
[3.694s] -- Installing: /home/sami/assignment2-ros2/install/interfaces/local/lib/python3.10/dist-packages/interfaces/action/_deliver_item_s.c
[3.694s] -- Installing: /home/sami/assignment2-ros2/install/interfaces/local/lib/python3.10/dist-packages/interfaces/action/__init__.py
[3.694s] -- Installing: /home/sami/assignment2-ros2/install/interfaces/local/lib/python3.10/dist-packages/interfaces/_interfaces_s.ep.rosidl_typesupport_fastrtps_c.c
[3.694s] -- Installing: /home/sami/assignment2-ros2/install/interfaces/local/lib/python3.10/dist-packages/interfaces/_interfaces_s.ep.rosidl_typesupport_introspection_c.c
[3.694s] -- Installing: /home/sami/assignment2-ros2/install/interfaces/local/lib/python3.10/dist-packages/interfaces/interfaces_s__rosidl_typesupport_introspection_c.cpython-310-x86_64-linux-gnu.so
[3.694s] -- Installing: /home/sami/assignment2-ros2/install/interfaces/local/lib/python3.10/dist-packages/interfaces/__init__.py
[3.694s] -- Installing: /home/sami/assignment2-ros2/install/interfaces/local/lib/python3.10/dist-packages/interfaces/libinterfaces__rosidl_generator_py.so
[3.720s] Listing '/home/sami/assignment2-ros2/install/interfaces/local/lib/python3.10/dist-packages/interfaces'...
[3.720s] Compiling '/home/sami/assignment2-ros2/install/interfaces/local/lib/python3.10/dist-packages/interfaces/__init__.py'...
[3.720s] Listing '/home/sami/assignment2-ros2/install/interfaces/local/lib/python3.10/dist-packages/interfaces/action'...
[3.721s] Compiling '/home/sami/assignment2-ros2/install/interfaces/local/lib/python3.10/dist-packages/interfaces/action/__init__.py'...
[3.721s] Compiling '/home/sami/assignment2-ros2/install/interfaces/local/lib/python3.10/dist-packages/interfaces/action/_deliver_item.py'...
[3.721s] Listing '/home/sami/assignment2-ros2/install/interfaces/local/lib/python3.10/dist-packages/interfaces/srv'...
[3.721s] Compiling '/home/sami/assignment2-ros2/install/interfaces/local/lib/python3.10/dist-packages/interfaces/srv/__init__.py'...
[3.721s] Compiling '/home/sami/assignment2-ros2/install/interfaces/local/lib/python3.10/dist-packages/interfaces/srv/_check_stock.py'...
[3.723s] -- Installing: /home/sami/assignment2-ros2/install/interfaces/local/lib/python3.10/dist-packages/interfaces/interfaces_s__rosidl_typesupport_fastrtps_c.cpython-310-x86_64-linux-gnu.so
[3.724s] -- Set runtime path of "/home/sami/assignment2-ros2/install/interfaces/local/lib/python3.10/dist-packages/interfaces/interfaces_s__rosidl_typesupport_fastrtps_c.cpython-310-x86_64-linux-gnu.so" to ""
[3.724s] -- Installing: /home/sami/assignment2-ros2/install/interfaces/local/lib/python3.10/dist-packages/interfaces/interfaces_s__rosidl_typesupport_introspection_c.cpython-310-x86_64-linux-gnu.so
[3.724s] -- Set runtime path of "/home/sami/assignment2-ros2/install/interfaces/local/lib/python3.10/dist-packages/interfaces/interfaces_s__rosidl_typesupport_introspection_c.cpython-310-x86_64-linux-gnu.so" to ""
[3.724s] -- Installing: /home/sami/assignment2-ros2/install/interfaces/local/lib/python3.10/dist-packages/interfaces/interfaces_s__rosidl_typesupport_c.cpython-310-x86_64-linux-gnu.so
[3.724s] -- Set runtime path of "/home/sami/assignment2-ros2/install/interfaces/local/lib/python3.10/dist-packages/interfaces/interfaces_s__rosidl_typesupport_c.cpython-310-x86_64-linux-gnu.so" to ""
[3.724s] -- Installing: /home/sami/assignment2-ros2/install/interfaces/lib/libinterfaces__rosidl_generator_py.so
[3.724s] -- Set runtime path of "/home/sami/assignment2-ros2/install/interfaces/lib/libinterfaces__rosidl_generator_py.so" to ""
[3.724s] -- Installing: /home/sami/assignment2-ros2/install/interfaces/share/interfaces/action/DeliverItem.idl
[3.725s] -- Installing: /home/sami/assignment2-ros2/install/interfaces/share/interfaces/srv/CheckStock.idl
[3.725s] -- Installing: /home/sami/assignment2-ros2/install/interfaces/share/interfaces/action/DeliverItem.action
[3.726s] -- Installing: /home/sami/assignment2-ros2/install/interfaces/share/interfaces/srv/CheckStock.srv
[3.726s] -- Installing: /home/sami/assignment2-ros2/install/interfaces/share/interfaces/srv/CheckStock_Request.msg
[3.727s] -- Installing: /home/sami/assignment2-ros2/install/interfaces/share/interfaces/srv/CheckStock_Response.msg
[3.727s] -- Installing: /home/sami/assignment2-ros2/install/interfaces/share/ament_index/resource_index/package_run_dependencies/interfaces
[3.727s] -- Installing: /home/sami/assignment2-ros2/install/interfaces/share/ament_index/resource_index/parent_prefix_path/interfaces
[3.727s] -- Installing: /home/sami/assignment2-ros2/install/interfaces/share/interfaces/environment/ament_prefix_path.sh
[3.727s] -- Installing: /home/sami/assignment2-ros2/install/interfaces/share/interfaces/environment/ament_prefix_path.dsv
[3.727s] -- Installing: /home/sami/assignment2-ros2/install/interfaces/share/interfaces/environment/path.sh
[3.727s] -- Installing: /home/sami/assignment2-ros2/install/interfaces/share/interfaces/environment/path.dsv
[3.727s] -- Installing: /home/sami/assignment2-ros2/install/interfaces/share/interfaces/local_setup.bash
[3.727s] -- Installing: /home/sami/assignment2-ros2/install/interfaces/share/interfaces/local_setup.sh
[3.727s] -- Installing: /home/sami/assignment2-ros2/install/interfaces/share/interfaces/local_setup.zsh
[3.727s] -- Installing: /home/sami/assignment2-ros2/install/interfaces/share/interfaces/local_setup.dsv
[3.727s] -- Installing: /home/sami/assignment2-ros2/install/interfaces/share/interfaces/package.dsv
[3.727s] -- Installing: /home/sami/assignment2-ros2/install/interfaces/share/ament_index/resource_index/packages/interfaces
[3.727s] -- Installing: /home/sami/assignment2-ros2/install/interfaces/share/interfaces/cmake/export_interfaces__rosidl_generator_cExport.cmake
[3.727s] -- Installing: /home/sami/assignment2-ros2/install/interfaces/share/interfaces/cmake/export_interfaces__rosidl_generator_cExport-noconfig.cmake
[3.728s] -- Installing: /home/sami/assignment2-ros2/install/interfaces/share/interfaces/cmake/export_interfaces__rosidl_typesupport_fastrtps_cExport.cmake
[3.728s] -- Installing: /home/sami/assignment2-ros2/install/interfaces/share/interfaces/cmake/export_interfaces__rosidl_typesupport_fastrtps_cExport-noconfig.cmake
[3.728s] -- Installing: /home/sami/assignment2-ros2/install/interfaces/share/interfaces/cmake/interfaces__rosidl_typesupport_introspection_cExport.cmake
[3.728s] -- Installing: /home/sami/assignment2-ros2/install/interfaces/share/interfaces/cmake/interfaces__rosidl_typesupport_introspection_cExport-noconfig.cmake
[3.728s] -- Installing: /home/sami/assignment2-ros2/install/interfaces/share/interfaces/cmake/interfaces__rosidl_typesupport_cExport.cmake
[3.728s] -- Installing: /home/sami/assignment2-ros2/install/interfaces/share/interfaces/cmake/interfaces__rosidl_typesupport_cExport-noconfig.cmake
[3.728s] -- Installing: /home/sami/assignment2-ros2/install/interfaces/share/interfaces/cmake/export_interfaces__rosidl_generator_cppExport.cmake
[3.728s] -- Installing: /home/sami/assignment2-ros2/install/interfaces/share/interfaces/cmake/export_interfaces__rosidl_typesupport_fastrtps_cppExport.cmake
[3.728s] -- Installing: /home/sami/assignment2-ros2/install/interfaces/share/interfaces/cmake/export_interfaces__rosidl_typesupport_fastrtps_cppExport-noconfig.cmake
[3.728s] -- Installing: /home/sami/assignment2-ros2/install/interfaces/share/interfaces/cmake/interfaces__rosidl_typesupport_introspection_cppExport.cmake
[3.728s] -- Installing: /home/sami/assignment2-ros2/install/interfaces/share/interfaces/cmake/interfaces__rosidl_typesupport_introspection_cppExport-noconfig.cmake
[3.728s] -- Installing: /home/sami/assignment2-ros2/install/interfaces/share/interfaces/cmake/interfaces__rosidl_typesupport_cppExport.cmake
[3.728s] -- Installing: /home/sami/assignment2-ros2/install/interfaces/share/interfaces/cmake/interfaces__rosidl_typesupport_cppExport-noconfig.cmake
[3.728s] -- Installing: /home/sami/assignment2-ros2/install/interfaces/share/interfaces/cmake/export_interfaces__rosidl_generator_pyExport.cmake
[3.729s] -- Installing: /home/sami/assignment2-ros2/install/interfaces/share/interfaces/cmake/export_interfaces__rosidl_generator_pyExport-noconfig.cmake
[3.729s] -- Installing: /home/sami/assignment2-ros2/install/interfaces/share/interfaces/cmake/rosidl_cmake-extras.cmake
[3.729s] -- Installing: /home/sami/assignment2-ros2/install/interfaces/share/interfaces/cmake/ament_cmake_export_dependencies-extras.cmake
[3.729s] -- Installing: /home/sami/assignment2-ros2/install/interfaces/share/interfaces/cmake/ament_cmake_export_include_directories-extras.cmake
[3.729s] -- Installing: /home/sami/assignment2-ros2/install/interfaces/share/interfaces/cmake/ament_cmake_export_libraries-extras.cmake
[3.729s] -- Installing: /home/sami/assignment2-ros2/install/interfaces/share/interfaces/cmake/ament_cmake_export_targets-extras.cmake
[3.729s] -- Installing: /home/sami/assignment2-ros2/install/interfaces/share/interfaces/cmake/rosidl_cmake_export_typesupport_targets-extras.cmake
[3.729s] -- Installing: /home/sami/assignment2-ros2/install/interfaces/share/interfaces/cmake/rosidl_cmake_export_typesupport_libraries-extras.cmake
[3.729s] -- Installing: /home/sami/assignment2-ros2/install/interfaces/share/interfaces/cmake/interfacesConfig.cmake
[3.729s] -- Installing: /home/sami/assignment2-ros2/install/interfaces/share/interfaces/cmake/interfacesConfig-version.cmake
[3.729s] -- Installing: /home/sami/assignment2-ros2/install/interfaces/share/interfaces/package.xml
[3.731s] Invoked command in '/home/sami/assignment2-ros2/build/interfaces' returned '0': CMAKE_PREFIX_PATH=${CMAKE_PREFIX_PATH}:/home/sami/assignment2-ros2/install/action_service:/home/sami/Documents/ros2-assignment2/install/action_service:/opt/ros/humble /usr/bin/cmake --install /home/sami/assignment2-ros2/build/interfaces
