[  2%] Built target custom_interfaces__cpp
[ 12%] Built target custom_interfaces__rosidl_generator_c
[ 12%] Built target ament_cmake_python_copy_custom_interfaces
[ 23%] Built target custom_interfaces__rosidl_typesupport_introspection_cpp
[ 33%] Built target custom_interfaces__rosidl_typesupport_cpp
[ 43%] Built target custom_interfaces__rosidl_typesupport_fastrtps_cpp
[ 61%] Built target custom_interfaces__rosidl_typesupport_introspection_c
[ 74%] Built target custom_interfaces__rosidl_typesupport_c
[ 74%] Built target custom_interfaces__rosidl_typesupport_fastrtps_c
[ 74%] Built target custom_interfaces
[ 76%] Built target custom_interfaces__py
[ 84%] Built target custom_interfaces__rosidl_generator_py
[100%] Built target custom_interfaces__rosidl_typesupport_introspection_c__pyext
[100%] Built target custom_interfaces__rosidl_typesupport_c__pyext
[100%] Built target custom_interfaces__rosidl_typesupport_fastrtps_c__pyext
running egg_info
writing custom_interfaces.egg-info/PKG-INFO
writing dependency_links to custom_interfaces.egg-info/dependency_links.txt
writing top-level names to custom_interfaces.egg-info/top_level.txt
reading manifest file 'custom_interfaces.egg-info/SOURCES.txt'
writing manifest file 'custom_interfaces.egg-info/SOURCES.txt'
[100%] Built target ament_cmake_python_build_custom_interfaces_egg
-- Install configuration: ""
-- Up-to-date: /home/sami/Documents/ros2_assignment6/install/custom_interfaces/share/ament_index/resource_index/rosidl_interfaces/custom_interfaces
-- Up-to-date: /home/sami/Documents/ros2_assignment6/install/custom_interfaces/include/custom_interfaces/custom_interfaces
-- Up-to-date: /home/sami/Documents/ros2_assignment6/install/custom_interfaces/include/custom_interfaces/custom_interfaces/srv
-- Up-to-date: /home/sami/Documents/ros2_assignment6/install/custom_interfaces/include/custom_interfaces/custom_interfaces/srv/check_stock.h
-- Up-to-date: /home/sami/Documents/ros2_assignment6/install/custom_interfaces/include/custom_interfaces/custom_interfaces/srv/detail
-- Up-to-date: /home/sami/Documents/ros2_assignment6/install/custom_interfaces/include/custom_interfaces/custom_interfaces/srv/detail/check_stock__functions.c
-- Up-to-date: /home/sami/Documents/ros2_assignment6/install/custom_interfaces/include/custom_interfaces/custom_interfaces/srv/detail/check_stock__type_support.h
-- Up-to-date: /home/sami/Documents/ros2_assignment6/install/custom_interfaces/include/custom_interfaces/custom_interfaces/srv/detail/check_stock__functions.h
-- Up-to-date: /home/sami/Documents/ros2_assignment6/install/custom_interfaces/include/custom_interfaces/custom_interfaces/srv/detail/check_stock__struct.h
-- Up-to-date: /home/sami/Documents/ros2_assignment6/install/custom_interfaces/include/custom_interfaces/custom_interfaces/action
-- Up-to-date: /home/sami/Documents/ros2_assignment6/install/custom_interfaces/include/custom_interfaces/custom_interfaces/action/deliver_item.h
-- Up-to-date: /home/sami/Documents/ros2_assignment6/install/custom_interfaces/include/custom_interfaces/custom_interfaces/action/detail
-- Up-to-date: /home/sami/Documents/ros2_assignment6/install/custom_interfaces/include/custom_interfaces/custom_interfaces/action/detail/deliver_item__functions.h
-- Up-to-date: /home/sami/Documents/ros2_assignment6/install/custom_interfaces/include/custom_interfaces/custom_interfaces/action/detail/deliver_item__type_support.h
-- Up-to-date: /home/sami/Documents/ros2_assignment6/install/custom_interfaces/include/custom_interfaces/custom_interfaces/action/detail/deliver_item__functions.c
-- Up-to-date: /home/sami/Documents/ros2_assignment6/install/custom_interfaces/include/custom_interfaces/custom_interfaces/action/detail/deliver_item__struct.h
-- Up-to-date: /home/sami/Documents/ros2_assignment6/install/custom_interfaces/include/custom_interfaces/custom_interfaces/msg
-- Up-to-date: /home/sami/Documents/ros2_assignment6/install/custom_interfaces/include/custom_interfaces/custom_interfaces/msg/rosidl_generator_c__visibility_control.h
-- Up-to-date: /home/sami/Documents/ros2_assignment6/install/custom_interfaces/share/custom_interfaces/environment/library_path.sh
-- Up-to-date: /home/sami/Documents/ros2_assignment6/install/custom_interfaces/share/custom_interfaces/environment/library_path.dsv
-- Up-to-date: /home/sami/Documents/ros2_assignment6/install/custom_interfaces/lib/libcustom_interfaces__rosidl_generator_c.so
-- Up-to-date: /home/sami/Documents/ros2_assignment6/install/custom_interfaces/include/custom_interfaces/custom_interfaces
-- Up-to-date: /home/sami/Documents/ros2_assignment6/install/custom_interfaces/include/custom_interfaces/custom_interfaces/srv
-- Up-to-date: /home/sami/Documents/ros2_assignment6/install/custom_interfaces/include/custom_interfaces/custom_interfaces/srv/detail
-- Up-to-date: /home/sami/Documents/ros2_assignment6/install/custom_interfaces/include/custom_interfaces/custom_interfaces/srv/detail/check_stock__rosidl_typesupport_fastrtps_c.h
-- Up-to-date: /home/sami/Documents/ros2_assignment6/install/custom_interfaces/include/custom_interfaces/custom_interfaces/action
-- Up-to-date: /home/sami/Documents/ros2_assignment6/install/custom_interfaces/include/custom_interfaces/custom_interfaces/action/detail
-- Up-to-date: /home/sami/Documents/ros2_assignment6/install/custom_interfaces/include/custom_interfaces/custom_interfaces/action/detail/deliver_item__rosidl_typesupport_fastrtps_c.h
-- Up-to-date: /home/sami/Documents/ros2_assignment6/install/custom_interfaces/include/custom_interfaces/custom_interfaces/msg
-- Up-to-date: /home/sami/Documents/ros2_assignment6/install/custom_interfaces/include/custom_interfaces/custom_interfaces/msg/rosidl_typesupport_fastrtps_c__visibility_control.h
-- Up-to-date: /home/sami/Documents/ros2_assignment6/install/custom_interfaces/lib/libcustom_interfaces__rosidl_typesupport_fastrtps_c.so
-- Up-to-date: /home/sami/Documents/ros2_assignment6/install/custom_interfaces/include/custom_interfaces/custom_interfaces
-- Up-to-date: /home/sami/Documents/ros2_assignment6/install/custom_interfaces/include/custom_interfaces/custom_interfaces/srv
-- Up-to-date: /home/sami/Documents/ros2_assignment6/install/custom_interfaces/include/custom_interfaces/custom_interfaces/srv/detail
-- Up-to-date: /home/sami/Documents/ros2_assignment6/install/custom_interfaces/include/custom_interfaces/custom_interfaces/srv/detail/check_stock__rosidl_typesupport_introspection_c.h
-- Up-to-date: /home/sami/Documents/ros2_assignment6/install/custom_interfaces/include/custom_interfaces/custom_interfaces/srv/detail/check_stock__type_support.c
-- Up-to-date: /home/sami/Documents/ros2_assignment6/install/custom_interfaces/include/custom_interfaces/custom_interfaces/action
-- Up-to-date: /home/sami/Documents/ros2_assignment6/install/custom_interfaces/include/custom_interfaces/custom_interfaces/action/detail
-- Up-to-date: /home/sami/Documents/ros2_assignment6/install/custom_interfaces/include/custom_interfaces/custom_interfaces/action/detail/deliver_item__type_support.c
-- Up-to-date: /home/sami/Documents/ros2_assignment6/install/custom_interfaces/include/custom_interfaces/custom_interfaces/action/detail/deliver_item__rosidl_typesupport_introspection_c.h
-- Up-to-date: /home/sami/Documents/ros2_assignment6/install/custom_interfaces/include/custom_interfaces/custom_interfaces/msg
-- Up-to-date: /home/sami/Documents/ros2_assignment6/install/custom_interfaces/include/custom_interfaces/custom_interfaces/msg/rosidl_typesupport_introspection_c__visibility_control.h
-- Up-to-date: /home/sami/Documents/ros2_assignment6/install/custom_interfaces/lib/libcustom_interfaces__rosidl_typesupport_introspection_c.so
-- Up-to-date: /home/sami/Documents/ros2_assignment6/install/custom_interfaces/lib/libcustom_interfaces__rosidl_typesupport_c.so
-- Up-to-date: /home/sami/Documents/ros2_assignment6/install/custom_interfaces/include/custom_interfaces/custom_interfaces
-- Up-to-date: /home/sami/Documents/ros2_assignment6/install/custom_interfaces/include/custom_interfaces/custom_interfaces/srv
-- Up-to-date: /home/sami/Documents/ros2_assignment6/install/custom_interfaces/include/custom_interfaces/custom_interfaces/srv/detail
-- Up-to-date: /home/sami/Documents/ros2_assignment6/install/custom_interfaces/include/custom_interfaces/custom_interfaces/srv/detail/check_stock__struct.hpp
-- Up-to-date: /home/sami/Documents/ros2_assignment6/install/custom_interfaces/include/custom_interfaces/custom_interfaces/srv/detail/check_stock__traits.hpp
-- Up-to-date: /home/sami/Documents/ros2_assignment6/install/custom_interfaces/include/custom_interfaces/custom_interfaces/srv/detail/check_stock__builder.hpp
-- Up-to-date: /home/sami/Documents/ros2_assignment6/install/custom_interfaces/include/custom_interfaces/custom_interfaces/srv/check_stock.hpp
-- Up-to-date: /home/sami/Documents/ros2_assignment6/install/custom_interfaces/include/custom_interfaces/custom_interfaces/action
-- Up-to-date: /home/sami/Documents/ros2_assignment6/install/custom_interfaces/include/custom_interfaces/custom_interfaces/action/detail
-- Up-to-date: /home/sami/Documents/ros2_assignment6/install/custom_interfaces/include/custom_interfaces/custom_interfaces/action/detail/deliver_item__builder.hpp
-- Up-to-date: /home/sami/Documents/ros2_assignment6/install/custom_interfaces/include/custom_interfaces/custom_interfaces/action/detail/deliver_item__traits.hpp
-- Up-to-date: /home/sami/Documents/ros2_assignment6/install/custom_interfaces/include/custom_interfaces/custom_interfaces/action/detail/deliver_item__struct.hpp
-- Up-to-date: /home/sami/Documents/ros2_assignment6/install/custom_interfaces/include/custom_interfaces/custom_interfaces/action/deliver_item.hpp
-- Up-to-date: /home/sami/Documents/ros2_assignment6/install/custom_interfaces/include/custom_interfaces/custom_interfaces
-- Up-to-date: /home/sami/Documents/ros2_assignment6/install/custom_interfaces/include/custom_interfaces/custom_interfaces/srv
-- Up-to-date: /home/sami/Documents/ros2_assignment6/install/custom_interfaces/include/custom_interfaces/custom_interfaces/srv/detail
-- Up-to-date: /home/sami/Documents/ros2_assignment6/install/custom_interfaces/include/custom_interfaces/custom_interfaces/srv/detail/dds_fastrtps
-- Up-to-date: /home/sami/Documents/ros2_assignment6/install/custom_interfaces/include/custom_interfaces/custom_interfaces/srv/detail/check_stock__rosidl_typesupport_fastrtps_cpp.hpp
-- Up-to-date: /home/sami/Documents/ros2_assignment6/install/custom_interfaces/include/custom_interfaces/custom_interfaces/action
-- Up-to-date: /home/sami/Documents/ros2_assignment6/install/custom_interfaces/include/custom_interfaces/custom_interfaces/action/detail
-- Up-to-date: /home/sami/Documents/ros2_assignment6/install/custom_interfaces/include/custom_interfaces/custom_interfaces/action/detail/deliver_item__rosidl_typesupport_fastrtps_cpp.hpp
-- Up-to-date: /home/sami/Documents/ros2_assignment6/install/custom_interfaces/include/custom_interfaces/custom_interfaces/action/detail/dds_fastrtps
-- Up-to-date: /home/sami/Documents/ros2_assignment6/install/custom_interfaces/include/custom_interfaces/custom_interfaces/msg
-- Up-to-date: /home/sami/Documents/ros2_assignment6/install/custom_interfaces/include/custom_interfaces/custom_interfaces/msg/rosidl_typesupport_fastrtps_cpp__visibility_control.h
-- Up-to-date: /home/sami/Documents/ros2_assignment6/install/custom_interfaces/lib/libcustom_interfaces__rosidl_typesupport_fastrtps_cpp.so
-- Up-to-date: /home/sami/Documents/ros2_assignment6/install/custom_interfaces/include/custom_interfaces/custom_interfaces
-- Up-to-date: /home/sami/Documents/ros2_assignment6/install/custom_interfaces/include/custom_interfaces/custom_interfaces/srv
-- Up-to-date: /home/sami/Documents/ros2_assignment6/install/custom_interfaces/include/custom_interfaces/custom_interfaces/srv/detail
-- Up-to-date: /home/sami/Documents/ros2_assignment6/install/custom_interfaces/include/custom_interfaces/custom_interfaces/srv/detail/check_stock__rosidl_typesupport_introspection_cpp.hpp
-- Up-to-date: /home/sami/Documents/ros2_assignment6/install/custom_interfaces/include/custom_interfaces/custom_interfaces/srv/detail/check_stock__type_support.cpp
-- Up-to-date: /home/sami/Documents/ros2_assignment6/install/custom_interfaces/include/custom_interfaces/custom_interfaces/action
-- Up-to-date: /home/sami/Documents/ros2_assignment6/install/custom_interfaces/include/custom_interfaces/custom_interfaces/action/detail
-- Up-to-date: /home/sami/Documents/ros2_assignment6/install/custom_interfaces/include/custom_interfaces/custom_interfaces/action/detail/deliver_item__type_support.cpp
-- Up-to-date: /home/sami/Documents/ros2_assignment6/install/custom_interfaces/include/custom_interfaces/custom_interfaces/action/detail/deliver_item__rosidl_typesupport_introspection_cpp.hpp
-- Up-to-date: /home/sami/Documents/ros2_assignment6/install/custom_interfaces/lib/libcustom_interfaces__rosidl_typesupport_introspection_cpp.so
-- Up-to-date: /home/sami/Documents/ros2_assignment6/install/custom_interfaces/lib/libcustom_interfaces__rosidl_typesupport_cpp.so
-- Up-to-date: /home/sami/Documents/ros2_assignment6/install/custom_interfaces/share/custom_interfaces/environment/pythonpath.sh
-- Up-to-date: /home/sami/Documents/ros2_assignment6/install/custom_interfaces/share/custom_interfaces/environment/pythonpath.dsv
-- Up-to-date: /home/sami/Documents/ros2_assignment6/install/custom_interfaces/local/lib/python3.10/dist-packages/custom_interfaces-0.0.0-py3.10.egg-info
-- Installing: /home/sami/Documents/ros2_assignment6/install/custom_interfaces/local/lib/python3.10/dist-packages/custom_interfaces-0.0.0-py3.10.egg-info/top_level.txt
-- Installing: /home/sami/Documents/ros2_assignment6/install/custom_interfaces/local/lib/python3.10/dist-packages/custom_interfaces-0.0.0-py3.10.egg-info/PKG-INFO
-- Installing: /home/sami/Documents/ros2_assignment6/install/custom_interfaces/local/lib/python3.10/dist-packages/custom_interfaces-0.0.0-py3.10.egg-info/SOURCES.txt
-- Installing: /home/sami/Documents/ros2_assignment6/install/custom_interfaces/local/lib/python3.10/dist-packages/custom_interfaces-0.0.0-py3.10.egg-info/dependency_links.txt
-- Up-to-date: /home/sami/Documents/ros2_assignment6/install/custom_interfaces/local/lib/python3.10/dist-packages/custom_interfaces
-- Up-to-date: /home/sami/Documents/ros2_assignment6/install/custom_interfaces/local/lib/python3.10/dist-packages/custom_interfaces/srv
-- Up-to-date: /home/sami/Documents/ros2_assignment6/install/custom_interfaces/local/lib/python3.10/dist-packages/custom_interfaces/srv/_check_stock_s.c
-- Up-to-date: /home/sami/Documents/ros2_assignment6/install/custom_interfaces/local/lib/python3.10/dist-packages/custom_interfaces/srv/__init__.py
-- Up-to-date: /home/sami/Documents/ros2_assignment6/install/custom_interfaces/local/lib/python3.10/dist-packages/custom_interfaces/srv/_check_stock.py
-- Up-to-date: /home/sami/Documents/ros2_assignment6/install/custom_interfaces/local/lib/python3.10/dist-packages/custom_interfaces/action
-- Up-to-date: /home/sami/Documents/ros2_assignment6/install/custom_interfaces/local/lib/python3.10/dist-packages/custom_interfaces/action/_deliver_item.py
-- Up-to-date: /home/sami/Documents/ros2_assignment6/install/custom_interfaces/local/lib/python3.10/dist-packages/custom_interfaces/action/_deliver_item_s.c
-- Up-to-date: /home/sami/Documents/ros2_assignment6/install/custom_interfaces/local/lib/python3.10/dist-packages/custom_interfaces/action/__init__.py
-- Up-to-date: /home/sami/Documents/ros2_assignment6/install/custom_interfaces/local/lib/python3.10/dist-packages/custom_interfaces/_custom_interfaces_s.ep.rosidl_typesupport_fastrtps_c.c
-- Up-to-date: /home/sami/Documents/ros2_assignment6/install/custom_interfaces/local/lib/python3.10/dist-packages/custom_interfaces/_custom_interfaces_s.ep.rosidl_typesupport_introspection_c.c
-- Up-to-date: /home/sami/Documents/ros2_assignment6/install/custom_interfaces/local/lib/python3.10/dist-packages/custom_interfaces/libcustom_interfaces__rosidl_generator_py.so
-- Up-to-date: /home/sami/Documents/ros2_assignment6/install/custom_interfaces/local/lib/python3.10/dist-packages/custom_interfaces/custom_interfaces_s__rosidl_typesupport_fastrtps_c.cpython-310-x86_64-linux-gnu.so
-- Up-to-date: /home/sami/Documents/ros2_assignment6/install/custom_interfaces/local/lib/python3.10/dist-packages/custom_interfaces/__init__.py
-- Up-to-date: /home/sami/Documents/ros2_assignment6/install/custom_interfaces/local/lib/python3.10/dist-packages/custom_interfaces/_custom_interfaces_s.ep.rosidl_typesupport_c.c
-- Up-to-date: /home/sami/Documents/ros2_assignment6/install/custom_interfaces/local/lib/python3.10/dist-packages/custom_interfaces/custom_interfaces_s__rosidl_typesupport_c.cpython-310-x86_64-linux-gnu.so
-- Up-to-date: /home/sami/Documents/ros2_assignment6/install/custom_interfaces/local/lib/python3.10/dist-packages/custom_interfaces/custom_interfaces_s__rosidl_typesupport_introspection_c.cpython-310-x86_64-linux-gnu.so
Listing '/home/sami/Documents/ros2_assignment6/install/custom_interfaces/local/lib/python3.10/dist-packages/custom_interfaces'...
Listing '/home/sami/Documents/ros2_assignment6/install/custom_interfaces/local/lib/python3.10/dist-packages/custom_interfaces/action'...
Listing '/home/sami/Documents/ros2_assignment6/install/custom_interfaces/local/lib/python3.10/dist-packages/custom_interfaces/srv'...
-- Up-to-date: /home/sami/Documents/ros2_assignment6/install/custom_interfaces/local/lib/python3.10/dist-packages/custom_interfaces/custom_interfaces_s__rosidl_typesupport_fastrtps_c.cpython-310-x86_64-linux-gnu.so
-- Up-to-date: /home/sami/Documents/ros2_assignment6/install/custom_interfaces/local/lib/python3.10/dist-packages/custom_interfaces/custom_interfaces_s__rosidl_typesupport_introspection_c.cpython-310-x86_64-linux-gnu.so
-- Up-to-date: /home/sami/Documents/ros2_assignment6/install/custom_interfaces/local/lib/python3.10/dist-packages/custom_interfaces/custom_interfaces_s__rosidl_typesupport_c.cpython-310-x86_64-linux-gnu.so
-- Up-to-date: /home/sami/Documents/ros2_assignment6/install/custom_interfaces/lib/libcustom_interfaces__rosidl_generator_py.so
-- Up-to-date: /home/sami/Documents/ros2_assignment6/install/custom_interfaces/share/custom_interfaces/srv/CheckStock.idl
-- Up-to-date: /home/sami/Documents/ros2_assignment6/install/custom_interfaces/share/custom_interfaces/action/DeliverItem.idl
-- Up-to-date: /home/sami/Documents/ros2_assignment6/install/custom_interfaces/share/custom_interfaces/srv/CheckStock.srv
-- Up-to-date: /home/sami/Documents/ros2_assignment6/install/custom_interfaces/share/custom_interfaces/srv/CheckStock_Request.msg
-- Up-to-date: /home/sami/Documents/ros2_assignment6/install/custom_interfaces/share/custom_interfaces/srv/CheckStock_Response.msg
-- Up-to-date: /home/sami/Documents/ros2_assignment6/install/custom_interfaces/share/custom_interfaces/action/DeliverItem.action
-- Up-to-date: /home/sami/Documents/ros2_assignment6/install/custom_interfaces/share/custom_interfaces/interfaces/srv
-- Up-to-date: /home/sami/Documents/ros2_assignment6/install/custom_interfaces/share/custom_interfaces/interfaces/srv/CheckStock.srv
-- Up-to-date: /home/sami/Documents/ros2_assignment6/install/custom_interfaces/share/custom_interfaces/interfaces/action
-- Up-to-date: /home/sami/Documents/ros2_assignment6/install/custom_interfaces/share/custom_interfaces/interfaces/action/DeliverItem.action
-- Up-to-date: /home/sami/Documents/ros2_assignment6/install/custom_interfaces/share/ament_index/resource_index/package_run_dependencies/custom_interfaces
-- Up-to-date: /home/sami/Documents/ros2_assignment6/install/custom_interfaces/share/ament_index/resource_index/parent_prefix_path/custom_interfaces
-- Up-to-date: /home/sami/Documents/ros2_assignment6/install/custom_interfaces/share/custom_interfaces/environment/ament_prefix_path.sh
-- Up-to-date: /home/sami/Documents/ros2_assignment6/install/custom_interfaces/share/custom_interfaces/environment/ament_prefix_path.dsv
-- Up-to-date: /home/sami/Documents/ros2_assignment6/install/custom_interfaces/share/custom_interfaces/environment/path.sh
-- Up-to-date: /home/sami/Documents/ros2_assignment6/install/custom_interfaces/share/custom_interfaces/environment/path.dsv
-- Up-to-date: /home/sami/Documents/ros2_assignment6/install/custom_interfaces/share/custom_interfaces/local_setup.bash
-- Up-to-date: /home/sami/Documents/ros2_assignment6/install/custom_interfaces/share/custom_interfaces/local_setup.sh
-- Up-to-date: /home/sami/Documents/ros2_assignment6/install/custom_interfaces/share/custom_interfaces/local_setup.zsh
-- Up-to-date: /home/sami/Documents/ros2_assignment6/install/custom_interfaces/share/custom_interfaces/local_setup.dsv
-- Installing: /home/sami/Documents/ros2_assignment6/install/custom_interfaces/share/custom_interfaces/package.dsv
-- Up-to-date: /home/sami/Documents/ros2_assignment6/install/custom_interfaces/share/ament_index/resource_index/packages/custom_interfaces
-- Installing: /home/sami/Documents/ros2_assignment6/install/custom_interfaces/share/custom_interfaces/cmake/export_custom_interfaces__rosidl_generator_cExport.cmake
-- Installing: /home/sami/Documents/ros2_assignment6/install/custom_interfaces/share/custom_interfaces/cmake/export_custom_interfaces__rosidl_generator_cExport-noconfig.cmake
-- Installing: /home/sami/Documents/ros2_assignment6/install/custom_interfaces/share/custom_interfaces/cmake/export_custom_interfaces__rosidl_typesupport_fastrtps_cExport.cmake
-- Installing: /home/sami/Documents/ros2_assignment6/install/custom_interfaces/share/custom_interfaces/cmake/export_custom_interfaces__rosidl_typesupport_fastrtps_cExport-noconfig.cmake
-- Installing: /home/sami/Documents/ros2_assignment6/install/custom_interfaces/share/custom_interfaces/cmake/custom_interfaces__rosidl_typesupport_introspection_cExport.cmake
-- Installing: /home/sami/Documents/ros2_assignment6/install/custom_interfaces/share/custom_interfaces/cmake/custom_interfaces__rosidl_typesupport_introspection_cExport-noconfig.cmake
-- Installing: /home/sami/Documents/ros2_assignment6/install/custom_interfaces/share/custom_interfaces/cmake/custom_interfaces__rosidl_typesupport_cExport.cmake
-- Installing: /home/sami/Documents/ros2_assignment6/install/custom_interfaces/share/custom_interfaces/cmake/custom_interfaces__rosidl_typesupport_cExport-noconfig.cmake
-- Installing: /home/sami/Documents/ros2_assignment6/install/custom_interfaces/share/custom_interfaces/cmake/export_custom_interfaces__rosidl_generator_cppExport.cmake
-- Installing: /home/sami/Documents/ros2_assignment6/install/custom_interfaces/share/custom_interfaces/cmake/export_custom_interfaces__rosidl_typesupport_fastrtps_cppExport.cmake
-- Installing: /home/sami/Documents/ros2_assignment6/install/custom_interfaces/share/custom_interfaces/cmake/export_custom_interfaces__rosidl_typesupport_fastrtps_cppExport-noconfig.cmake
-- Installing: /home/sami/Documents/ros2_assignment6/install/custom_interfaces/share/custom_interfaces/cmake/custom_interfaces__rosidl_typesupport_introspection_cppExport.cmake
-- Installing: /home/sami/Documents/ros2_assignment6/install/custom_interfaces/share/custom_interfaces/cmake/custom_interfaces__rosidl_typesupport_introspection_cppExport-noconfig.cmake
-- Installing: /home/sami/Documents/ros2_assignment6/install/custom_interfaces/share/custom_interfaces/cmake/custom_interfaces__rosidl_typesupport_cppExport.cmake
-- Installing: /home/sami/Documents/ros2_assignment6/install/custom_interfaces/share/custom_interfaces/cmake/custom_interfaces__rosidl_typesupport_cppExport-noconfig.cmake
-- Installing: /home/sami/Documents/ros2_assignment6/install/custom_interfaces/share/custom_interfaces/cmake/export_custom_interfaces__rosidl_generator_pyExport.cmake
-- Installing: /home/sami/Documents/ros2_assignment6/install/custom_interfaces/share/custom_interfaces/cmake/export_custom_interfaces__rosidl_generator_pyExport-noconfig.cmake
-- Installing: /home/sami/Documents/ros2_assignment6/install/custom_interfaces/share/custom_interfaces/cmake/rosidl_cmake-extras.cmake
-- Installing: /home/sami/Documents/ros2_assignment6/install/custom_interfaces/share/custom_interfaces/cmake/ament_cmake_export_dependencies-extras.cmake
-- Installing: /home/sami/Documents/ros2_assignment6/install/custom_interfaces/share/custom_interfaces/cmake/ament_cmake_export_include_directories-extras.cmake
-- Installing: /home/sami/Documents/ros2_assignment6/install/custom_interfaces/share/custom_interfaces/cmake/ament_cmake_export_libraries-extras.cmake
-- Installing: /home/sami/Documents/ros2_assignment6/install/custom_interfaces/share/custom_interfaces/cmake/ament_cmake_export_targets-extras.cmake
-- Installing: /home/sami/Documents/ros2_assignment6/install/custom_interfaces/share/custom_interfaces/cmake/rosidl_cmake_export_typesupport_targets-extras.cmake
-- Installing: /home/sami/Documents/ros2_assignment6/install/custom_interfaces/share/custom_interfaces/cmake/rosidl_cmake_export_typesupport_libraries-extras.cmake
-- Installing: /home/sami/Documents/ros2_assignment6/install/custom_interfaces/share/custom_interfaces/cmake/custom_interfacesConfig.cmake
-- Installing: /home/sami/Documents/ros2_assignment6/install/custom_interfaces/share/custom_interfaces/cmake/custom_interfacesConfig-version.cmake
-- Up-to-date: /home/sami/Documents/ros2_assignment6/install/custom_interfaces/share/custom_interfaces/package.xml
