running egg_info
writing ../../build/action_service/action_service.egg-info/PKG-INFO
writing dependency_links to ../../build/action_service/action_service.egg-info/dependency_links.txt
writing entry points to ../../build/action_service/action_service.egg-info/entry_points.txt
writing requirements to ../../build/action_service/action_service.egg-info/requires.txt
writing top-level names to ../../build/action_service/action_service.egg-info/top_level.txt
reading manifest file '../../build/action_service/action_service.egg-info/SOURCES.txt'
writing manifest file '../../build/action_service/action_service.egg-info/SOURCES.txt'
running build
running build_py
copying action_service/Stock_Checker_Client.py -> /home/sami/assignment2-ros2/build/action_service/build/lib/action_service
running install
running install_lib
copying /home/sami/assignment2-ros2/build/action_service/build/lib/action_service/Stock_Checker_Client.py -> /home/sami/assignment2-ros2/install/action_service/lib/python3.10/site-packages/action_service
byte-compiling /home/sami/assignment2-ros2/install/action_service/lib/python3.10/site-packages/action_service/Stock_Checker_Client.py to Stock_Checker_Client.cpython-310.pyc
running install_data
running install_egg_info
removing '/home/sami/assignment2-ros2/install/action_service/lib/python3.10/site-packages/action_service-0.0.0-py3.10.egg-info' (and everything under it)
Copying ../../build/action_service/action_service.egg-info to /home/sami/assignment2-ros2/install/action_service/lib/python3.10/site-packages/action_service-0.0.0-py3.10.egg-info
running install_scripts
Installing handle_items script to /home/sami/assignment2-ros2/install/action_service/lib/action_service
Installing item_delivery_action_client script to /home/sami/assignment2-ros2/install/action_service/lib/action_service
Installing stock_checker_service_client script to /home/sami/assignment2-ros2/install/action_service/lib/action_service
Installing stock_checker_service_server script to /home/sami/assignment2-ros2/install/action_service/lib/action_service
writing list of installed files to '/home/sami/assignment2-ros2/build/action_service/install.log'
