[0.163s] Invoking command in '/home/sami/assignment2-ros2/build/interfaces': CMAKE_PREFIX_PATH=${CMAKE_PREFIX_PATH}:/home/sami/assignment2-ros2/install/action_service:/home/sami/Documents/ros2-assignment2/install/action_service:/opt/ros/humble /usr/bin/cmake --build /home/sami/assignment2-ros2/build/interfaces -- -j8 -l8
[0.191s] [35m[1mConsolidate compiler generated dependencies of target interfaces__rosidl_generator_c[0m
[0.198s] [  2%] Built target interfaces__cpp
[0.198s] [ 12%] Built target interfaces__rosidl_generator_c
[0.207s] [ 12%] Built target ament_cmake_python_copy_interfaces
[0.209s] [35m[1mConsolidate compiler generated dependencies of target interfaces__rosidl_typesupport_c[0m
[0.209s] [35m[1mConsolidate compiler generated dependencies of target interfaces__rosidl_typesupport_introspection_c[0m
[0.209s] [35m[1mConsolidate compiler generated dependencies of target interfaces__rosidl_typesupport_cpp[0m
[0.210s] [35m[1mConsolidate compiler generated dependencies of target interfaces__rosidl_typesupport_fastrtps_c[0m
[0.210s] [35m[1mConsolidate compiler generated dependencies of target interfaces__rosidl_typesupport_fastrtps_cpp[0m
[0.210s] [35m[1mConsolidate compiler generated dependencies of target interfaces__rosidl_typesupport_introspection_cpp[0m
[0.221s] [ 23%] Built target interfaces__rosidl_typesupport_introspection_c
[0.224s] [ 33%] Built target interfaces__rosidl_typesupport_c
[0.224s] [ 43%] Built target interfaces__rosidl_typesupport_fastrtps_c
[0.226s] [ 58%] Built target interfaces__rosidl_typesupport_introspection_cpp
[0.226s] [ 64%] Built target interfaces__rosidl_typesupport_cpp
[0.230s] [ 74%] Built target interfaces__rosidl_typesupport_fastrtps_cpp
[0.245s] [ 74%] Built target interfaces
[0.259s] [ 76%] Built target interfaces__py
[0.267s] [35m[1mConsolidate compiler generated dependencies of target interfaces__rosidl_generator_py[0m
[0.276s] [ 84%] Built target interfaces__rosidl_generator_py
[0.284s] [35m[1mConsolidate compiler generated dependencies of target interfaces__rosidl_typesupport_c__pyext[0m
[0.286s] [35m[1mConsolidate compiler generated dependencies of target interfaces__rosidl_typesupport_fastrtps_c__pyext[0m
[0.286s] [35m[1mConsolidate compiler generated dependencies of target interfaces__rosidl_typesupport_introspection_c__pyext[0m
[0.295s] [ 89%] Built target interfaces__rosidl_typesupport_c__pyext
[0.296s] [ 94%] Built target interfaces__rosidl_typesupport_fastrtps_c__pyext
[0.297s] [100%] Built target interfaces__rosidl_typesupport_introspection_c__pyext
[0.417s] running egg_info
[0.417s] writing interfaces.egg-info/PKG-INFO
[0.417s] writing dependency_links to interfaces.egg-info/dependency_links.txt
[0.418s] writing top-level names to interfaces.egg-info/top_level.txt
[0.419s] reading manifest file 'interfaces.egg-info/SOURCES.txt'
[0.420s] writing manifest file 'interfaces.egg-info/SOURCES.txt'
[0.446s] [100%] Built target ament_cmake_python_build_interfaces_egg
[0.454s] Invoked command in '/home/sami/assignment2-ros2/build/interfaces' returned '0': CMAKE_PREFIX_PATH=${CMAKE_PREFIX_PATH}:/home/sami/assignment2-ros2/install/action_service:/home/sami/Documents/ros2-assignment2/install/action_service:/opt/ros/humble /usr/bin/cmake --build /home/sami/assignment2-ros2/build/interfaces -- -j8 -l8
[0.506s] Invoking command in '/home/sami/assignment2-ros2/build/interfaces': CMAKE_PREFIX_PATH=${CMAKE_PREFIX_PATH}:/home/sami/assignment2-ros2/install/action_service:/home/sami/Documents/ros2-assignment2/install/action_service:/opt/ros/humble /usr/bin/cmake --install /home/sami/assignment2-ros2/build/interfaces
[0.511s] -- Install configuration: ""
[0.512s] -- Up-to-date: /home/sami/assignment2-ros2/install/interfaces/share/ament_index/resource_index/rosidl_interfaces/interfaces
[0.512s] -- Up-to-date: /home/sami/assignment2-ros2/install/interfaces/include/interfaces/interfaces
[0.512s] -- Up-to-date: /home/sami/assignment2-ros2/install/interfaces/include/interfaces/interfaces/srv
[0.512s] -- Up-to-date: /home/sami/assignment2-ros2/install/interfaces/include/interfaces/interfaces/srv/check_stock.h
[0.512s] -- Up-to-date: /home/sami/assignment2-ros2/install/interfaces/include/interfaces/interfaces/srv/detail
[0.512s] -- Up-to-date: /home/sami/assignment2-ros2/install/interfaces/include/interfaces/interfaces/srv/detail/check_stock__functions.c
[0.512s] -- Up-to-date: /home/sami/assignment2-ros2/install/interfaces/include/interfaces/interfaces/srv/detail/check_stock__type_support.h
[0.512s] -- Up-to-date: /home/sami/assignment2-ros2/install/interfaces/include/interfaces/interfaces/srv/detail/check_stock__functions.h
[0.512s] -- Up-to-date: /home/sami/assignment2-ros2/install/interfaces/include/interfaces/interfaces/srv/detail/check_stock__struct.h
[0.513s] -- Up-to-date: /home/sami/assignment2-ros2/install/interfaces/include/interfaces/interfaces/action
[0.513s] -- Up-to-date: /home/sami/assignment2-ros2/install/interfaces/include/interfaces/interfaces/action/deliver_item.h
[0.513s] -- Up-to-date: /home/sami/assignment2-ros2/install/interfaces/include/interfaces/interfaces/action/detail
[0.513s] -- Up-to-date: /home/sami/assignment2-ros2/install/interfaces/include/interfaces/interfaces/action/detail/deliver_item__functions.h
[0.513s] -- Up-to-date: /home/sami/assignment2-ros2/install/interfaces/include/interfaces/interfaces/action/detail/deliver_item__type_support.h
[0.513s] -- Up-to-date: /home/sami/assignment2-ros2/install/interfaces/include/interfaces/interfaces/action/detail/deliver_item__functions.c
[0.513s] -- Up-to-date: /home/sami/assignment2-ros2/install/interfaces/include/interfaces/interfaces/action/detail/deliver_item__struct.h
[0.513s] -- Up-to-date: /home/sami/assignment2-ros2/install/interfaces/include/interfaces/interfaces/msg
[0.513s] -- Up-to-date: /home/sami/assignment2-ros2/install/interfaces/include/interfaces/interfaces/msg/rosidl_generator_c__visibility_control.h
[0.513s] -- Up-to-date: /home/sami/assignment2-ros2/install/interfaces/share/interfaces/environment/library_path.sh
[0.514s] -- Up-to-date: /home/sami/assignment2-ros2/install/interfaces/share/interfaces/environment/library_path.dsv
[0.514s] -- Up-to-date: /home/sami/assignment2-ros2/install/interfaces/lib/libinterfaces__rosidl_generator_c.so
[0.514s] -- Up-to-date: /home/sami/assignment2-ros2/install/interfaces/include/interfaces/interfaces
[0.514s] -- Up-to-date: /home/sami/assignment2-ros2/install/interfaces/include/interfaces/interfaces/srv
[0.514s] -- Up-to-date: /home/sami/assignment2-ros2/install/interfaces/include/interfaces/interfaces/srv/detail
[0.514s] -- Up-to-date: /home/sami/assignment2-ros2/install/interfaces/include/interfaces/interfaces/srv/detail/check_stock__rosidl_typesupport_fastrtps_c.h
[0.514s] -- Up-to-date: /home/sami/assignment2-ros2/install/interfaces/include/interfaces/interfaces/action
[0.514s] -- Up-to-date: /home/sami/assignment2-ros2/install/interfaces/include/interfaces/interfaces/action/detail
[0.514s] -- Up-to-date: /home/sami/assignment2-ros2/install/interfaces/include/interfaces/interfaces/action/detail/deliver_item__rosidl_typesupport_fastrtps_c.h
[0.514s] -- Up-to-date: /home/sami/assignment2-ros2/install/interfaces/include/interfaces/interfaces/msg
[0.514s] -- Up-to-date: /home/sami/assignment2-ros2/install/interfaces/include/interfaces/interfaces/msg/rosidl_typesupport_fastrtps_c__visibility_control.h
[0.515s] -- Up-to-date: /home/sami/assignment2-ros2/install/interfaces/lib/libinterfaces__rosidl_typesupport_fastrtps_c.so
[0.515s] -- Up-to-date: /home/sami/assignment2-ros2/install/interfaces/include/interfaces/interfaces
[0.515s] -- Up-to-date: /home/sami/assignment2-ros2/install/interfaces/include/interfaces/interfaces/srv
[0.515s] -- Up-to-date: /home/sami/assignment2-ros2/install/interfaces/include/interfaces/interfaces/srv/detail
[0.515s] -- Up-to-date: /home/sami/assignment2-ros2/install/interfaces/include/interfaces/interfaces/srv/detail/check_stock__rosidl_typesupport_introspection_c.h
[0.515s] -- Up-to-date: /home/sami/assignment2-ros2/install/interfaces/include/interfaces/interfaces/srv/detail/check_stock__type_support.c
[0.515s] -- Up-to-date: /home/sami/assignment2-ros2/install/interfaces/include/interfaces/interfaces/action
[0.515s] -- Up-to-date: /home/sami/assignment2-ros2/install/interfaces/include/interfaces/interfaces/action/detail
[0.515s] -- Up-to-date: /home/sami/assignment2-ros2/install/interfaces/include/interfaces/interfaces/action/detail/deliver_item__type_support.c
[0.515s] -- Up-to-date: /home/sami/assignment2-ros2/install/interfaces/include/interfaces/interfaces/action/detail/deliver_item__rosidl_typesupport_introspection_c.h
[0.515s] -- Up-to-date: /home/sami/assignment2-ros2/install/interfaces/include/interfaces/interfaces/msg
[0.515s] -- Up-to-date: /home/sami/assignment2-ros2/install/interfaces/include/interfaces/interfaces/msg/rosidl_typesupport_introspection_c__visibility_control.h
[0.515s] -- Up-to-date: /home/sami/assignment2-ros2/install/interfaces/lib/libinterfaces__rosidl_typesupport_introspection_c.so
[0.515s] -- Up-to-date: /home/sami/assignment2-ros2/install/interfaces/lib/libinterfaces__rosidl_typesupport_c.so
[0.515s] -- Up-to-date: /home/sami/assignment2-ros2/install/interfaces/include/interfaces/interfaces
[0.516s] -- Up-to-date: /home/sami/assignment2-ros2/install/interfaces/include/interfaces/interfaces/srv
[0.516s] -- Up-to-date: /home/sami/assignment2-ros2/install/interfaces/include/interfaces/interfaces/srv/detail
[0.516s] -- Up-to-date: /home/sami/assignment2-ros2/install/interfaces/include/interfaces/interfaces/srv/detail/check_stock__struct.hpp
[0.516s] -- Up-to-date: /home/sami/assignment2-ros2/install/interfaces/include/interfaces/interfaces/srv/detail/check_stock__traits.hpp
[0.516s] -- Up-to-date: /home/sami/assignment2-ros2/install/interfaces/include/interfaces/interfaces/srv/detail/check_stock__builder.hpp
[0.516s] -- Up-to-date: /home/sami/assignment2-ros2/install/interfaces/include/interfaces/interfaces/srv/check_stock.hpp
[0.516s] -- Up-to-date: /home/sami/assignment2-ros2/install/interfaces/include/interfaces/interfaces/action
[0.516s] -- Up-to-date: /home/sami/assignment2-ros2/install/interfaces/include/interfaces/interfaces/action/detail
[0.516s] -- Up-to-date: /home/sami/assignment2-ros2/install/interfaces/include/interfaces/interfaces/action/detail/deliver_item__builder.hpp
[0.516s] -- Up-to-date: /home/sami/assignment2-ros2/install/interfaces/include/interfaces/interfaces/action/detail/deliver_item__traits.hpp
[0.516s] -- Up-to-date: /home/sami/assignment2-ros2/install/interfaces/include/interfaces/interfaces/action/detail/deliver_item__struct.hpp
[0.516s] -- Up-to-date: /home/sami/assignment2-ros2/install/interfaces/include/interfaces/interfaces/action/deliver_item.hpp
[0.516s] -- Up-to-date: /home/sami/assignment2-ros2/install/interfaces/include/interfaces/interfaces
[0.516s] -- Up-to-date: /home/sami/assignment2-ros2/install/interfaces/include/interfaces/interfaces/srv
[0.517s] -- Up-to-date: /home/sami/assignment2-ros2/install/interfaces/include/interfaces/interfaces/srv/detail
[0.517s] -- Up-to-date: /home/sami/assignment2-ros2/install/interfaces/include/interfaces/interfaces/srv/detail/dds_fastrtps
[0.517s] -- Up-to-date: /home/sami/assignment2-ros2/install/interfaces/include/interfaces/interfaces/srv/detail/check_stock__rosidl_typesupport_fastrtps_cpp.hpp
[0.517s] -- Up-to-date: /home/sami/assignment2-ros2/install/interfaces/include/interfaces/interfaces/action
[0.517s] -- Up-to-date: /home/sami/assignment2-ros2/install/interfaces/include/interfaces/interfaces/action/detail
[0.517s] -- Up-to-date: /home/sami/assignment2-ros2/install/interfaces/include/interfaces/interfaces/action/detail/deliver_item__rosidl_typesupport_fastrtps_cpp.hpp
[0.517s] -- Up-to-date: /home/sami/assignment2-ros2/install/interfaces/include/interfaces/interfaces/action/detail/dds_fastrtps
[0.517s] -- Up-to-date: /home/sami/assignment2-ros2/install/interfaces/include/interfaces/interfaces/msg
[0.517s] -- Up-to-date: /home/sami/assignment2-ros2/install/interfaces/include/interfaces/interfaces/msg/rosidl_typesupport_fastrtps_cpp__visibility_control.h
[0.517s] -- Up-to-date: /home/sami/assignment2-ros2/install/interfaces/lib/libinterfaces__rosidl_typesupport_fastrtps_cpp.so
[0.517s] -- Up-to-date: /home/sami/assignment2-ros2/install/interfaces/include/interfaces/interfaces
[0.517s] -- Up-to-date: /home/sami/assignment2-ros2/install/interfaces/include/interfaces/interfaces/srv
[0.517s] -- Up-to-date: /home/sami/assignment2-ros2/install/interfaces/include/interfaces/interfaces/srv/detail
[0.517s] -- Up-to-date: /home/sami/assignment2-ros2/install/interfaces/include/interfaces/interfaces/srv/detail/check_stock__rosidl_typesupport_introspection_cpp.hpp
[0.518s] -- Up-to-date: /home/sami/assignment2-ros2/install/interfaces/include/interfaces/interfaces/srv/detail/check_stock__type_support.cpp
[0.518s] -- Up-to-date: /home/sami/assignment2-ros2/install/interfaces/include/interfaces/interfaces/action
[0.518s] -- Up-to-date: /home/sami/assignment2-ros2/install/interfaces/include/interfaces/interfaces/action/detail
[0.518s] -- Up-to-date: /home/sami/assignment2-ros2/install/interfaces/include/interfaces/interfaces/action/detail/deliver_item__type_support.cpp
[0.518s] -- Up-to-date: /home/sami/assignment2-ros2/install/interfaces/include/interfaces/interfaces/action/detail/deliver_item__rosidl_typesupport_introspection_cpp.hpp
[0.518s] -- Up-to-date: /home/sami/assignment2-ros2/install/interfaces/lib/libinterfaces__rosidl_typesupport_introspection_cpp.so
[0.518s] -- Up-to-date: /home/sami/assignment2-ros2/install/interfaces/lib/libinterfaces__rosidl_typesupport_cpp.so
[0.518s] -- Up-to-date: /home/sami/assignment2-ros2/install/interfaces/share/interfaces/environment/pythonpath.sh
[0.518s] -- Up-to-date: /home/sami/assignment2-ros2/install/interfaces/share/interfaces/environment/pythonpath.dsv
[0.518s] -- Up-to-date: /home/sami/assignment2-ros2/install/interfaces/local/lib/python3.10/dist-packages/interfaces-0.0.0-py3.10.egg-info
[0.518s] -- Installing: /home/sami/assignment2-ros2/install/interfaces/local/lib/python3.10/dist-packages/interfaces-0.0.0-py3.10.egg-info/top_level.txt
[0.518s] -- Installing: /home/sami/assignment2-ros2/install/interfaces/local/lib/python3.10/dist-packages/interfaces-0.0.0-py3.10.egg-info/PKG-INFO
[0.518s] -- Installing: /home/sami/assignment2-ros2/install/interfaces/local/lib/python3.10/dist-packages/interfaces-0.0.0-py3.10.egg-info/SOURCES.txt
[0.518s] -- Installing: /home/sami/assignment2-ros2/install/interfaces/local/lib/python3.10/dist-packages/interfaces-0.0.0-py3.10.egg-info/dependency_links.txt
[0.518s] -- Up-to-date: /home/sami/assignment2-ros2/install/interfaces/local/lib/python3.10/dist-packages/interfaces
[0.519s] -- Up-to-date: /home/sami/assignment2-ros2/install/interfaces/local/lib/python3.10/dist-packages/interfaces/srv
[0.519s] -- Up-to-date: /home/sami/assignment2-ros2/install/interfaces/local/lib/python3.10/dist-packages/interfaces/srv/_check_stock_s.c
[0.519s] -- Up-to-date: /home/sami/assignment2-ros2/install/interfaces/local/lib/python3.10/dist-packages/interfaces/srv/__init__.py
[0.519s] -- Up-to-date: /home/sami/assignment2-ros2/install/interfaces/local/lib/python3.10/dist-packages/interfaces/srv/_check_stock.py
[0.519s] -- Up-to-date: /home/sami/assignment2-ros2/install/interfaces/local/lib/python3.10/dist-packages/interfaces/interfaces_s__rosidl_typesupport_fastrtps_c.cpython-310-x86_64-linux-gnu.so
[0.519s] -- Up-to-date: /home/sami/assignment2-ros2/install/interfaces/local/lib/python3.10/dist-packages/interfaces/interfaces_s__rosidl_typesupport_c.cpython-310-x86_64-linux-gnu.so
[0.519s] -- Up-to-date: /home/sami/assignment2-ros2/install/interfaces/local/lib/python3.10/dist-packages/interfaces/_interfaces_s.ep.rosidl_typesupport_c.c
[0.519s] -- Up-to-date: /home/sami/assignment2-ros2/install/interfaces/local/lib/python3.10/dist-packages/interfaces/action
[0.519s] -- Up-to-date: /home/sami/assignment2-ros2/install/interfaces/local/lib/python3.10/dist-packages/interfaces/action/_deliver_item.py
[0.519s] -- Up-to-date: /home/sami/assignment2-ros2/install/interfaces/local/lib/python3.10/dist-packages/interfaces/action/_deliver_item_s.c
[0.519s] -- Up-to-date: /home/sami/assignment2-ros2/install/interfaces/local/lib/python3.10/dist-packages/interfaces/action/__init__.py
[0.519s] -- Up-to-date: /home/sami/assignment2-ros2/install/interfaces/local/lib/python3.10/dist-packages/interfaces/_interfaces_s.ep.rosidl_typesupport_fastrtps_c.c
[0.519s] -- Up-to-date: /home/sami/assignment2-ros2/install/interfaces/local/lib/python3.10/dist-packages/interfaces/_interfaces_s.ep.rosidl_typesupport_introspection_c.c
[0.519s] -- Up-to-date: /home/sami/assignment2-ros2/install/interfaces/local/lib/python3.10/dist-packages/interfaces/interfaces_s__rosidl_typesupport_introspection_c.cpython-310-x86_64-linux-gnu.so
[0.520s] -- Up-to-date: /home/sami/assignment2-ros2/install/interfaces/local/lib/python3.10/dist-packages/interfaces/__init__.py
[0.520s] -- Up-to-date: /home/sami/assignment2-ros2/install/interfaces/local/lib/python3.10/dist-packages/interfaces/libinterfaces__rosidl_generator_py.so
[0.536s] Listing '/home/sami/assignment2-ros2/install/interfaces/local/lib/python3.10/dist-packages/interfaces'...
[0.536s] Listing '/home/sami/assignment2-ros2/install/interfaces/local/lib/python3.10/dist-packages/interfaces/action'...
[0.536s] Listing '/home/sami/assignment2-ros2/install/interfaces/local/lib/python3.10/dist-packages/interfaces/srv'...
[0.539s] -- Up-to-date: /home/sami/assignment2-ros2/install/interfaces/local/lib/python3.10/dist-packages/interfaces/interfaces_s__rosidl_typesupport_fastrtps_c.cpython-310-x86_64-linux-gnu.so
[0.539s] -- Up-to-date: /home/sami/assignment2-ros2/install/interfaces/local/lib/python3.10/dist-packages/interfaces/interfaces_s__rosidl_typesupport_introspection_c.cpython-310-x86_64-linux-gnu.so
[0.539s] -- Up-to-date: /home/sami/assignment2-ros2/install/interfaces/local/lib/python3.10/dist-packages/interfaces/interfaces_s__rosidl_typesupport_c.cpython-310-x86_64-linux-gnu.so
[0.540s] -- Up-to-date: /home/sami/assignment2-ros2/install/interfaces/lib/libinterfaces__rosidl_generator_py.so
[0.540s] -- Up-to-date: /home/sami/assignment2-ros2/install/interfaces/share/interfaces/action/DeliverItem.idl
[0.540s] -- Up-to-date: /home/sami/assignment2-ros2/install/interfaces/share/interfaces/srv/CheckStock.idl
[0.540s] -- Up-to-date: /home/sami/assignment2-ros2/install/interfaces/share/interfaces/action/DeliverItem.action
[0.540s] -- Up-to-date: /home/sami/assignment2-ros2/install/interfaces/share/interfaces/srv/CheckStock.srv
[0.540s] -- Up-to-date: /home/sami/assignment2-ros2/install/interfaces/share/interfaces/srv/CheckStock_Request.msg
[0.540s] -- Up-to-date: /home/sami/assignment2-ros2/install/interfaces/share/interfaces/srv/CheckStock_Response.msg
[0.540s] -- Up-to-date: /home/sami/assignment2-ros2/install/interfaces/share/ament_index/resource_index/package_run_dependencies/interfaces
[0.540s] -- Up-to-date: /home/sami/assignment2-ros2/install/interfaces/share/ament_index/resource_index/parent_prefix_path/interfaces
[0.541s] -- Up-to-date: /home/sami/assignment2-ros2/install/interfaces/share/interfaces/environment/ament_prefix_path.sh
[0.541s] -- Up-to-date: /home/sami/assignment2-ros2/install/interfaces/share/interfaces/environment/ament_prefix_path.dsv
[0.541s] -- Up-to-date: /home/sami/assignment2-ros2/install/interfaces/share/interfaces/environment/path.sh
[0.541s] -- Up-to-date: /home/sami/assignment2-ros2/install/interfaces/share/interfaces/environment/path.dsv
[0.541s] -- Up-to-date: /home/sami/assignment2-ros2/install/interfaces/share/interfaces/local_setup.bash
[0.541s] -- Up-to-date: /home/sami/assignment2-ros2/install/interfaces/share/interfaces/local_setup.sh
[0.541s] -- Up-to-date: /home/sami/assignment2-ros2/install/interfaces/share/interfaces/local_setup.zsh
[0.541s] -- Up-to-date: /home/sami/assignment2-ros2/install/interfaces/share/interfaces/local_setup.dsv
[0.541s] -- Installing: /home/sami/assignment2-ros2/install/interfaces/share/interfaces/package.dsv
[0.541s] -- Up-to-date: /home/sami/assignment2-ros2/install/interfaces/share/ament_index/resource_index/packages/interfaces
[0.541s] -- Up-to-date: /home/sami/assignment2-ros2/install/interfaces/share/interfaces/cmake/export_interfaces__rosidl_generator_cExport.cmake
[0.541s] -- Up-to-date: /home/sami/assignment2-ros2/install/interfaces/share/interfaces/cmake/export_interfaces__rosidl_generator_cExport-noconfig.cmake
[0.541s] -- Up-to-date: /home/sami/assignment2-ros2/install/interfaces/share/interfaces/cmake/export_interfaces__rosidl_typesupport_fastrtps_cExport.cmake
[0.542s] -- Up-to-date: /home/sami/assignment2-ros2/install/interfaces/share/interfaces/cmake/export_interfaces__rosidl_typesupport_fastrtps_cExport-noconfig.cmake
[0.542s] -- Up-to-date: /home/sami/assignment2-ros2/install/interfaces/share/interfaces/cmake/interfaces__rosidl_typesupport_introspection_cExport.cmake
[0.542s] -- Up-to-date: /home/sami/assignment2-ros2/install/interfaces/share/interfaces/cmake/interfaces__rosidl_typesupport_introspection_cExport-noconfig.cmake
[0.542s] -- Up-to-date: /home/sami/assignment2-ros2/install/interfaces/share/interfaces/cmake/interfaces__rosidl_typesupport_cExport.cmake
[0.542s] -- Up-to-date: /home/sami/assignment2-ros2/install/interfaces/share/interfaces/cmake/interfaces__rosidl_typesupport_cExport-noconfig.cmake
[0.542s] -- Up-to-date: /home/sami/assignment2-ros2/install/interfaces/share/interfaces/cmake/export_interfaces__rosidl_generator_cppExport.cmake
[0.542s] -- Up-to-date: /home/sami/assignment2-ros2/install/interfaces/share/interfaces/cmake/export_interfaces__rosidl_typesupport_fastrtps_cppExport.cmake
[0.542s] -- Up-to-date: /home/sami/assignment2-ros2/install/interfaces/share/interfaces/cmake/export_interfaces__rosidl_typesupport_fastrtps_cppExport-noconfig.cmake
[0.543s] -- Up-to-date: /home/sami/assignment2-ros2/install/interfaces/share/interfaces/cmake/interfaces__rosidl_typesupport_introspection_cppExport.cmake
[0.543s] -- Up-to-date: /home/sami/assignment2-ros2/install/interfaces/share/interfaces/cmake/interfaces__rosidl_typesupport_introspection_cppExport-noconfig.cmake
[0.543s] -- Up-to-date: /home/sami/assignment2-ros2/install/interfaces/share/interfaces/cmake/interfaces__rosidl_typesupport_cppExport.cmake
[0.543s] -- Up-to-date: /home/sami/assignment2-ros2/install/interfaces/share/interfaces/cmake/interfaces__rosidl_typesupport_cppExport-noconfig.cmake
[0.544s] -- Up-to-date: /home/sami/assignment2-ros2/install/interfaces/share/interfaces/cmake/export_interfaces__rosidl_generator_pyExport.cmake
[0.544s] -- Up-to-date: /home/sami/assignment2-ros2/install/interfaces/share/interfaces/cmake/export_interfaces__rosidl_generator_pyExport-noconfig.cmake
[0.544s] -- Up-to-date: /home/sami/assignment2-ros2/install/interfaces/share/interfaces/cmake/rosidl_cmake-extras.cmake
[0.544s] -- Up-to-date: /home/sami/assignment2-ros2/install/interfaces/share/interfaces/cmake/ament_cmake_export_dependencies-extras.cmake
[0.544s] -- Up-to-date: /home/sami/assignment2-ros2/install/interfaces/share/interfaces/cmake/ament_cmake_export_include_directories-extras.cmake
[0.544s] -- Up-to-date: /home/sami/assignment2-ros2/install/interfaces/share/interfaces/cmake/ament_cmake_export_libraries-extras.cmake
[0.545s] -- Up-to-date: /home/sami/assignment2-ros2/install/interfaces/share/interfaces/cmake/ament_cmake_export_targets-extras.cmake
[0.545s] -- Up-to-date: /home/sami/assignment2-ros2/install/interfaces/share/interfaces/cmake/rosidl_cmake_export_typesupport_targets-extras.cmake
[0.545s] -- Up-to-date: /home/sami/assignment2-ros2/install/interfaces/share/interfaces/cmake/rosidl_cmake_export_typesupport_libraries-extras.cmake
[0.545s] -- Up-to-date: /home/sami/assignment2-ros2/install/interfaces/share/interfaces/cmake/interfacesConfig.cmake
[0.545s] -- Up-to-date: /home/sami/assignment2-ros2/install/interfaces/share/interfaces/cmake/interfacesConfig-version.cmake
[0.545s] -- Up-to-date: /home/sami/assignment2-ros2/install/interfaces/share/interfaces/package.xml
[0.545s] Invoked command in '/home/sami/assignment2-ros2/build/interfaces' returned '0': CMAKE_PREFIX_PATH=${CMAKE_PREFIX_PATH}:/home/sami/assignment2-ros2/install/action_service:/home/sami/Documents/ros2-assignment2/install/action_service:/opt/ros/humble /usr/bin/cmake --install /home/sami/assignment2-ros2/build/interfaces
