[0.064s] DEBUG:colcon:Command line arguments: ['/usr/bin/colcon', 'build']
[0.064s] DEBUG:colcon:Parsed command line arguments: Namespace(log_base=None, log_level=None, verb_name='build', build_base='build', install_base='install', merge_install=False, symlink_install=False, test_result_base=None, continue_on_error=False, executor='parallel', parallel_workers=8, event_handlers=None, ignore_user_meta=False, metas=['./colcon.meta'], base_paths=['.'], packages_ignore=None, packages_ignore_regex=None, paths=None, packages_up_to=None, packages_up_to_regex=None, packages_above=None, packages_above_and_dependencies=None, packages_above_depth=None, packages_select_by_dep=None, packages_skip_by_dep=None, packages_skip_up_to=None, packages_select_build_failed=False, packages_skip_build_finished=False, packages_select_test_failures=False, packages_skip_test_passed=False, packages_select=None, packages_skip=None, packages_select_regex=None, packages_skip_regex=None, packages_start=None, packages_end=None, allow_overriding=[], cmake_args=None, cmake_target=None, cmake_target_skip_unavailable=False, cmake_clean_cache=False, cmake_clean_first=False, cmake_force_configure=False, ament_cmake_args=None, catkin_cmake_args=None, catkin_skip_building_tests=False, mixin_files=None, mixin=None, verb_parser=<colcon_mixin.mixin.mixin_argument.MixinArgumentDecorator object at 0x73b34ad42d40>, verb_extension=<colcon_core.verb.build.BuildVerb object at 0x73b34ae4ba90>, main=<bound method BuildVerb.main of <colcon_core.verb.build.BuildVerb object at 0x73b34ae4ba90>>, mixin_verb=('build',))
[0.161s] Level 1:colcon.colcon_core.package_discovery:discover_packages(colcon_meta) check parameters
[0.161s] Level 1:colcon.colcon_core.package_discovery:discover_packages(recursive) check parameters
[0.161s] Level 1:colcon.colcon_core.package_discovery:discover_packages(ignore) check parameters
[0.161s] Level 1:colcon.colcon_core.package_discovery:discover_packages(path) check parameters
[0.161s] Level 1:colcon.colcon_core.package_discovery:discover_packages(colcon_meta) discover
[0.161s] Level 1:colcon.colcon_core.package_discovery:discover_packages(recursive) discover
[0.161s] INFO:colcon.colcon_core.package_discovery:Crawling recursively for packages in '/home/sami/assignment2-ros2'
[0.161s] Level 1:colcon.colcon_core.package_identification:_identify(.) by extensions ['ignore', 'ignore_ament_install']
[0.161s] Level 1:colcon.colcon_core.package_identification:_identify(.) by extension 'ignore'
[0.161s] Level 1:colcon.colcon_core.package_identification:_identify(.) by extension 'ignore_ament_install'
[0.161s] Level 1:colcon.colcon_core.package_identification:_identify(.) by extensions ['colcon_pkg']
[0.161s] Level 1:colcon.colcon_core.package_identification:_identify(.) by extension 'colcon_pkg'
[0.161s] Level 1:colcon.colcon_core.package_identification:_identify(.) by extensions ['colcon_meta']
[0.161s] Level 1:colcon.colcon_core.package_identification:_identify(.) by extension 'colcon_meta'
[0.161s] Level 1:colcon.colcon_core.package_identification:_identify(.) by extensions ['ros']
[0.161s] Level 1:colcon.colcon_core.package_identification:_identify(.) by extension 'ros'
[0.169s] Level 1:colcon.colcon_core.package_identification:_identify(.) by extensions ['cmake', 'python']
[0.169s] Level 1:colcon.colcon_core.package_identification:_identify(.) by extension 'cmake'
[0.169s] Level 1:colcon.colcon_core.package_identification:_identify(.) by extension 'python'
[0.169s] Level 1:colcon.colcon_core.package_identification:_identify(.) by extensions ['python_setup_py']
[0.169s] Level 1:colcon.colcon_core.package_identification:_identify(.) by extension 'python_setup_py'
[0.169s] Level 1:colcon.colcon_core.package_identification:_identify(build) by extensions ['ignore', 'ignore_ament_install']
[0.169s] Level 1:colcon.colcon_core.package_identification:_identify(build) by extension 'ignore'
[0.169s] Level 1:colcon.colcon_core.package_identification:_identify(build) ignored
[0.169s] Level 1:colcon.colcon_core.package_identification:_identify(install) by extensions ['ignore', 'ignore_ament_install']
[0.169s] Level 1:colcon.colcon_core.package_identification:_identify(install) by extension 'ignore'
[0.169s] Level 1:colcon.colcon_core.package_identification:_identify(install) ignored
[0.169s] Level 1:colcon.colcon_core.package_identification:_identify(log) by extensions ['ignore', 'ignore_ament_install']
[0.169s] Level 1:colcon.colcon_core.package_identification:_identify(log) by extension 'ignore'
[0.169s] Level 1:colcon.colcon_core.package_identification:_identify(log) ignored
[0.169s] Level 1:colcon.colcon_core.package_identification:_identify(src) by extensions ['ignore', 'ignore_ament_install']
[0.169s] Level 1:colcon.colcon_core.package_identification:_identify(src) by extension 'ignore'
[0.169s] Level 1:colcon.colcon_core.package_identification:_identify(src) by extension 'ignore_ament_install'
[0.169s] Level 1:colcon.colcon_core.package_identification:_identify(src) by extensions ['colcon_pkg']
[0.169s] Level 1:colcon.colcon_core.package_identification:_identify(src) by extension 'colcon_pkg'
[0.169s] Level 1:colcon.colcon_core.package_identification:_identify(src) by extensions ['colcon_meta']
[0.169s] Level 1:colcon.colcon_core.package_identification:_identify(src) by extension 'colcon_meta'
[0.169s] Level 1:colcon.colcon_core.package_identification:_identify(src) by extensions ['ros']
[0.169s] Level 1:colcon.colcon_core.package_identification:_identify(src) by extension 'ros'
[0.170s] Level 1:colcon.colcon_core.package_identification:_identify(src) by extensions ['cmake', 'python']
[0.170s] Level 1:colcon.colcon_core.package_identification:_identify(src) by extension 'cmake'
[0.170s] Level 1:colcon.colcon_core.package_identification:_identify(src) by extension 'python'
[0.170s] Level 1:colcon.colcon_core.package_identification:_identify(src) by extensions ['python_setup_py']
[0.170s] Level 1:colcon.colcon_core.package_identification:_identify(src) by extension 'python_setup_py'
[0.170s] Level 1:colcon.colcon_core.package_identification:_identify(src/action_service) by extensions ['ignore', 'ignore_ament_install']
[0.170s] Level 1:colcon.colcon_core.package_identification:_identify(src/action_service) by extension 'ignore'
[0.170s] Level 1:colcon.colcon_core.package_identification:_identify(src/action_service) by extension 'ignore_ament_install'
[0.170s] Level 1:colcon.colcon_core.package_identification:_identify(src/action_service) by extensions ['colcon_pkg']
[0.170s] Level 1:colcon.colcon_core.package_identification:_identify(src/action_service) by extension 'colcon_pkg'
[0.170s] Level 1:colcon.colcon_core.package_identification:_identify(src/action_service) by extensions ['colcon_meta']
[0.170s] Level 1:colcon.colcon_core.package_identification:_identify(src/action_service) by extension 'colcon_meta'
[0.170s] Level 1:colcon.colcon_core.package_identification:_identify(src/action_service) by extensions ['ros']
[0.170s] Level 1:colcon.colcon_core.package_identification:_identify(src/action_service) by extension 'ros'
[0.171s] DEBUG:colcon.colcon_core.package_identification:Package 'src/action_service' with type 'ros.ament_python' and name 'action_service'
[0.171s] Level 1:colcon.colcon_core.package_identification:_identify(src/interfaces) by extensions ['ignore', 'ignore_ament_install']
[0.171s] Level 1:colcon.colcon_core.package_identification:_identify(src/interfaces) by extension 'ignore'
[0.172s] Level 1:colcon.colcon_core.package_identification:_identify(src/interfaces) by extension 'ignore_ament_install'
[0.172s] Level 1:colcon.colcon_core.package_identification:_identify(src/interfaces) by extensions ['colcon_pkg']
[0.172s] Level 1:colcon.colcon_core.package_identification:_identify(src/interfaces) by extension 'colcon_pkg'
[0.172s] Level 1:colcon.colcon_core.package_identification:_identify(src/interfaces) by extensions ['colcon_meta']
[0.172s] Level 1:colcon.colcon_core.package_identification:_identify(src/interfaces) by extension 'colcon_meta'
[0.172s] Level 1:colcon.colcon_core.package_identification:_identify(src/interfaces) by extensions ['ros']
[0.172s] Level 1:colcon.colcon_core.package_identification:_identify(src/interfaces) by extension 'ros'
[0.172s] DEBUG:colcon.colcon_core.package_identification:Package 'src/interfaces' with type 'ros.ament_cmake' and name 'interfaces'
[0.172s] Level 1:colcon.colcon_core.package_discovery:discover_packages(recursive) using defaults
[0.172s] Level 1:colcon.colcon_core.package_discovery:discover_packages(ignore) discover
[0.172s] Level 1:colcon.colcon_core.package_discovery:discover_packages(ignore) using defaults
[0.172s] Level 1:colcon.colcon_core.package_discovery:discover_packages(path) discover
[0.172s] Level 1:colcon.colcon_core.package_discovery:discover_packages(path) using defaults
[0.184s] Level 1:colcon.colcon_core.package_discovery:discover_packages(prefix_path) check parameters
[0.184s] Level 1:colcon.colcon_core.package_discovery:discover_packages(prefix_path) discover
[0.184s] WARNING:colcon.colcon_ros.prefix_path.ament:The path '/home/sami/assignment2-ros2/install/interfaces' in the environment variable AMENT_PREFIX_PATH doesn't exist
[0.185s] WARNING:colcon.colcon_ros.prefix_path.ament:The path '/home/sami/assignment2-ros2/install/action_service' in the environment variable AMENT_PREFIX_PATH doesn't exist
[0.185s] WARNING:colcon.colcon_ros.prefix_path.catkin:The path '/home/sami/assignment2-ros2/install/interfaces' in the environment variable CMAKE_PREFIX_PATH doesn't exist
[0.185s] DEBUG:colcon.colcon_installed_package_information.package_discovery:Found 0 installed packages in /home/sami/assignment2-ros2/install
[0.185s] DEBUG:colcon.colcon_installed_package_information.package_discovery:Found 2 installed packages in /home/sami/Documents/ros2-assignment2/install
[0.186s] DEBUG:colcon.colcon_installed_package_information.package_discovery:Found 270 installed packages in /opt/ros/humble
[0.187s] Level 1:colcon.colcon_core.package_discovery:discover_packages(prefix_path) using defaults
[0.217s] Level 5:colcon.colcon_core.verb:set package 'action_service' build argument 'cmake_args' from command line to 'None'
[0.217s] Level 5:colcon.colcon_core.verb:set package 'action_service' build argument 'cmake_target' from command line to 'None'
[0.217s] Level 5:colcon.colcon_core.verb:set package 'action_service' build argument 'cmake_target_skip_unavailable' from command line to 'False'
[0.217s] Level 5:colcon.colcon_core.verb:set package 'action_service' build argument 'cmake_clean_cache' from command line to 'False'
[0.217s] Level 5:colcon.colcon_core.verb:set package 'action_service' build argument 'cmake_clean_first' from command line to 'False'
[0.217s] Level 5:colcon.colcon_core.verb:set package 'action_service' build argument 'cmake_force_configure' from command line to 'False'
[0.217s] Level 5:colcon.colcon_core.verb:set package 'action_service' build argument 'ament_cmake_args' from command line to 'None'
[0.217s] Level 5:colcon.colcon_core.verb:set package 'action_service' build argument 'catkin_cmake_args' from command line to 'None'
[0.217s] Level 5:colcon.colcon_core.verb:set package 'action_service' build argument 'catkin_skip_building_tests' from command line to 'False'
[0.217s] DEBUG:colcon.colcon_core.verb:Building package 'action_service' with the following arguments: {'ament_cmake_args': None, 'build_base': '/home/sami/assignment2-ros2/build/action_service', 'catkin_cmake_args': None, 'catkin_skip_building_tests': False, 'cmake_args': None, 'cmake_clean_cache': False, 'cmake_clean_first': False, 'cmake_force_configure': False, 'cmake_target': None, 'cmake_target_skip_unavailable': False, 'install_base': '/home/sami/assignment2-ros2/install/action_service', 'merge_install': False, 'path': '/home/sami/assignment2-ros2/src/action_service', 'symlink_install': False, 'test_result_base': None}
[0.217s] Level 5:colcon.colcon_core.verb:set package 'interfaces' build argument 'cmake_args' from command line to 'None'
[0.217s] Level 5:colcon.colcon_core.verb:set package 'interfaces' build argument 'cmake_target' from command line to 'None'
[0.217s] Level 5:colcon.colcon_core.verb:set package 'interfaces' build argument 'cmake_target_skip_unavailable' from command line to 'False'
[0.217s] Level 5:colcon.colcon_core.verb:set package 'interfaces' build argument 'cmake_clean_cache' from command line to 'False'
[0.217s] Level 5:colcon.colcon_core.verb:set package 'interfaces' build argument 'cmake_clean_first' from command line to 'False'
[0.217s] Level 5:colcon.colcon_core.verb:set package 'interfaces' build argument 'cmake_force_configure' from command line to 'False'
[0.217s] Level 5:colcon.colcon_core.verb:set package 'interfaces' build argument 'ament_cmake_args' from command line to 'None'
[0.217s] Level 5:colcon.colcon_core.verb:set package 'interfaces' build argument 'catkin_cmake_args' from command line to 'None'
[0.217s] Level 5:colcon.colcon_core.verb:set package 'interfaces' build argument 'catkin_skip_building_tests' from command line to 'False'
[0.217s] DEBUG:colcon.colcon_core.verb:Building package 'interfaces' with the following arguments: {'ament_cmake_args': None, 'build_base': '/home/sami/assignment2-ros2/build/interfaces', 'catkin_cmake_args': None, 'catkin_skip_building_tests': False, 'cmake_args': None, 'cmake_clean_cache': False, 'cmake_clean_first': False, 'cmake_force_configure': False, 'cmake_target': None, 'cmake_target_skip_unavailable': False, 'install_base': '/home/sami/assignment2-ros2/install/interfaces', 'merge_install': False, 'path': '/home/sami/assignment2-ros2/src/interfaces', 'symlink_install': False, 'test_result_base': None}
[0.217s] INFO:colcon.colcon_core.executor:Executing jobs using 'parallel' executor
[0.218s] DEBUG:colcon.colcon_parallel_executor.executor.parallel:run_until_complete
[0.219s] INFO:colcon.colcon_ros.task.ament_python.build:Building ROS package in '/home/sami/assignment2-ros2/src/action_service' with build type 'ament_python'
[0.219s] Level 1:colcon.colcon_core.shell:create_environment_hook('action_service', 'ament_prefix_path')
[0.220s] INFO:colcon.colcon_core.plugin_system:Skipping extension 'colcon_core.shell.bat': Not used on non-Windows systems
[0.220s] INFO:colcon.colcon_core.shell:Creating environment hook '/home/sami/assignment2-ros2/install/action_service/share/action_service/hook/ament_prefix_path.ps1'
[0.220s] INFO:colcon.colcon_core.shell:Creating environment descriptor '/home/sami/assignment2-ros2/install/action_service/share/action_service/hook/ament_prefix_path.dsv'
[0.221s] INFO:colcon.colcon_core.shell:Creating environment hook '/home/sami/assignment2-ros2/install/action_service/share/action_service/hook/ament_prefix_path.sh'
[0.221s] INFO:colcon.colcon_core.shell:Skip shell extension 'powershell' for command environment: Not usable outside of PowerShell
[0.221s] DEBUG:colcon.colcon_core.shell:Skip shell extension 'dsv' for command environment
[0.223s] INFO:colcon.colcon_ros.task.ament_cmake.build:Building ROS package in '/home/sami/assignment2-ros2/src/interfaces' with build type 'ament_cmake'
[0.223s] INFO:colcon.colcon_cmake.task.cmake.build:Building CMake package in '/home/sami/assignment2-ros2/src/interfaces'
[0.224s] INFO:colcon.colcon_core.shell:Skip shell extension 'powershell' for command environment: Not usable outside of PowerShell
[0.224s] DEBUG:colcon.colcon_core.shell:Skip shell extension 'dsv' for command environment
[0.378s] INFO:colcon.colcon_core.task.python.build:Building Python package in '/home/sami/assignment2-ros2/src/action_service'
[0.378s] INFO:colcon.colcon_core.shell:Skip shell extension 'powershell' for command environment: Not usable outside of PowerShell
[0.378s] DEBUG:colcon.colcon_core.shell:Skip shell extension 'dsv' for command environment
[0.383s] DEBUG:colcon.colcon_core.event_handler.log_command:Invoking command in '/home/sami/assignment2-ros2/build/interfaces': CMAKE_PREFIX_PATH=${CMAKE_PREFIX_PATH}:/home/sami/assignment2-ros2/install/action_service:/home/sami/Documents/ros2-assignment2/install/action_service:/opt/ros/humble /usr/bin/cmake /home/sami/assignment2-ros2/src/interfaces -DCMAKE_INSTALL_PREFIX=/home/sami/assignment2-ros2/install/interfaces
[0.602s] DEBUG:colcon.colcon_core.event_handler.log_command:Invoking command in '/home/sami/assignment2-ros2/src/action_service': PYTHONPATH=/home/sami/assignment2-ros2/build/action_service/prefix_override:/usr/lib/python3/dist-packages/colcon_core/task/python/colcon_distutils_commands:/home/sami/assignment2-ros2/install/action_service/lib/python3.10/site-packages:${PYTHONPATH} /usr/bin/python3 -W ignore:setup.py install is deprecated setup.py egg_info --egg-base ../../build/action_service build --build-base /home/sami/assignment2-ros2/build/action_service/build install --record /home/sami/assignment2-ros2/build/action_service/install.log --single-version-externally-managed install_data
[0.792s] DEBUG:colcon.colcon_core.event_handler.log_command:Invoked command in '/home/sami/assignment2-ros2/src/action_service' returned '0': PYTHONPATH=/home/sami/assignment2-ros2/build/action_service/prefix_override:/usr/lib/python3/dist-packages/colcon_core/task/python/colcon_distutils_commands:/home/sami/assignment2-ros2/install/action_service/lib/python3.10/site-packages:${PYTHONPATH} /usr/bin/python3 -W ignore:setup.py install is deprecated setup.py egg_info --egg-base ../../build/action_service build --build-base /home/sami/assignment2-ros2/build/action_service/build install --record /home/sami/assignment2-ros2/build/action_service/install.log --single-version-externally-managed install_data
[0.794s] Level 1:colcon.colcon_core.environment:checking '/home/sami/assignment2-ros2/install/action_service' for CMake module files
[0.794s] Level 1:colcon.colcon_core.environment:checking '/home/sami/assignment2-ros2/install/action_service' for CMake config files
[0.794s] Level 1:colcon.colcon_core.environment:checking '/home/sami/assignment2-ros2/install/action_service/lib'
[0.795s] Level 1:colcon.colcon_core.environment:checking '/home/sami/assignment2-ros2/install/action_service/bin'
[0.795s] Level 1:colcon.colcon_core.environment:checking '/home/sami/assignment2-ros2/install/action_service/lib/pkgconfig/action_service.pc'
[0.795s] Level 1:colcon.colcon_core.environment:checking '/home/sami/assignment2-ros2/install/action_service/lib/python3.10/site-packages'
[0.795s] Level 1:colcon.colcon_core.shell:create_environment_hook('action_service', 'pythonpath')
[0.795s] INFO:colcon.colcon_core.shell:Creating environment hook '/home/sami/assignment2-ros2/install/action_service/share/action_service/hook/pythonpath.ps1'
[0.795s] INFO:colcon.colcon_core.shell:Creating environment descriptor '/home/sami/assignment2-ros2/install/action_service/share/action_service/hook/pythonpath.dsv'
[0.795s] INFO:colcon.colcon_core.shell:Creating environment hook '/home/sami/assignment2-ros2/install/action_service/share/action_service/hook/pythonpath.sh'
[0.796s] Level 1:colcon.colcon_core.environment:checking '/home/sami/assignment2-ros2/install/action_service/bin'
[0.796s] Level 1:colcon.colcon_core.environment:create_environment_scripts_only(action_service)
[0.796s] INFO:colcon.colcon_core.shell:Creating package script '/home/sami/assignment2-ros2/install/action_service/share/action_service/package.ps1'
[0.796s] INFO:colcon.colcon_core.shell:Creating package descriptor '/home/sami/assignment2-ros2/install/action_service/share/action_service/package.dsv'
[0.796s] INFO:colcon.colcon_core.shell:Creating package script '/home/sami/assignment2-ros2/install/action_service/share/action_service/package.sh'
[0.797s] INFO:colcon.colcon_core.shell:Creating package script '/home/sami/assignment2-ros2/install/action_service/share/action_service/package.bash'
[0.797s] INFO:colcon.colcon_core.shell:Creating package script '/home/sami/assignment2-ros2/install/action_service/share/action_service/package.zsh'
[0.797s] Level 1:colcon.colcon_core.environment:create_file_with_runtime_dependencies(/home/sami/assignment2-ros2/install/action_service/share/colcon-core/packages/action_service)
[1.404s] DEBUG:colcon.colcon_core.event_handler.log_command:Invoked command in '/home/sami/assignment2-ros2/build/interfaces' returned '0': CMAKE_PREFIX_PATH=${CMAKE_PREFIX_PATH}:/home/sami/assignment2-ros2/install/action_service:/home/sami/Documents/ros2-assignment2/install/action_service:/opt/ros/humble /usr/bin/cmake /home/sami/assignment2-ros2/src/interfaces -DCMAKE_INSTALL_PREFIX=/home/sami/assignment2-ros2/install/interfaces
[1.406s] DEBUG:colcon.colcon_core.event_handler.log_command:Invoking command in '/home/sami/assignment2-ros2/build/interfaces': CMAKE_PREFIX_PATH=${CMAKE_PREFIX_PATH}:/home/sami/assignment2-ros2/install/action_service:/home/sami/Documents/ros2-assignment2/install/action_service:/opt/ros/humble /usr/bin/cmake --build /home/sami/assignment2-ros2/build/interfaces -- -j8 -l8
[3.850s] DEBUG:colcon.colcon_core.event_handler.log_command:Invoked command in '/home/sami/assignment2-ros2/build/interfaces' returned '0': CMAKE_PREFIX_PATH=${CMAKE_PREFIX_PATH}:/home/sami/assignment2-ros2/install/action_service:/home/sami/Documents/ros2-assignment2/install/action_service:/opt/ros/humble /usr/bin/cmake --build /home/sami/assignment2-ros2/build/interfaces -- -j8 -l8
[3.906s] DEBUG:colcon.colcon_core.event_handler.log_command:Invoking command in '/home/sami/assignment2-ros2/build/interfaces': CMAKE_PREFIX_PATH=${CMAKE_PREFIX_PATH}:/home/sami/assignment2-ros2/install/action_service:/home/sami/Documents/ros2-assignment2/install/action_service:/opt/ros/humble /usr/bin/cmake --install /home/sami/assignment2-ros2/build/interfaces
[3.954s] Level 1:colcon.colcon_core.environment:create_environment_scripts_only(interfaces)
[3.955s] Level 1:colcon.colcon_core.environment:checking '/home/sami/assignment2-ros2/install/interfaces' for CMake module files
[3.955s] DEBUG:colcon.colcon_core.event_handler.log_command:Invoked command in '/home/sami/assignment2-ros2/build/interfaces' returned '0': CMAKE_PREFIX_PATH=${CMAKE_PREFIX_PATH}:/home/sami/assignment2-ros2/install/action_service:/home/sami/Documents/ros2-assignment2/install/action_service:/opt/ros/humble /usr/bin/cmake --install /home/sami/assignment2-ros2/build/interfaces
[3.955s] Level 1:colcon.colcon_core.environment:checking '/home/sami/assignment2-ros2/install/interfaces' for CMake config files
[3.956s] Level 1:colcon.colcon_core.shell:create_environment_hook('interfaces', 'cmake_prefix_path')
[3.956s] INFO:colcon.colcon_core.shell:Creating environment hook '/home/sami/assignment2-ros2/install/interfaces/share/interfaces/hook/cmake_prefix_path.ps1'
[3.956s] INFO:colcon.colcon_core.shell:Creating environment descriptor '/home/sami/assignment2-ros2/install/interfaces/share/interfaces/hook/cmake_prefix_path.dsv'
[3.956s] INFO:colcon.colcon_core.shell:Creating environment hook '/home/sami/assignment2-ros2/install/interfaces/share/interfaces/hook/cmake_prefix_path.sh'
[3.957s] Level 1:colcon.colcon_core.environment:checking '/home/sami/assignment2-ros2/install/interfaces/lib'
[3.957s] Level 1:colcon.colcon_core.shell:create_environment_hook('interfaces', 'ld_library_path_lib')
[3.957s] INFO:colcon.colcon_core.shell:Creating environment hook '/home/sami/assignment2-ros2/install/interfaces/share/interfaces/hook/ld_library_path_lib.ps1'
[3.957s] INFO:colcon.colcon_core.shell:Creating environment descriptor '/home/sami/assignment2-ros2/install/interfaces/share/interfaces/hook/ld_library_path_lib.dsv'
[3.957s] INFO:colcon.colcon_core.shell:Creating environment hook '/home/sami/assignment2-ros2/install/interfaces/share/interfaces/hook/ld_library_path_lib.sh'
[3.957s] Level 1:colcon.colcon_core.environment:checking '/home/sami/assignment2-ros2/install/interfaces/bin'
[3.958s] Level 1:colcon.colcon_core.environment:checking '/home/sami/assignment2-ros2/install/interfaces/lib/pkgconfig/interfaces.pc'
[3.958s] Level 1:colcon.colcon_core.environment:checking '/home/sami/assignment2-ros2/install/interfaces/lib/python3.10/site-packages'
[3.958s] Level 1:colcon.colcon_core.environment:checking '/home/sami/assignment2-ros2/install/interfaces/bin'
[3.958s] INFO:colcon.colcon_core.shell:Creating package script '/home/sami/assignment2-ros2/install/interfaces/share/interfaces/package.ps1'
[3.958s] INFO:colcon.colcon_core.shell:Creating package descriptor '/home/sami/assignment2-ros2/install/interfaces/share/interfaces/package.dsv'
[3.959s] INFO:colcon.colcon_core.shell:Creating package script '/home/sami/assignment2-ros2/install/interfaces/share/interfaces/package.sh'
[3.959s] INFO:colcon.colcon_core.shell:Creating package script '/home/sami/assignment2-ros2/install/interfaces/share/interfaces/package.bash'
[3.959s] INFO:colcon.colcon_core.shell:Creating package script '/home/sami/assignment2-ros2/install/interfaces/share/interfaces/package.zsh'
[3.959s] Level 1:colcon.colcon_core.environment:create_file_with_runtime_dependencies(/home/sami/assignment2-ros2/install/interfaces/share/colcon-core/packages/interfaces)
[4.010s] Level 1:colcon.colcon_core.environment:create_environment_scripts_only(interfaces)
[4.011s] Level 1:colcon.colcon_core.environment:checking '/home/sami/assignment2-ros2/install/interfaces' for CMake module files
[4.011s] Level 1:colcon.colcon_core.environment:checking '/home/sami/assignment2-ros2/install/interfaces' for CMake config files
[4.011s] Level 1:colcon.colcon_core.shell:create_environment_hook('interfaces', 'cmake_prefix_path')
[4.011s] INFO:colcon.colcon_core.shell:Creating environment hook '/home/sami/assignment2-ros2/install/interfaces/share/interfaces/hook/cmake_prefix_path.ps1'
[4.012s] INFO:colcon.colcon_core.shell:Creating environment descriptor '/home/sami/assignment2-ros2/install/interfaces/share/interfaces/hook/cmake_prefix_path.dsv'
[4.012s] INFO:colcon.colcon_core.shell:Creating environment hook '/home/sami/assignment2-ros2/install/interfaces/share/interfaces/hook/cmake_prefix_path.sh'
[4.012s] Level 1:colcon.colcon_core.environment:checking '/home/sami/assignment2-ros2/install/interfaces/lib'
[4.012s] Level 1:colcon.colcon_core.shell:create_environment_hook('interfaces', 'ld_library_path_lib')
[4.012s] INFO:colcon.colcon_core.shell:Creating environment hook '/home/sami/assignment2-ros2/install/interfaces/share/interfaces/hook/ld_library_path_lib.ps1'
[4.013s] INFO:colcon.colcon_core.shell:Creating environment descriptor '/home/sami/assignment2-ros2/install/interfaces/share/interfaces/hook/ld_library_path_lib.dsv'
[4.013s] INFO:colcon.colcon_core.shell:Creating environment hook '/home/sami/assignment2-ros2/install/interfaces/share/interfaces/hook/ld_library_path_lib.sh'
[4.013s] Level 1:colcon.colcon_core.environment:checking '/home/sami/assignment2-ros2/install/interfaces/bin'
[4.013s] Level 1:colcon.colcon_core.environment:checking '/home/sami/assignment2-ros2/install/interfaces/lib/pkgconfig/interfaces.pc'
[4.013s] Level 1:colcon.colcon_core.environment:checking '/home/sami/assignment2-ros2/install/interfaces/lib/python3.10/site-packages'
[4.013s] Level 1:colcon.colcon_core.environment:checking '/home/sami/assignment2-ros2/install/interfaces/bin'
[4.013s] INFO:colcon.colcon_core.shell:Creating package script '/home/sami/assignment2-ros2/install/interfaces/share/interfaces/package.ps1'
[4.014s] INFO:colcon.colcon_core.shell:Creating package descriptor '/home/sami/assignment2-ros2/install/interfaces/share/interfaces/package.dsv'
[4.014s] INFO:colcon.colcon_core.shell:Creating package script '/home/sami/assignment2-ros2/install/interfaces/share/interfaces/package.sh'
[4.014s] INFO:colcon.colcon_core.shell:Creating package script '/home/sami/assignment2-ros2/install/interfaces/share/interfaces/package.bash'
[4.014s] INFO:colcon.colcon_core.shell:Creating package script '/home/sami/assignment2-ros2/install/interfaces/share/interfaces/package.zsh'
[4.015s] Level 1:colcon.colcon_core.environment:create_file_with_runtime_dependencies(/home/sami/assignment2-ros2/install/interfaces/share/colcon-core/packages/interfaces)
[4.015s] DEBUG:colcon.colcon_parallel_executor.executor.parallel:closing loop
[4.015s] DEBUG:colcon.colcon_parallel_executor.executor.parallel:loop closed
[4.015s] DEBUG:colcon.colcon_parallel_executor.executor.parallel:run_until_complete finished with '0'
[4.015s] DEBUG:colcon.colcon_core.event_reactor:joining thread
[4.019s] INFO:colcon.colcon_core.plugin_system:Skipping extension 'colcon_notification.desktop_notification.terminal_notifier': Not used on non-Darwin systems
[4.019s] INFO:colcon.colcon_core.plugin_system:Skipping extension 'colcon_notification.desktop_notification.win32': Not used on non-Windows systems
[4.019s] INFO:colcon.colcon_notification.desktop_notification:Sending desktop notification using 'notify2'
[4.027s] DEBUG:colcon.colcon_core.event_reactor:joined thread
[4.028s] INFO:colcon.colcon_core.shell:Creating prefix script '/home/sami/assignment2-ros2/install/local_setup.ps1'
[4.028s] INFO:colcon.colcon_core.shell:Creating prefix util module '/home/sami/assignment2-ros2/install/_local_setup_util_ps1.py'
[4.029s] INFO:colcon.colcon_core.shell:Creating prefix chain script '/home/sami/assignment2-ros2/install/setup.ps1'
[4.030s] INFO:colcon.colcon_core.shell:Creating prefix script '/home/sami/assignment2-ros2/install/local_setup.sh'
[4.030s] INFO:colcon.colcon_core.shell:Creating prefix util module '/home/sami/assignment2-ros2/install/_local_setup_util_sh.py'
[4.031s] INFO:colcon.colcon_core.shell:Creating prefix chain script '/home/sami/assignment2-ros2/install/setup.sh'
[4.031s] INFO:colcon.colcon_core.shell:Creating prefix script '/home/sami/assignment2-ros2/install/local_setup.bash'
[4.031s] INFO:colcon.colcon_core.shell:Creating prefix chain script '/home/sami/assignment2-ros2/install/setup.bash'
[4.032s] INFO:colcon.colcon_core.shell:Creating prefix script '/home/sami/assignment2-ros2/install/local_setup.zsh'
[4.033s] INFO:colcon.colcon_core.shell:Creating prefix chain script '/home/sami/assignment2-ros2/install/setup.zsh'
