-- Found ament_cmake: 1.3.9 (/opt/ros/humble/share/ament_cmake/cmake)
-- Found rosidl_default_generators: 1.2.0 (/opt/ros/humble/share/rosidl_default_generators/cmake)
-- Using all available rosidl_typesupport_c: rosidl_typesupport_fastrtps_c;rosidl_typesupport_introspection_c
-- Found rosidl_adapter: 3.1.5 (/opt/ros/humble/share/rosidl_adapter/cmake)
-- Using all available rosidl_typesupport_cpp: rosidl_typesupport_fastrtps_cpp;rosidl_typesupport_introspection_cpp
-- Found ament_cmake_ros: 0.10.0 (/opt/ros/humble/share/ament_cmake_ros/cmake)
-- Using all available rosidl_typesupport_c: rosidl_typesupport_fastrtps_c;rosidl_typesupport_introspection_c
-- Using all available rosidl_typesupport_cpp: rosidl_typesupport_fastrtps_cpp;rosidl_typesupport_introspection_cpp
-- Found python_cmake_module: 0.10.0 (/opt/ros/humble/share/python_cmake_module/cmake)
-- Using PYTHON_EXECUTABLE: /usr/bin/python3
-- Using PYTHON_INCLUDE_DIRS: /usr/include/python3.10
-- Using PYTHON_LIBRARIES: /usr/lib/x86_64-linux-gnu/libpython3.10.so
-- Found ament_lint_auto: 0.12.11 (/opt/ros/humble/share/ament_lint_auto/cmake)
-- Added test 'lint_cmake' to check CMake code style
-- Added test 'xmllint' to check XML markup files
-- Configuring done
-- Generating done
-- Build files have been written to: /home/sami/assignment2-ros2/build/interfaces
[35m[1mConsolidate compiler generated dependencies of target interfaces__rosidl_generator_c[0m
[  2%] Built target interfaces__cpp
[ 12%] Built target interfaces__rosidl_generator_c
[35m[1mConsolidate compiler generated dependencies of target interfaces__rosidl_typesupport_cpp[0m
[35m[1mConsolidate compiler generated dependencies of target interfaces__rosidl_typesupport_fastrtps_cpp[0m
[35m[1mConsolidate compiler generated dependencies of target interfaces__rosidl_typesupport_introspection_c[0m
[35m[1mConsolidate compiler generated dependencies of target interfaces__rosidl_typesupport_introspection_cpp[0m
[35m[1mConsolidate compiler generated dependencies of target interfaces__rosidl_typesupport_fastrtps_c[0m
[35m[1mConsolidate compiler generated dependencies of target interfaces__rosidl_typesupport_c[0m
[ 12%] Built target ament_cmake_python_copy_interfaces
[ 33%] Built target interfaces__rosidl_typesupport_introspection_c
[ 33%] Built target interfaces__rosidl_typesupport_c
[ 53%] Built target interfaces__rosidl_typesupport_cpp
[ 53%] Built target interfaces__rosidl_typesupport_fastrtps_cpp
[ 64%] Built target interfaces__rosidl_typesupport_introspection_cpp
[ 74%] Built target interfaces__rosidl_typesupport_fastrtps_c
[ 74%] Built target interfaces
[ 76%] Built target interfaces__py
[35m[1mConsolidate compiler generated dependencies of target interfaces__rosidl_generator_py[0m
[ 84%] Built target interfaces__rosidl_generator_py
[35m[1mConsolidate compiler generated dependencies of target interfaces__rosidl_typesupport_fastrtps_c__pyext[0m
[35m[1mConsolidate compiler generated dependencies of target interfaces__rosidl_typesupport_c__pyext[0m
[35m[1mConsolidate compiler generated dependencies of target interfaces__rosidl_typesupport_introspection_c__pyext[0m
[ 89%] Built target interfaces__rosidl_typesupport_fastrtps_c__pyext
[ 94%] Built target interfaces__rosidl_typesupport_introspection_c__pyext
[100%] Built target interfaces__rosidl_typesupport_c__pyext
running egg_info
writing interfaces.egg-info/PKG-INFO
writing dependency_links to interfaces.egg-info/dependency_links.txt
writing top-level names to interfaces.egg-info/top_level.txt
reading manifest file 'interfaces.egg-info/SOURCES.txt'
writing manifest file 'interfaces.egg-info/SOURCES.txt'
[100%] Built target ament_cmake_python_build_interfaces_egg
-- Install configuration: ""
-- Up-to-date: /home/sami/assignment2-ros2/install/interfaces/share/ament_index/resource_index/rosidl_interfaces/interfaces
-- Up-to-date: /home/sami/assignment2-ros2/install/interfaces/include/interfaces/interfaces
-- Up-to-date: /home/sami/assignment2-ros2/install/interfaces/include/interfaces/interfaces/srv
-- Up-to-date: /home/sami/assignment2-ros2/install/interfaces/include/interfaces/interfaces/srv/check_stock.h
-- Up-to-date: /home/sami/assignment2-ros2/install/interfaces/include/interfaces/interfaces/srv/detail
-- Up-to-date: /home/sami/assignment2-ros2/install/interfaces/include/interfaces/interfaces/srv/detail/check_stock__functions.c
-- Up-to-date: /home/sami/assignment2-ros2/install/interfaces/include/interfaces/interfaces/srv/detail/check_stock__type_support.h
-- Up-to-date: /home/sami/assignment2-ros2/install/interfaces/include/interfaces/interfaces/srv/detail/check_stock__functions.h
-- Up-to-date: /home/sami/assignment2-ros2/install/interfaces/include/interfaces/interfaces/srv/detail/check_stock__struct.h
-- Up-to-date: /home/sami/assignment2-ros2/install/interfaces/include/interfaces/interfaces/action
-- Up-to-date: /home/sami/assignment2-ros2/install/interfaces/include/interfaces/interfaces/action/deliver_item.h
-- Up-to-date: /home/sami/assignment2-ros2/install/interfaces/include/interfaces/interfaces/action/detail
-- Up-to-date: /home/sami/assignment2-ros2/install/interfaces/include/interfaces/interfaces/action/detail/deliver_item__functions.h
-- Up-to-date: /home/sami/assignment2-ros2/install/interfaces/include/interfaces/interfaces/action/detail/deliver_item__type_support.h
-- Up-to-date: /home/sami/assignment2-ros2/install/interfaces/include/interfaces/interfaces/action/detail/deliver_item__functions.c
-- Up-to-date: /home/sami/assignment2-ros2/install/interfaces/include/interfaces/interfaces/action/detail/deliver_item__struct.h
-- Up-to-date: /home/sami/assignment2-ros2/install/interfaces/include/interfaces/interfaces/msg
-- Up-to-date: /home/sami/assignment2-ros2/install/interfaces/include/interfaces/interfaces/msg/rosidl_generator_c__visibility_control.h
-- Up-to-date: /home/sami/assignment2-ros2/install/interfaces/share/interfaces/environment/library_path.sh
-- Installing: /home/sami/assignment2-ros2/install/interfaces/share/interfaces/environment/library_path.dsv
-- Up-to-date: /home/sami/assignment2-ros2/install/interfaces/lib/libinterfaces__rosidl_generator_c.so
-- Up-to-date: /home/sami/assignment2-ros2/install/interfaces/include/interfaces/interfaces
-- Up-to-date: /home/sami/assignment2-ros2/install/interfaces/include/interfaces/interfaces/srv
-- Up-to-date: /home/sami/assignment2-ros2/install/interfaces/include/interfaces/interfaces/srv/detail
-- Up-to-date: /home/sami/assignment2-ros2/install/interfaces/include/interfaces/interfaces/srv/detail/check_stock__rosidl_typesupport_fastrtps_c.h
-- Up-to-date: /home/sami/assignment2-ros2/install/interfaces/include/interfaces/interfaces/action
-- Up-to-date: /home/sami/assignment2-ros2/install/interfaces/include/interfaces/interfaces/action/detail
-- Up-to-date: /home/sami/assignment2-ros2/install/interfaces/include/interfaces/interfaces/action/detail/deliver_item__rosidl_typesupport_fastrtps_c.h
-- Up-to-date: /home/sami/assignment2-ros2/install/interfaces/include/interfaces/interfaces/msg
-- Up-to-date: /home/sami/assignment2-ros2/install/interfaces/include/interfaces/interfaces/msg/rosidl_typesupport_fastrtps_c__visibility_control.h
-- Up-to-date: /home/sami/assignment2-ros2/install/interfaces/lib/libinterfaces__rosidl_typesupport_fastrtps_c.so
-- Up-to-date: /home/sami/assignment2-ros2/install/interfaces/include/interfaces/interfaces
-- Up-to-date: /home/sami/assignment2-ros2/install/interfaces/include/interfaces/interfaces/srv
-- Up-to-date: /home/sami/assignment2-ros2/install/interfaces/include/interfaces/interfaces/srv/detail
-- Up-to-date: /home/sami/assignment2-ros2/install/interfaces/include/interfaces/interfaces/srv/detail/check_stock__rosidl_typesupport_introspection_c.h
-- Up-to-date: /home/sami/assignment2-ros2/install/interfaces/include/interfaces/interfaces/srv/detail/check_stock__type_support.c
-- Up-to-date: /home/sami/assignment2-ros2/install/interfaces/include/interfaces/interfaces/action
-- Up-to-date: /home/sami/assignment2-ros2/install/interfaces/include/interfaces/interfaces/action/detail
-- Up-to-date: /home/sami/assignment2-ros2/install/interfaces/include/interfaces/interfaces/action/detail/deliver_item__type_support.c
-- Up-to-date: /home/sami/assignment2-ros2/install/interfaces/include/interfaces/interfaces/action/detail/deliver_item__rosidl_typesupport_introspection_c.h
-- Up-to-date: /home/sami/assignment2-ros2/install/interfaces/include/interfaces/interfaces/msg
-- Up-to-date: /home/sami/assignment2-ros2/install/interfaces/include/interfaces/interfaces/msg/rosidl_typesupport_introspection_c__visibility_control.h
-- Up-to-date: /home/sami/assignment2-ros2/install/interfaces/lib/libinterfaces__rosidl_typesupport_introspection_c.so
-- Up-to-date: /home/sami/assignment2-ros2/install/interfaces/lib/libinterfaces__rosidl_typesupport_c.so
-- Up-to-date: /home/sami/assignment2-ros2/install/interfaces/include/interfaces/interfaces
-- Up-to-date: /home/sami/assignment2-ros2/install/interfaces/include/interfaces/interfaces/srv
-- Up-to-date: /home/sami/assignment2-ros2/install/interfaces/include/interfaces/interfaces/srv/detail
-- Up-to-date: /home/sami/assignment2-ros2/install/interfaces/include/interfaces/interfaces/srv/detail/check_stock__struct.hpp
-- Up-to-date: /home/sami/assignment2-ros2/install/interfaces/include/interfaces/interfaces/srv/detail/check_stock__traits.hpp
-- Up-to-date: /home/sami/assignment2-ros2/install/interfaces/include/interfaces/interfaces/srv/detail/check_stock__builder.hpp
-- Up-to-date: /home/sami/assignment2-ros2/install/interfaces/include/interfaces/interfaces/srv/check_stock.hpp
-- Up-to-date: /home/sami/assignment2-ros2/install/interfaces/include/interfaces/interfaces/action
-- Up-to-date: /home/sami/assignment2-ros2/install/interfaces/include/interfaces/interfaces/action/detail
-- Up-to-date: /home/sami/assignment2-ros2/install/interfaces/include/interfaces/interfaces/action/detail/deliver_item__builder.hpp
-- Up-to-date: /home/sami/assignment2-ros2/install/interfaces/include/interfaces/interfaces/action/detail/deliver_item__traits.hpp
-- Up-to-date: /home/sami/assignment2-ros2/install/interfaces/include/interfaces/interfaces/action/detail/deliver_item__struct.hpp
-- Up-to-date: /home/sami/assignment2-ros2/install/interfaces/include/interfaces/interfaces/action/deliver_item.hpp
-- Up-to-date: /home/sami/assignment2-ros2/install/interfaces/include/interfaces/interfaces
-- Up-to-date: /home/sami/assignment2-ros2/install/interfaces/include/interfaces/interfaces/srv
-- Up-to-date: /home/sami/assignment2-ros2/install/interfaces/include/interfaces/interfaces/srv/detail
-- Up-to-date: /home/sami/assignment2-ros2/install/interfaces/include/interfaces/interfaces/srv/detail/dds_fastrtps
-- Up-to-date: /home/sami/assignment2-ros2/install/interfaces/include/interfaces/interfaces/srv/detail/check_stock__rosidl_typesupport_fastrtps_cpp.hpp
-- Up-to-date: /home/sami/assignment2-ros2/install/interfaces/include/interfaces/interfaces/action
-- Up-to-date: /home/sami/assignment2-ros2/install/interfaces/include/interfaces/interfaces/action/detail
-- Up-to-date: /home/sami/assignment2-ros2/install/interfaces/include/interfaces/interfaces/action/detail/deliver_item__rosidl_typesupport_fastrtps_cpp.hpp
-- Up-to-date: /home/sami/assignment2-ros2/install/interfaces/include/interfaces/interfaces/action/detail/dds_fastrtps
-- Up-to-date: /home/sami/assignment2-ros2/install/interfaces/include/interfaces/interfaces/msg
-- Up-to-date: /home/sami/assignment2-ros2/install/interfaces/include/interfaces/interfaces/msg/rosidl_typesupport_fastrtps_cpp__visibility_control.h
-- Up-to-date: /home/sami/assignment2-ros2/install/interfaces/lib/libinterfaces__rosidl_typesupport_fastrtps_cpp.so
-- Up-to-date: /home/sami/assignment2-ros2/install/interfaces/include/interfaces/interfaces
-- Up-to-date: /home/sami/assignment2-ros2/install/interfaces/include/interfaces/interfaces/srv
-- Up-to-date: /home/sami/assignment2-ros2/install/interfaces/include/interfaces/interfaces/srv/detail
-- Up-to-date: /home/sami/assignment2-ros2/install/interfaces/include/interfaces/interfaces/srv/detail/check_stock__rosidl_typesupport_introspection_cpp.hpp
-- Up-to-date: /home/sami/assignment2-ros2/install/interfaces/include/interfaces/interfaces/srv/detail/check_stock__type_support.cpp
-- Up-to-date: /home/sami/assignment2-ros2/install/interfaces/include/interfaces/interfaces/action
-- Up-to-date: /home/sami/assignment2-ros2/install/interfaces/include/interfaces/interfaces/action/detail
-- Up-to-date: /home/sami/assignment2-ros2/install/interfaces/include/interfaces/interfaces/action/detail/deliver_item__type_support.cpp
-- Up-to-date: /home/sami/assignment2-ros2/install/interfaces/include/interfaces/interfaces/action/detail/deliver_item__rosidl_typesupport_introspection_cpp.hpp
-- Up-to-date: /home/sami/assignment2-ros2/install/interfaces/lib/libinterfaces__rosidl_typesupport_introspection_cpp.so
-- Up-to-date: /home/sami/assignment2-ros2/install/interfaces/lib/libinterfaces__rosidl_typesupport_cpp.so
-- Up-to-date: /home/sami/assignment2-ros2/install/interfaces/share/interfaces/environment/pythonpath.sh
-- Installing: /home/sami/assignment2-ros2/install/interfaces/share/interfaces/environment/pythonpath.dsv
-- Up-to-date: /home/sami/assignment2-ros2/install/interfaces/local/lib/python3.10/dist-packages/interfaces-0.0.0-py3.10.egg-info
-- Installing: /home/sami/assignment2-ros2/install/interfaces/local/lib/python3.10/dist-packages/interfaces-0.0.0-py3.10.egg-info/top_level.txt
-- Installing: /home/sami/assignment2-ros2/install/interfaces/local/lib/python3.10/dist-packages/interfaces-0.0.0-py3.10.egg-info/PKG-INFO
-- Installing: /home/sami/assignment2-ros2/install/interfaces/local/lib/python3.10/dist-packages/interfaces-0.0.0-py3.10.egg-info/SOURCES.txt
-- Installing: /home/sami/assignment2-ros2/install/interfaces/local/lib/python3.10/dist-packages/interfaces-0.0.0-py3.10.egg-info/dependency_links.txt
-- Up-to-date: /home/sami/assignment2-ros2/install/interfaces/local/lib/python3.10/dist-packages/interfaces
-- Up-to-date: /home/sami/assignment2-ros2/install/interfaces/local/lib/python3.10/dist-packages/interfaces/srv
-- Up-to-date: /home/sami/assignment2-ros2/install/interfaces/local/lib/python3.10/dist-packages/interfaces/srv/_check_stock_s.c
-- Up-to-date: /home/sami/assignment2-ros2/install/interfaces/local/lib/python3.10/dist-packages/interfaces/srv/__init__.py
-- Up-to-date: /home/sami/assignment2-ros2/install/interfaces/local/lib/python3.10/dist-packages/interfaces/srv/_check_stock.py
-- Up-to-date: /home/sami/assignment2-ros2/install/interfaces/local/lib/python3.10/dist-packages/interfaces/interfaces_s__rosidl_typesupport_fastrtps_c.cpython-310-x86_64-linux-gnu.so
-- Up-to-date: /home/sami/assignment2-ros2/install/interfaces/local/lib/python3.10/dist-packages/interfaces/interfaces_s__rosidl_typesupport_c.cpython-310-x86_64-linux-gnu.so
-- Up-to-date: /home/sami/assignment2-ros2/install/interfaces/local/lib/python3.10/dist-packages/interfaces/_interfaces_s.ep.rosidl_typesupport_c.c
-- Up-to-date: /home/sami/assignment2-ros2/install/interfaces/local/lib/python3.10/dist-packages/interfaces/action
-- Up-to-date: /home/sami/assignment2-ros2/install/interfaces/local/lib/python3.10/dist-packages/interfaces/action/_deliver_item.py
-- Up-to-date: /home/sami/assignment2-ros2/install/interfaces/local/lib/python3.10/dist-packages/interfaces/action/_deliver_item_s.c
-- Up-to-date: /home/sami/assignment2-ros2/install/interfaces/local/lib/python3.10/dist-packages/interfaces/action/__init__.py
-- Up-to-date: /home/sami/assignment2-ros2/install/interfaces/local/lib/python3.10/dist-packages/interfaces/_interfaces_s.ep.rosidl_typesupport_fastrtps_c.c
-- Up-to-date: /home/sami/assignment2-ros2/install/interfaces/local/lib/python3.10/dist-packages/interfaces/_interfaces_s.ep.rosidl_typesupport_introspection_c.c
-- Up-to-date: /home/sami/assignment2-ros2/install/interfaces/local/lib/python3.10/dist-packages/interfaces/interfaces_s__rosidl_typesupport_introspection_c.cpython-310-x86_64-linux-gnu.so
-- Installing: /home/sami/assignment2-ros2/install/interfaces/local/lib/python3.10/dist-packages/interfaces/__init__.py
-- Up-to-date: /home/sami/assignment2-ros2/install/interfaces/local/lib/python3.10/dist-packages/interfaces/libinterfaces__rosidl_generator_py.so
Listing '/home/sami/assignment2-ros2/install/interfaces/local/lib/python3.10/dist-packages/interfaces'...
Compiling '/home/sami/assignment2-ros2/install/interfaces/local/lib/python3.10/dist-packages/interfaces/__init__.py'...
Listing '/home/sami/assignment2-ros2/install/interfaces/local/lib/python3.10/dist-packages/interfaces/action'...
Listing '/home/sami/assignment2-ros2/install/interfaces/local/lib/python3.10/dist-packages/interfaces/srv'...
-- Up-to-date: /home/sami/assignment2-ros2/install/interfaces/local/lib/python3.10/dist-packages/interfaces/interfaces_s__rosidl_typesupport_fastrtps_c.cpython-310-x86_64-linux-gnu.so
-- Up-to-date: /home/sami/assignment2-ros2/install/interfaces/local/lib/python3.10/dist-packages/interfaces/interfaces_s__rosidl_typesupport_introspection_c.cpython-310-x86_64-linux-gnu.so
-- Up-to-date: /home/sami/assignment2-ros2/install/interfaces/local/lib/python3.10/dist-packages/interfaces/interfaces_s__rosidl_typesupport_c.cpython-310-x86_64-linux-gnu.so
-- Up-to-date: /home/sami/assignment2-ros2/install/interfaces/lib/libinterfaces__rosidl_generator_py.so
-- Up-to-date: /home/sami/assignment2-ros2/install/interfaces/share/interfaces/action/DeliverItem.idl
-- Up-to-date: /home/sami/assignment2-ros2/install/interfaces/share/interfaces/srv/CheckStock.idl
-- Up-to-date: /home/sami/assignment2-ros2/install/interfaces/share/interfaces/action/DeliverItem.action
-- Up-to-date: /home/sami/assignment2-ros2/install/interfaces/share/interfaces/srv/CheckStock.srv
-- Up-to-date: /home/sami/assignment2-ros2/install/interfaces/share/interfaces/srv/CheckStock_Request.msg
-- Up-to-date: /home/sami/assignment2-ros2/install/interfaces/share/interfaces/srv/CheckStock_Response.msg
-- Installing: /home/sami/assignment2-ros2/install/interfaces/share/ament_index/resource_index/package_run_dependencies/interfaces
-- Installing: /home/sami/assignment2-ros2/install/interfaces/share/ament_index/resource_index/parent_prefix_path/interfaces
-- Up-to-date: /home/sami/assignment2-ros2/install/interfaces/share/interfaces/environment/ament_prefix_path.sh
-- Installing: /home/sami/assignment2-ros2/install/interfaces/share/interfaces/environment/ament_prefix_path.dsv
-- Up-to-date: /home/sami/assignment2-ros2/install/interfaces/share/interfaces/environment/path.sh
-- Installing: /home/sami/assignment2-ros2/install/interfaces/share/interfaces/environment/path.dsv
-- Up-to-date: /home/sami/assignment2-ros2/install/interfaces/share/interfaces/local_setup.bash
-- Up-to-date: /home/sami/assignment2-ros2/install/interfaces/share/interfaces/local_setup.sh
-- Up-to-date: /home/sami/assignment2-ros2/install/interfaces/share/interfaces/local_setup.zsh
-- Installing: /home/sami/assignment2-ros2/install/interfaces/share/interfaces/local_setup.dsv
-- Installing: /home/sami/assignment2-ros2/install/interfaces/share/interfaces/package.dsv
-- Up-to-date: /home/sami/assignment2-ros2/install/interfaces/share/ament_index/resource_index/packages/interfaces
-- Up-to-date: /home/sami/assignment2-ros2/install/interfaces/share/interfaces/cmake/export_interfaces__rosidl_generator_cExport.cmake
-- Up-to-date: /home/sami/assignment2-ros2/install/interfaces/share/interfaces/cmake/export_interfaces__rosidl_generator_cExport-noconfig.cmake
-- Up-to-date: /home/sami/assignment2-ros2/install/interfaces/share/interfaces/cmake/export_interfaces__rosidl_typesupport_fastrtps_cExport.cmake
-- Up-to-date: /home/sami/assignment2-ros2/install/interfaces/share/interfaces/cmake/export_interfaces__rosidl_typesupport_fastrtps_cExport-noconfig.cmake
-- Up-to-date: /home/sami/assignment2-ros2/install/interfaces/share/interfaces/cmake/interfaces__rosidl_typesupport_introspection_cExport.cmake
-- Up-to-date: /home/sami/assignment2-ros2/install/interfaces/share/interfaces/cmake/interfaces__rosidl_typesupport_introspection_cExport-noconfig.cmake
-- Up-to-date: /home/sami/assignment2-ros2/install/interfaces/share/interfaces/cmake/interfaces__rosidl_typesupport_cExport.cmake
-- Up-to-date: /home/sami/assignment2-ros2/install/interfaces/share/interfaces/cmake/interfaces__rosidl_typesupport_cExport-noconfig.cmake
-- Up-to-date: /home/sami/assignment2-ros2/install/interfaces/share/interfaces/cmake/export_interfaces__rosidl_generator_cppExport.cmake
-- Up-to-date: /home/sami/assignment2-ros2/install/interfaces/share/interfaces/cmake/export_interfaces__rosidl_typesupport_fastrtps_cppExport.cmake
-- Up-to-date: /home/sami/assignment2-ros2/install/interfaces/share/interfaces/cmake/export_interfaces__rosidl_typesupport_fastrtps_cppExport-noconfig.cmake
-- Up-to-date: /home/sami/assignment2-ros2/install/interfaces/share/interfaces/cmake/interfaces__rosidl_typesupport_introspection_cppExport.cmake
-- Up-to-date: /home/sami/assignment2-ros2/install/interfaces/share/interfaces/cmake/interfaces__rosidl_typesupport_introspection_cppExport-noconfig.cmake
-- Up-to-date: /home/sami/assignment2-ros2/install/interfaces/share/interfaces/cmake/interfaces__rosidl_typesupport_cppExport.cmake
-- Up-to-date: /home/sami/assignment2-ros2/install/interfaces/share/interfaces/cmake/interfaces__rosidl_typesupport_cppExport-noconfig.cmake
-- Up-to-date: /home/sami/assignment2-ros2/install/interfaces/share/interfaces/cmake/export_interfaces__rosidl_generator_pyExport.cmake
-- Up-to-date: /home/sami/assignment2-ros2/install/interfaces/share/interfaces/cmake/export_interfaces__rosidl_generator_pyExport-noconfig.cmake
-- Up-to-date: /home/sami/assignment2-ros2/install/interfaces/share/interfaces/cmake/rosidl_cmake-extras.cmake
-- Up-to-date: /home/sami/assignment2-ros2/install/interfaces/share/interfaces/cmake/ament_cmake_export_dependencies-extras.cmake
-- Up-to-date: /home/sami/assignment2-ros2/install/interfaces/share/interfaces/cmake/ament_cmake_export_include_directories-extras.cmake
-- Up-to-date: /home/sami/assignment2-ros2/install/interfaces/share/interfaces/cmake/ament_cmake_export_libraries-extras.cmake
-- Up-to-date: /home/sami/assignment2-ros2/install/interfaces/share/interfaces/cmake/ament_cmake_export_targets-extras.cmake
-- Up-to-date: /home/sami/assignment2-ros2/install/interfaces/share/interfaces/cmake/rosidl_cmake_export_typesupport_targets-extras.cmake
-- Up-to-date: /home/sami/assignment2-ros2/install/interfaces/share/interfaces/cmake/rosidl_cmake_export_typesupport_libraries-extras.cmake
-- Up-to-date: /home/sami/assignment2-ros2/install/interfaces/share/interfaces/cmake/interfacesConfig.cmake
-- Up-to-date: /home/sami/assignment2-ros2/install/interfaces/share/interfaces/cmake/interfacesConfig-version.cmake
-- Installing: /home/sami/assignment2-ros2/install/interfaces/share/interfaces/package.xml
