[0.437s] Invoking command in '/home/sami/assignment2-ros2/src/action_service': PYTHONPATH=/home/sami/assignment2-ros2/build/action_service/prefix_override:/usr/lib/python3/dist-packages/colcon_core/task/python/colcon_distutils_commands:/home/sami/assignment2-ros2/install/action_service/lib/python3.10/site-packages:${PYTHONPATH} /usr/bin/python3 -W ignore:setup.py install is deprecated setup.py egg_info --egg-base ../../build/action_service build --build-base /home/sami/assignment2-ros2/build/action_service/build install --record /home/sami/assignment2-ros2/build/action_service/install.log --single-version-externally-managed install_data
[0.601s] running egg_info
[0.602s] writing ../../build/action_service/action_service.egg-info/PKG-INFO
[0.602s] writing dependency_links to ../../build/action_service/action_service.egg-info/dependency_links.txt
[0.602s] writing entry points to ../../build/action_service/action_service.egg-info/entry_points.txt
[0.602s] writing requirements to ../../build/action_service/action_service.egg-info/requires.txt
[0.602s] writing top-level names to ../../build/action_service/action_service.egg-info/top_level.txt
[0.604s] reading manifest file '../../build/action_service/action_service.egg-info/SOURCES.txt'
[0.604s] writing manifest file '../../build/action_service/action_service.egg-info/SOURCES.txt'
[0.604s] running build
[0.604s] running build_py
[0.604s] copying action_service/Stock_Checker_Client.py -> /home/sami/assignment2-ros2/build/action_service/build/lib/action_service
[0.605s] running install
[0.605s] running install_lib
[0.605s] copying /home/sami/assignment2-ros2/build/action_service/build/lib/action_service/Stock_Checker_Client.py -> /home/sami/assignment2-ros2/install/action_service/lib/python3.10/site-packages/action_service
[0.606s] byte-compiling /home/sami/assignment2-ros2/install/action_service/lib/python3.10/site-packages/action_service/Stock_Checker_Client.py to Stock_Checker_Client.cpython-310.pyc
[0.607s] running install_data
[0.607s] running install_egg_info
[0.608s] removing '/home/sami/assignment2-ros2/install/action_service/lib/python3.10/site-packages/action_service-0.0.0-py3.10.egg-info' (and everything under it)
[0.608s] Copying ../../build/action_service/action_service.egg-info to /home/sami/assignment2-ros2/install/action_service/lib/python3.10/site-packages/action_service-0.0.0-py3.10.egg-info
[0.608s] running install_scripts
[0.623s] Installing handle_items script to /home/sami/assignment2-ros2/install/action_service/lib/action_service
[0.624s] Installing item_delivery_action_client script to /home/sami/assignment2-ros2/install/action_service/lib/action_service
[0.624s] Installing stock_checker_service_client script to /home/sami/assignment2-ros2/install/action_service/lib/action_service
[0.624s] Installing stock_checker_service_server script to /home/sami/assignment2-ros2/install/action_service/lib/action_service
[0.624s] writing list of installed files to '/home/sami/assignment2-ros2/build/action_service/install.log'
[0.643s] Invoked command in '/home/sami/assignment2-ros2/src/action_service' returned '0': PYTHONPATH=/home/sami/assignment2-ros2/build/action_service/prefix_override:/usr/lib/python3/dist-packages/colcon_core/task/python/colcon_distutils_commands:/home/sami/assignment2-ros2/install/action_service/lib/python3.10/site-packages:${PYTHONPATH} /usr/bin/python3 -W ignore:setup.py install is deprecated setup.py egg_info --egg-base ../../build/action_service build --build-base /home/sami/assignment2-ros2/build/action_service/build install --record /home/sami/assignment2-ros2/build/action_service/install.log --single-version-externally-managed install_data
